{
  "meta": {
    "server": "fast106",
    "index": "index-11408-13176_2026-06-30",
    "query_time": "2026-06-30T11:03:23.334558",
    "hash": "12fe0578cf7c"
  },
  "request": {
    "params": {
      "ignoreThrottled": true,
      "preference": 1780483834299,
      "index": "index-11408-13176_2026-06-30",
      "body": {
        "version": true,
        "size": 30,
        "sort": [
          {
            "timestamp": {
              "order": "desc",
              "unmapped_type": "boolean"
            }
          }
        ],
        "aggs": {
          "2": {
            "date_histogram": {
              "field": "timestamp",
              "fixed_interval": "30s",
              "time_zone": "Asia/Shanghai",
              "min_doc_count": 1
            }
          }
        },
        "stored_fields": [
          "*"
        ],
        "script_fields": {},
        "docvalue_fields": [
          {
            "field": "timestamp",
            "format": "date_time"
          }
        ],
        "_source": {
          "excludes": []
        },
        "query": {
          "bool": {
            "must": [
              {
                "query_string": {
                  "query": "Consumer",
                  "analyze_wildcard": true,
                  "time_zone": "Asia/Shanghai"
                }
              }
            ],
            "filter": [
              {
                "range": {
                  "timestamp": {
                    "gte": "2026-06-30T02:43:30.000Z",
                    "lte": "2026-06-30T02:45:30.000Z",
                    "format": "strict_date_optional_time"
                  }
                }
              }
            ],
            "should": [],
            "must_not": []
          }
        },
        "highlight": {
          "pre_tags": [
            "@kibana-highlighted-field@"
          ],
          "post_tags": [
            "@/kibana-highlighted-field@"
          ],
          "fields": {
            "*": {}
          },
          "fragment_size": 2147483647
        }
      },
      "rest_total_hits_as_int": true,
      "ignore_unavailable": true,
      "ignore_throttled": true,
      "timeout": "30000ms"
    },
    "serverStrategy": "es"
  },
  "response": {
    "is_partial": false,
    "is_running": false,
    "rawResponse": {
      "took": 375,
      "timed_out": false,
      "_shards": {
        "total": 3,
        "successful": 3,
        "skipped": 0,
        "failed": 0
      },
      "hits": {
        "total": 1,
        "max_score": null,
        "hits": [
          {
            "_index": "index-11408-13176_2026-06-30",
            "_type": "_doc",
            "_id": "ZXhpFp8Bwva2ZhliJsT5",
            "_version": 1,
            "_score": null,
            "_source": {
              "data_segmentid": "N/A",
              "spanId": "N/A",
              "data_ext_headers": "{}",
              "data_local_ip": "10.22.115.239",
              "requestId": "9807a504bd5e2e00470e49c9d91fb1fef6aa05b3",
              "loglevel": "INFO",
              "data_bltag": "undefined",
              "data_info_msg": "[Consumer clientId=consumer-2, groupId=wekehomeLeonisRobotCallback-huiju-private-domain-lease-huiju-private-domain-lease] Node 2 was unable to process the fetch request with (sessionId=674286401, epoch=3346): FETCH_SESSION_ID_NOT_FOUND.",
              "machineName": "envType_prod__huiju-private-domain-lease-3361289013-555d9c65c6-7vbf6",
              "tid": "N/A",
              "sid": "N/A",
              "timestamp": "2026-06-30T10:43:35.356+08:00"
            },
            "fields": {
              "timestamp": [
                "2026-06-30T02:43:35.356Z"
              ]
            },
            "highlight": {
              "data_info_msg": [
                "[@kibana-highlighted-field@Consumer@/kibana-highlighted-field@ clientId=@kibana-highlighted-field@consumer@/kibana-highlighted-field@-2, groupId=wekehomeLeonisRobotCallback-huiju-private-domain-lease-huiju-private-domain-lease] Node 2 was unable to process the fetch request with (sessionId=674286401, epoch=3346): FETCH_SESSION_ID_NOT_FOUND."
              ]
            },
            "sort": [
              1782787415356
            ]
          }
        ]
      },
      "aggregations": {
        "2": {
          "buckets": [
            {
              "key_as_string": "2026-06-30T10:43:30.000+08:00",
              "key": 1782787410000,
              "doc_count": 1
            }
          ]
        }
      }
    },
    "total": 3,
    "loaded": 3
  }
}