{
  "meta": {
    "server": "fast106",
    "index": "index-11408-13176_2026-06-29",
    "query_time": "2026-06-29T18:29:41.715946",
    "hash": "287f60722b24"
  },
  "request": {
    "params": {
      "ignoreThrottled": true,
      "preference": 1780483834299,
      "index": "index-11408-13176_2026-06-29",
      "body": {
        "version": true,
        "size": 1,
        "sort": [
          {
            "timestamp": {
              "order": "desc",
              "unmapped_type": "boolean"
            }
          }
        ],
        "aggs": {
          "2": {
            "date_histogram": {
              "field": "timestamp",
              "fixed_interval": "30s",
              "time_zone": "Asia/Shanghai",
              "min_doc_count": 1
            }
          }
        },
        "stored_fields": [
          "*"
        ],
        "script_fields": {},
        "docvalue_fields": [
          {
            "field": "timestamp",
            "format": "date_time"
          }
        ],
        "_source": {
          "excludes": []
        },
        "query": {
          "bool": {
            "must": [
              {
                "match_all": {}
              }
            ],
            "filter": [
              {
                "range": {
                  "timestamp": {
                    "gte": "2026-06-29T07:50:00.000Z",
                    "lte": "2026-06-29T08:10:00.000Z",
                    "format": "strict_date_optional_time"
                  }
                }
              }
            ],
            "should": [],
            "must_not": []
          }
        },
        "highlight": {
          "pre_tags": [
            "@kibana-highlighted-field@"
          ],
          "post_tags": [
            "@/kibana-highlighted-field@"
          ],
          "fields": {
            "*": {}
          },
          "fragment_size": 2147483647
        }
      },
      "rest_total_hits_as_int": true,
      "ignore_unavailable": true,
      "ignore_throttled": true,
      "timeout": "30000ms"
    },
    "serverStrategy": "es"
  },
  "response": {
    "is_partial": false,
    "is_running": false,
    "rawResponse": {
      "took": 923,
      "timed_out": false,
      "_shards": {
        "total": 3,
        "successful": 3,
        "skipped": 0,
        "failed": 0
      },
      "hits": {
        "total": 10731143,
        "max_score": null,
        "hits": [
          {
            "_index": "index-11408-13176_2026-06-29",
            "_type": "_doc",
            "_id": "c_ZtEp8Bwva2ZhlirOjd",
            "_version": 1,
            "_score": null,
            "_source": {
              "data_segmentid": "N/A",
              "spanId": "-1",
              "data_ext_headers": "{}",
              "data_local_ip": "10.226.82.200",
              "requestId": "057c81e9696afd5e2d2958d1e07a09471d77a8e4",
              "loglevel": "INFO",
              "data_bltag": "undefined",
              "data_info_msg": "开始判断是否调用aigc,会话类型为GROUP,工单id为T2071506101849149440",
              "machineName": "envType_prod__huiju-private-domain-lease-3361289013-555d9c65c6-f6htb",
              "tid": "453460-10.226.82.200-1235-1782720599630-2049",
              "sid": "453460-10.226.82.200-1235-1782720599630-2048",
              "timestamp": "2026-06-29T16:10:00.000+08:00"
            },
            "fields": {
              "timestamp": [
                "2026-06-29T08:10:00.000Z"
              ]
            },
            "sort": [
              1782720600000
            ]
          }
        ]
      },
      "aggregations": {
        "2": {
          "buckets": [
            {
              "key_as_string": "2026-06-29T15:50:00.000+08:00",
              "key": 1782719400000,
              "doc_count": 298343
            },
            {
              "key_as_string": "2026-06-29T15:50:30.000+08:00",
              "key": 1782719430000,
              "doc_count": 295405
            },
            {
              "key_as_string": "2026-06-29T15:51:00.000+08:00",
              "key": 1782719460000,
              "doc_count": 245978
            },
            {
              "key_as_string": "2026-06-29T15:51:30.000+08:00",
              "key": 1782719490000,
              "doc_count": 209771
            },
            {
              "key_as_string": "2026-06-29T15:52:00.000+08:00",
              "key": 1782719520000,
              "doc_count": 247067
            },
            {
              "key_as_string": "2026-06-29T15:52:30.000+08:00",
              "key": 1782719550000,
              "doc_count": 317371
            },
            {
              "key_as_string": "2026-06-29T15:53:00.000+08:00",
              "key": 1782719580000,
              "doc_count": 358865
            },
            {
              "key_as_string": "2026-06-29T15:53:30.000+08:00",
              "key": 1782719610000,
              "doc_count": 296224
            },
            {
              "key_as_string": "2026-06-29T15:54:00.000+08:00",
              "key": 1782719640000,
              "doc_count": 268728
            },
            {
              "key_as_string": "2026-06-29T15:54:30.000+08:00",
              "key": 1782719670000,
              "doc_count": 201290
            },
            {
              "key_as_string": "2026-06-29T15:55:00.000+08:00",
              "key": 1782719700000,
              "doc_count": 157298
            },
            {
              "key_as_string": "2026-06-29T15:55:30.000+08:00",
              "key": 1782719730000,
              "doc_count": 212445
            },
            {
              "key_as_string": "2026-06-29T15:56:00.000+08:00",
              "key": 1782719760000,
              "doc_count": 258717
            },
            {
              "key_as_string": "2026-06-29T15:56:30.000+08:00",
              "key": 1782719790000,
              "doc_count": 166723
            },
            {
              "key_as_string": "2026-06-29T15:57:00.000+08:00",
              "key": 1782719820000,
              "doc_count": 125161
            },
            {
              "key_as_string": "2026-06-29T15:57:30.000+08:00",
              "key": 1782719850000,
              "doc_count": 117365
            },
            {
              "key_as_string": "2026-06-29T15:58:00.000+08:00",
              "key": 1782719880000,
              "doc_count": 119292
            },
            {
              "key_as_string": "2026-06-29T15:58:30.000+08:00",
              "key": 1782719910000,
              "doc_count": 91625
            },
            {
              "key_as_string": "2026-06-29T15:59:00.000+08:00",
              "key": 1782719940000,
              "doc_count": 100571
            },
            {
              "key_as_string": "2026-06-29T15:59:30.000+08:00",
              "key": 1782719970000,
              "doc_count": 186818
            },
            {
              "key_as_string": "2026-06-29T16:00:00.000+08:00",
              "key": 1782720000000,
              "doc_count": 292382
            },
            {
              "key_as_string": "2026-06-29T16:00:30.000+08:00",
              "key": 1782720030000,
              "doc_count": 213429
            },
            {
              "key_as_string": "2026-06-29T16:01:00.000+08:00",
              "key": 1782720060000,
              "doc_count": 305066
            },
            {
              "key_as_string": "2026-06-29T16:01:30.000+08:00",
              "key": 1782720090000,
              "doc_count": 293358
            },
            {
              "key_as_string": "2026-06-29T16:02:00.000+08:00",
              "key": 1782720120000,
              "doc_count": 303179
            },
            {
              "key_as_string": "2026-06-29T16:02:30.000+08:00",
              "key": 1782720150000,
              "doc_count": 350642
            },
            {
              "key_as_string": "2026-06-29T16:03:00.000+08:00",
              "key": 1782720180000,
              "doc_count": 347060
            },
            {
              "key_as_string": "2026-06-29T16:03:30.000+08:00",
              "key": 1782720210000,
              "doc_count": 331174
            },
            {
              "key_as_string": "2026-06-29T16:04:00.000+08:00",
              "key": 1782720240000,
              "doc_count": 415738
            },
            {
              "key_as_string": "2026-06-29T16:04:30.000+08:00",
              "key": 1782720270000,
              "doc_count": 349820
            },
            {
              "key_as_string": "2026-06-29T16:05:00.000+08:00",
              "key": 1782720300000,
              "doc_count": 375350
            },
            {
              "key_as_string": "2026-06-29T16:05:30.000+08:00",
              "key": 1782720330000,
              "doc_count": 378137
            },
            {
              "key_as_string": "2026-06-29T16:06:00.000+08:00",
              "key": 1782720360000,
              "doc_count": 378630
            },
            {
              "key_as_string": "2026-06-29T16:06:30.000+08:00",
              "key": 1782720390000,
              "doc_count": 344539
            },
            {
              "key_as_string": "2026-06-29T16:07:00.000+08:00",
              "key": 1782720420000,
              "doc_count": 291610
            },
            {
              "key_as_string": "2026-06-29T16:07:30.000+08:00",
              "key": 1782720450000,
              "doc_count": 297153
            },
            {
              "key_as_string": "2026-06-29T16:08:00.000+08:00",
              "key": 1782720480000,
              "doc_count": 322126
            },
            {
              "key_as_string": "2026-06-29T16:08:30.000+08:00",
              "key": 1782720510000,
              "doc_count": 316653
            },
            {
              "key_as_string": "2026-06-29T16:09:00.000+08:00",
              "key": 1782720540000,
              "doc_count": 270712
            },
            {
              "key_as_string": "2026-06-29T16:09:30.000+08:00",
              "key": 1782720570000,
              "doc_count": 279321
            },
            {
              "key_as_string": "2026-06-29T16:10:00.000+08:00",
              "key": 1782720600000,
              "doc_count": 7
            }
          ]
        }
      }
    },
    "total": 3,
    "loaded": 3
  }
}