{
  "meta": {
    "server": "fast106",
    "index": "index-11408-13176_2026-06-30",
    "query_time": "2026-06-30T11:03:22.668069",
    "hash": "2b24eee0883e"
  },
  "request": {
    "params": {
      "ignoreThrottled": true,
      "preference": 1780483834299,
      "index": "index-11408-13176_2026-06-30",
      "body": {
        "version": true,
        "size": 10,
        "sort": [
          {
            "timestamp": {
              "order": "desc",
              "unmapped_type": "boolean"
            }
          }
        ],
        "aggs": {
          "2": {
            "date_histogram": {
              "field": "timestamp",
              "fixed_interval": "30s",
              "time_zone": "Asia/Shanghai",
              "min_doc_count": 1
            }
          }
        },
        "stored_fields": [
          "*"
        ],
        "script_fields": {},
        "docvalue_fields": [
          {
            "field": "timestamp",
            "format": "date_time"
          }
        ],
        "_source": {
          "excludes": []
        },
        "query": {
          "bool": {
            "must": [
              {
                "match_all": {}
              }
            ],
            "filter": [
              {
                "range": {
                  "timestamp": {
                    "gte": "2026-06-30T02:44:00.000Z",
                    "lte": "2026-06-30T02:44:30.000Z",
                    "format": "strict_date_optional_time"
                  }
                }
              }
            ],
            "should": [],
            "must_not": []
          }
        },
        "highlight": {
          "pre_tags": [
            "@kibana-highlighted-field@"
          ],
          "post_tags": [
            "@/kibana-highlighted-field@"
          ],
          "fields": {
            "*": {}
          },
          "fragment_size": 2147483647
        }
      },
      "rest_total_hits_as_int": true,
      "ignore_unavailable": true,
      "ignore_throttled": true,
      "timeout": "30000ms"
    },
    "serverStrategy": "es"
  },
  "response": {
    "is_partial": false,
    "is_running": false,
    "rawResponse": {
      "took": 34,
      "timed_out": false,
      "_shards": {
        "total": 3,
        "successful": 3,
        "skipped": 0,
        "failed": 0
      },
      "hits": {
        "total": 322420,
        "max_score": null,
        "hits": [
          {
            "_index": "index-11408-13176_2026-06-30",
            "_type": "_doc",
            "_id": "FkhqFp8BdpG7oQCUBWDa",
            "_version": 1,
            "_score": null,
            "_source": {
              "data_segmentid": "N/A",
              "spanId": "-1",
              "data_ext_headers": "{}",
              "data_local_ip": "10.22.119.112",
              "requestId": "d019583b0e900062b5ea2b26a4b7fd2b6f0857a3",
              "loglevel": "INFO",
              "data_bltag": "undefined",
              "data_info_msg": "监听roomie群聊消息非主流程解析后的消息为 {\"appInfo\":\"CAMQituM0gYYovDqio2AgAMgs/mrVQ==\",\"autoReply\":false,\"automaticTicket\":false,\"businessCode\":\"shengxinzu_zuwu\",\"businessTag\":0,\"channelMsgSn\":\"1502116\",\"corpName\":\"bei_ke\",\"desc\":\"\",\"eventType\":\"71003\",\"groupId\":\"10976226002327804\",\"hasAiRobot\":false,\"hint\":\"03m5dyAT2xi9u8IPrqMA.jwpZng.1782787469\",\"href\":\"\",\"md5\":\"\",\"msgContent\":\"@徐泽同  您好里面的东西还有要的吗\",\"msgId\":\"1502116\",\"msgTime\":\"2026-06-30 10:44:28\",\"msgType\":1,\"qlAtList\":\"accEFSzJnL3e2jo2hc1TOIc\",\"requestId\":\"07d46637-bdb7-41ae-963b-6d849dd60761\",\"retryFlag\":false,\"robotWeworkId\":\"31281446\",\"senderType\":1,\"senderUserId\":\"10102023\",\"senderUserQlId\":\"acckFx4qs4MSsl1fUeNvozq\",\"title\":\"\",\"toManualReply\":false,\"v2ReFlow\":false,\"voiceTextProcessCount\":0,\"voiceTime\":\"0\"}",
              "machineName": "envType_prod__huiju-private-domain-lease-3361289013-555d9c65c6-l9wgm",
              "tid": "453460-10.22.119.112-1259-1782787469999-9693",
              "sid": "453460-10.22.119.112-1259-1782787469999-9692",
              "timestamp": "2026-06-30T10:44:30.000+08:00"
            },
            "fields": {
              "timestamp": [
                "2026-06-30T02:44:30.000Z"
              ]
            },
            "sort": [
              1782787470000
            ]
          },
          {
            "_index": "index-11408-13176_2026-06-30",
            "_type": "_doc",
            "_id": "yoVqFp8Bwva2ZhliCeZo",
            "_version": 1,
            "_score": null,
            "_source": {
              "data_segmentid": "453460-10.22.119.112-1760-1782787469943-2248",
              "spanId": "2",
              "data_ext_headers": "{}",
              "data_local_ip": "10.22.119.112",
              "loglevel": "INFO",
              "data_bltag": "undefined",
              "data_info_msg": "OK- [huiju-private-domain-lease] 10.22.119.112:0>10.22.122.142:8084 com.ke.huiju.cloudkeeper.api.service.session.CloudKeeperManualAssignFacade.querySessionAndAccount[{\"assignTime\":1782728276000,\"sessionEndTime\":1782814676000,\"unionIdOrGroupIdList\":[\"10712217498181211\"]}]-18ms",
              "machineName": "envType_prod__huiju-private-domain-lease-3361289013-555d9c65c6-l9wgm",
              "tid": "451312-10.22.100.36-383340-1782787469876-4949",
              "sid": "453460-10.22.119.112-1760-1782787469943-2248",
              "timestamp": "2026-06-30T10:44:30.000+08:00"
            },
            "fields": {
              "timestamp": [
                "2026-06-30T02:44:30.000Z"
              ]
            },
            "sort": [
              1782787470000
            ]
          },
          {
            "_index": "index-11408-13176_2026-06-30",
            "_type": "_doc",
            "_id": "QoZqFp8Bwva2ZhliCgj-",
            "_version": 1,
            "_score": null,
            "_source": {
              "data_segmentid": "N/A",
              "spanId": "-1",
              "data_ext_headers": "{}",
              "data_local_ip": "10.226.82.200",
              "requestId": "c9901bc325e7d6fda6af5da75076f93cdfcb5158",
              "loglevel": "INFO",
              "data_bltag": "undefined",
              "data_info_msg": "获取城市=110000，日期=2026-06-30，时间=10:44的延时秒数，结果=600",
              "machineName": "envType_prod__huiju-private-domain-lease-3361289013-555d9c65c6-f6htb",
              "tid": "453460-10.226.82.200-1235-1782787469972-191",
              "sid": "453460-10.226.82.200-1235-1782787469972-190",
              "timestamp": "2026-06-30T10:44:30.000+08:00"
            },
            "fields": {
              "timestamp": [
                "2026-06-30T02:44:30.000Z"
              ]
            },
            "sort": [
              1782787470000
            ]
          },
          {
            "_index": "index-11408-13176_2026-06-30",
            "_type": "_doc",
            "_id": "uoRpFp8Bwva2Zhli9u3r",
            "_version": 1,
            "_score": null,
            "_source": {
              "data_segmentid": "N/A",
              "spanId": "7",
              "data_ext_headers": "{}",
              "data_local_ip": "10.226.84.58",
              "loglevel": "INFO",
              "data_bltag": "undefined",
              "data_info_msg": "执行的sql语句为:SELECT id,group_id,quan_group_id,service_group_id,group_name,compensate,contract_code,city_code,house_id,robot_id,robot_user_id,union_id,create_type,create_status,create_user,ctime,mtime,invite_verify_status,ai_robot_watch FROM private_group_chat_major_info WHERE (contract_code = 'TGCF2606183680' AND create_status <> 3) ORDER BY id DESC limit 1",
              "machineName": "envType_prod__huiju-private-domain-lease-3361289013-555d9c65c6-9cm8b",
              "tid": "512292-10.226.101.19-167-1782787469890-8385",
              "sid": "453460-10.226.84.58-1861-1782787469997-3142",
              "timestamp": "2026-06-30T10:44:30.000+08:00"
            },
            "fields": {
              "timestamp": [
                "2026-06-30T02:44:30.000Z"
              ]
            },
            "sort": [
              1782787470000
            ]
          },
          {
            "_index": "index-11408-13176_2026-06-30",
            "_type": "_doc",
            "_id": "54ZqFp8Bwva2ZhliDkaJ",
            "_version": 1,
            "_score": null,
            "_source": {
              "data_segmentid": "N/A",
              "spanId": "4",
              "data_ext_headers": "{}",
              "data_local_ip": "10.22.110.80",
              "loglevel": "INFO",
              "data_bltag": "undefined",
              "data_info_msg": "未找到当前消息信息,请校验！sessionId:new_session_id:SERVICE_KEEPER--GROUP_CHAT--10718210515758923--7#1782785740000, requestId:2628149",
              "machineName": "envType_prod__huiju-private-domain-lease-3361289013-555d9c65c6-7ss4r",
              "tid": "512292-10.226.96.208-149-1782787469939-7723",
              "sid": "453460-10.22.110.80-306501-1782787469989-8894",
              "timestamp": "2026-06-30T10:44:30.000+08:00"
            },
            "fields": {
              "timestamp": [
                "2026-06-30T02:44:30.000Z"
              ]
            },
            "sort": [
              1782787470000
            ]
          },
          {
            "_index": "index-11408-13176_2026-06-30",
            "_type": "_doc",
            "_id": "2UlqFp8BdpG7oQCUD46A",
            "_version": 1,
            "_score": null,
            "_source": {
              "data_resp_size": 38,
              "data_latency": 11,
              "data_ext_headers": "{}",
              "data_remote_port": "57908",
              "data_req_type": "HTTP/1.1",
              "data_remote_ip": "10.19.2.24",
              "data_resp_result": "{\"errno\":\"0\",\"data\":\"无\",\"errmsg\":\"\"}",
              "data_bltag": "request_out",
              "machineName": "envType_prod__huiju-private-domain-lease-3361289013-555d9c65c6-7ss4r",
              "tid": "512292-10.226.96.208-149-1782787469939-7723",
              "sid": "453460-10.22.110.80-306501-1782787469989-8894",
              "data_uri": "/ruleCondition/aiAutoReply/execute",
              "data_segmentid": "453460-10.22.110.80-306501-1782787469989-8894",
              "spanId": "4",
              "data_local_ip": "10.22.110.80",
              "data_client_ip": "10.19.1.77",
              "loglevel": "INFO",
              "timestamp": "2026-06-30T10:44:30.000+08:00"
            },
            "fields": {
              "timestamp": [
                "2026-06-30T02:44:30.000Z"
              ]
            },
            "sort": [
              1782787470000
            ]
          },
          {
            "_index": "index-11408-13176_2026-06-30",
            "_type": "_doc",
            "_id": "oeBqFp8B9P_t1W1uClCn",
            "_version": 1,
            "_score": null,
            "_source": {
              "data_segmentid": "453460-10.22.113.74-1917-1782787469829-5152",
              "spanId": "-1",
              "data_ext_headers": "{}",
              "data_local_ip": "10.22.113.74",
              "loglevel": "INFO",
              "data_bltag": "undefined",
              "data_info_msg": "OK- [huiju-private-domain-lease] 10.22.113.74:0>10.226.80.230:8084 com.ke.house.puzu.cloudkeeper.api.service.ticket.TicketAppealTagFacade.listAllByTagType[1]-46ms",
              "machineName": "envType_prod__huiju-private-domain-lease-3361289013-555d9c65c6-9nh6s",
              "tid": "453460-10.22.113.74-1917-1782787469829-5153",
              "sid": "453460-10.22.113.74-1917-1782787469829-5152",
              "timestamp": "2026-06-30T10:44:30.000+08:00"
            },
            "fields": {
              "timestamp": [
                "2026-06-30T02:44:30.000Z"
              ]
            },
            "sort": [
              1782787470000
            ]
          },
          {
            "_index": "index-11408-13176_2026-06-30",
            "_type": "_doc",
            "_id": "bkZpFp8BdpG7oQCU9ruj",
            "_version": 1,
            "_score": null,
            "_source": {
              "data_segmentid": "N/A",
              "spanId": "-1",
              "data_ext_headers": "{}",
              "data_local_ip": "10.226.84.58",
              "loglevel": "INFO",
              "data_bltag": "undefined",
              "data_info_msg": "群聊小惠V2 判断消息是否需要执行获取redis数据 key:private-domain-lease:groupAiV2MsgExecute:10768474777885914:1206083, val:null",
              "machineName": "envType_prod__huiju-private-domain-lease-3361289013-555d9c65c6-9cm8b",
              "tid": "453460-10.226.84.58-979-1782787469921-5267",
              "sid": "453460-10.226.84.58-979-1782787469921-5266",
              "timestamp": "2026-06-30T10:44:30.000+08:00"
            },
            "fields": {
              "timestamp": [
                "2026-06-30T02:44:30.000Z"
              ]
            },
            "sort": [
              1782787470000
            ]
          },
          {
            "_index": "index-11408-13176_2026-06-30",
            "_type": "_doc",
            "_id": "MuFqFp8B9P_t1W1uD4GT",
            "_version": 1,
            "_score": null,
            "_source": {
              "data_segmentid": "N/A",
              "spanId": "-1",
              "data_ext_headers": "{}",
              "data_local_ip": "10.226.89.170",
              "loglevel": "INFO",
              "data_bltag": "undefined",
              "data_info_msg": "登录用户:31215661,李佳颖",
              "machineName": "envType_prod__huiju-private-domain-lease-3361289013-555d9c65c6-jm4x8",
              "tid": "453460-10.226.89.170-1845-1782787469999-4203",
              "sid": "453460-10.226.89.170-1845-1782787469999-4202",
              "timestamp": "2026-06-30T10:44:30.000+08:00"
            },
            "fields": {
              "timestamp": [
                "2026-06-30T02:44:30.000Z"
              ]
            },
            "sort": [
              1782787470000
            ]
          },
          {
            "_index": "index-11408-13176_2026-06-30",
            "_type": "_doc",
            "_id": "UoRpFp8Bwva2Zhli9_5-",
            "_version": 1,
            "_score": null,
            "_source": {
              "data_segmentid": "N/A",
              "spanId": "-1",
              "data_ext_headers": "{}",
              "data_local_ip": "10.226.84.58",
              "loglevel": "INFO",
              "data_bltag": "undefined",
              "data_info_msg": "sendText 发送文本 finalAnswer:null",
              "machineName": "envType_prod__huiju-private-domain-lease-3361289013-555d9c65c6-9cm8b",
              "tid": "453460-10.226.84.58-979-1782787469921-5267",
              "sid": "453460-10.226.84.58-979-1782787469921-5266",
              "timestamp": "2026-06-30T10:44:30.000+08:00"
            },
            "fields": {
              "timestamp": [
                "2026-06-30T02:44:30.000Z"
              ]
            },
            "sort": [
              1782787470000
            ]
          }
        ]
      },
      "aggregations": {
        "2": {
          "buckets": [
            {
              "key_as_string": "2026-06-30T10:44:00.000+08:00",
              "key": 1782787440000,
              "doc_count": 322407
            },
            {
              "key_as_string": "2026-06-30T10:44:30.000+08:00",
              "key": 1782787470000,
              "doc_count": 13
            }
          ]
        }
      }
    },
    "total": 3,
    "loaded": 3
  }
}