{
  "meta": {
    "server": "fast106",
    "index": "index-11408-13176_2026-06-30",
    "query_time": "2026-06-30T11:02:21.945904",
    "hash": "5236b00dc2af"
  },
  "request": {
    "params": {
      "ignoreThrottled": true,
      "preference": 1780483834299,
      "index": "index-11408-13176_2026-06-30",
      "body": {
        "version": true,
        "size": 1,
        "sort": [
          {
            "timestamp": {
              "order": "desc",
              "unmapped_type": "boolean"
            }
          }
        ],
        "aggs": {
          "2": {
            "date_histogram": {
              "field": "timestamp",
              "fixed_interval": "30s",
              "time_zone": "Asia/Shanghai",
              "min_doc_count": 1
            }
          }
        },
        "stored_fields": [
          "*"
        ],
        "script_fields": {},
        "docvalue_fields": [
          {
            "field": "timestamp",
            "format": "date_time"
          }
        ],
        "_source": {
          "excludes": []
        },
        "query": {
          "bool": {
            "must": [
              {
                "match_all": {}
              }
            ],
            "filter": [
              {
                "range": {
                  "timestamp": {
                    "gte": "2026-06-30T02:44:00.000Z",
                    "lte": "2026-06-30T02:44:10.000Z",
                    "format": "strict_date_optional_time"
                  }
                }
              }
            ],
            "should": [],
            "must_not": []
          }
        },
        "highlight": {
          "pre_tags": [
            "@kibana-highlighted-field@"
          ],
          "post_tags": [
            "@/kibana-highlighted-field@"
          ],
          "fields": {
            "*": {}
          },
          "fragment_size": 2147483647
        }
      },
      "rest_total_hits_as_int": true,
      "ignore_unavailable": true,
      "ignore_throttled": true,
      "timeout": "30000ms"
    },
    "serverStrategy": "es"
  },
  "response": {
    "is_partial": false,
    "is_running": false,
    "rawResponse": {
      "took": 27,
      "timed_out": false,
      "_shards": {
        "total": 3,
        "successful": 3,
        "skipped": 0,
        "failed": 0
      },
      "hits": {
        "total": 109303,
        "max_score": null,
        "hits": [
          {
            "_index": "index-11408-13176_2026-06-30",
            "_type": "_doc",
            "_id": "vj5pFp8BdpG7oQCUuPoq",
            "_version": 1,
            "_score": null,
            "_source": {
              "data_segmentid": "N/A",
              "spanId": "-1",
              "data_ext_headers": "{}",
              "data_local_ip": "10.226.82.200",
              "loglevel": "INFO",
              "data_bltag": "undefined",
              "data_info_msg": "分页获取家服订单返回结果: {\"code\":0,\"data\":{\"list\":[],\"more\":false,\"pageNo\":0,\"pageSize\":50,\"total\":0},\"msg\":\"成功\",\"success\":true}",
              "machineName": "envType_prod__huiju-private-domain-lease-3361289013-555d9c65c6-f6htb",
              "tid": "453460-10.226.82.200-10846-1782787449925-767",
              "sid": "453460-10.226.82.200-10846-1782787449925-766",
              "timestamp": "2026-06-30T10:44:10.000+08:00"
            },
            "fields": {
              "timestamp": [
                "2026-06-30T02:44:10.000Z"
              ]
            },
            "sort": [
              1782787450000
            ]
          }
        ]
      },
      "aggregations": {
        "2": {
          "buckets": [
            {
              "key_as_string": "2026-06-30T10:44:00.000+08:00",
              "key": 1782787440000,
              "doc_count": 109303
            }
          ]
        }
      }
    },
    "total": 3,
    "loaded": 3
  }
}