{
  "meta": {
    "server": "fast106",
    "index": "index-11408-13176_2026-06-30",
    "query_time": "2026-06-30T11:05:04.548076",
    "hash": "6cc645cb6943"
  },
  "request": {
    "params": {
      "ignoreThrottled": true,
      "preference": 1780483834299,
      "index": "index-11408-13176_2026-06-30",
      "body": {
        "version": true,
        "size": 10,
        "sort": [
          {
            "timestamp": {
              "order": "desc",
              "unmapped_type": "boolean"
            }
          }
        ],
        "aggs": {
          "2": {
            "date_histogram": {
              "field": "timestamp",
              "fixed_interval": "30s",
              "time_zone": "Asia/Shanghai",
              "min_doc_count": 1
            }
          }
        },
        "stored_fields": [
          "*"
        ],
        "script_fields": {},
        "docvalue_fields": [
          {
            "field": "timestamp",
            "format": "date_time"
          }
        ],
        "_source": {
          "excludes": []
        },
        "query": {
          "bool": {
            "must": [
              {
                "match_all": {}
              }
            ],
            "filter": [
              {
                "match_phrase": {
                  "data_uri": "/ruleCondition/aiAutoReply/execute"
                }
              },
              {
                "match_phrase": {
                  "data_bltag": "request_in"
                }
              },
              {
                "range": {
                  "timestamp": {
                    "gte": "2026-06-30T02:43:30.000Z",
                    "lte": "2026-06-30T02:45:30.000Z",
                    "format": "strict_date_optional_time"
                  }
                }
              }
            ],
            "should": [],
            "must_not": []
          }
        },
        "highlight": {
          "pre_tags": [
            "@kibana-highlighted-field@"
          ],
          "post_tags": [
            "@/kibana-highlighted-field@"
          ],
          "fields": {
            "*": {}
          },
          "fragment_size": 2147483647
        }
      },
      "rest_total_hits_as_int": true,
      "ignore_unavailable": true,
      "ignore_throttled": true,
      "timeout": "30000ms"
    },
    "serverStrategy": "es"
  },
  "response": {
    "is_partial": false,
    "is_running": false,
    "rawResponse": {
      "took": 102,
      "timed_out": false,
      "_shards": {
        "total": 3,
        "successful": 3,
        "skipped": 0,
        "failed": 0
      },
      "hits": {
        "total": 63132,
        "max_score": null,
        "hits": [
          {
            "_index": "index-11408-13176_2026-06-30",
            "_type": "_doc",
            "_id": "BWRqFp8BdpG7oQCU6dVZ",
            "_version": 1,
            "_score": null,
            "_source": {
              "data_ext_headers": "{}",
              "data_remote_port": "18980",
              "data_remote_ip": "10.19.5.27",
              "data_req_type": "HTTP/1.1",
              "data_bltag": "request_in",
              "machineName": "envType_prod__huiju-private-domain-lease-3361289013-555d9c65c6-l9wgm",
              "tid": "512292-10.226.96.208-164-1782787529898-4027",
              "sid": "453460-10.22.119.112-1271-1782787529995-3544",
              "data_segmentid": "453460-10.22.119.112-1271-1782787529995-3544",
              "spanId": "5",
              "data_uri": "/ruleCondition/aiAutoReply/execute",
              "data_local_ip": "10.22.119.112",
              "loglevel": "INFO",
              "data_body": "{\"cityCode\":\"420100\",\"groupId\":\"10742919845133111\",\"className\":\"com.ke.huiju.cloudkeeper.support.vo.fact.ServiceKeeperFact\",\"isConfident\":\"1\",\"caseType\":\"解约流程规则\",\"requestId\":\"2655660\",\"serviceId\":\"private-domain-lease\",\"triggerSource\":10,\"isInfoComplete\":\"0\",\"fixOrderInfo\":{\"房屋地址\":\"\",\"故障物品\":\"\",\"故障区域\":\"\",\"故障现象\":\"\",\"服务项目\":\"\",\"故障图片\":\"\",\"联系人电话\":\"\",\"联系人姓名\":\"\"},\"traceId\":\"2655660\",\"question\":\"解约流程规则\",\"extParam\":{\"leaseHost\":\"http://app-center-huiju-private-domain-lease.ke.com\",\"houseId\":\"104119437598\",\"bizType\":\"test\",\"contactInfo\":\"{\\\"address\\\":\\\"永利国际大厦1栋1单元1804\\\",\\\"name\\\":\\\"应远妃\\\",\\\"phone\\\":\\\"157****2243\\\"}\",\"cityCode\":\"420100\",\"groupId\":\"10742919845133111\",\"msgId\":\"2655660\",\"nowDateStr\":\"2026-06-30 10:45:25\",\"latestMsgId\":\"2655660\",\"cityName\":\"武汉\",\"imgConvertResult\":0,\"inContractCode\":\"TG2603057640\",\"aiRobotUserId\":\"31279224\",\"triggerSource\":10,\"fixOrderInfo\":{\"房屋地址\":\"\",\"故障物品\":\"\",\"故障区域\":\"\",\"故障现象\":\"\",\"服务项目\":\"\",\"故障图片\":\"\",\"联系人电话\":\"\",\"联系人姓名\":\"\"},\"robotWeworkId\":\"31151605\",\"aiRobotUcId\":1000000031279224,\"isHasHistory\":1,\"sessionId\":\"new_session_id:SERVICE_KEEPER--GROUP_CHAT--10742919845133111--6#1782787339000\",\"repairImgList\":[{\"picUrl\":\"https://quan-picture-1259287960.cos.ap-guangzhou.myqcloud.com/1171/0e7ae5844fef421d91a543ab2705570b.jpeg\",\"isFurniturePhoto\":1,\"relatedItems\":\"电表\"},{\"picUrl\":\"https://quan-picture-1259287960.cos.ap-guangzhou.myqcloud.com/1171/40a1e681e079406698c8d063b6e69377.jpeg\",\"isFurniturePhoto\":1,\"relatedItems\":\"水表\"}],\"datacenterHost\":\"http://app-center-huiju-cloudkeeper-datacenter.ke.com\",\"userName\":\"武汉贝壳租房服务管家惠毓\",\"userId\":1000000020134201,\"aiType\":2,\"ruleHost\":\"http://rule.cloudkeeper.huiju.ke.com\",\"msgTime\":\"2026-06-30 10:45:23\",\"senderType\":4,\"inContractId\":7519993,\"resblockId\":\"3711063520355\",\"contractCode\":\"TGCF2603594526\",\"atList\":\"\"},\"answerGenerated\":false,\"require\":\"解约流程规则\",\"sessionId\":\"new_session_id:SERVICE_KEEPER--GROUP_CHAT--10742919845133111--6#1782787339000\",\"aiInvolve\":\"0\",\"picture\":\"\",\"intention\":\"解约流程规则\",\"businessScene\":2,\"firstTrigger\":0,\"answer\":\" \",\"senderType\":4,\"contractCode\":\"TGCF2603594526\",\"sessionInitiator\":2,\"matchingPlan\":\"GENERAL\",\"messageContent\":\"没问题 怎么把钱结算 直接在群里发给你吗\"}",
              "data_args": "{\"funData\":[\"卡号,身份证,报销,发票\"],\"conditionCode\":[\"judgeSessionContentMatching\"]}",
              "timestamp": "2026-06-30T10:45:29.995+08:00"
            },
            "fields": {
              "timestamp": [
                "2026-06-30T02:45:29.995Z"
              ]
            },
            "highlight": {
              "data_uri": [
                "/@kibana-highlighted-field@ruleCondition@/kibana-highlighted-field@/@kibana-highlighted-field@aiAutoReply@/kibana-highlighted-field@/@kibana-highlighted-field@execute@/kibana-highlighted-field@"
              ],
              "data_bltag": [
                "@kibana-highlighted-field@request_in@/kibana-highlighted-field@"
              ]
            },
            "sort": [
              1782787529995
            ]
          },
          {
            "_index": "index-11408-13176_2026-06-30",
            "_type": "_doc",
            "_id": "q5NqFp8Bwva2Zhli6W-y",
            "_version": 1,
            "_score": null,
            "_source": {
              "data_ext_headers": "{}",
              "data_remote_port": "18668",
              "data_remote_ip": "10.19.5.27",
              "data_req_type": "HTTP/1.1",
              "data_bltag": "request_in",
              "machineName": "envType_prod__huiju-private-domain-lease-3361289013-555d9c65c6-rpdnz",
              "tid": "512292-10.226.78.82-433-1782787529771-6635",
              "sid": "453460-10.22.115.80-1263-1782787529995-6028",
              "data_segmentid": "453460-10.22.115.80-1263-1782787529995-6028",
              "spanId": "12",
              "data_uri": "/ruleCondition/aiAutoReply/execute",
              "data_local_ip": "10.22.115.80",
              "loglevel": "INFO",
              "data_body": "{\"cityCode\":\"510100\",\"groupId\":\"10899509714252036\",\"className\":\"com.ke.huiju.cloudkeeper.support.vo.fact.ServiceKeeperFact\",\"isConfident\":\"1\",\"caseType\":\"意图引导\",\"requestId\":\"2265683\",\"serviceId\":\"private-domain-lease\",\"triggerSource\":10,\"isInfoComplete\":\"0\",\"fixOrderInfo\":{\"房屋地址\":\"\",\"故障物品\":\"\",\"故障区域\":\"\",\"故障现象\":\"\",\"服务项目\":\"\",\"故障图片\":\"\",\"联系人电话\":\"\",\"联系人姓名\":\"\"},\"traceId\":\"2265683\",\"question\":\"意图引导\",\"extParam\":{\"leaseHost\":\"http://app-center-huiju-private-domain-lease.ke.com\",\"houseId\":\"106122655418\",\"bizType\":\"test\",\"contactInfo\":\"{\\\"address\\\":\\\"双流区华府大道二段265号1栋12楼1207号三都汇潮里\\\",\\\"name\\\":\\\"杨添翔\\\",\\\"phone\\\":\\\"191****6484\\\"}\",\"cityCode\":\"510100\",\"groupId\":\"10899509714252036\",\"msgId\":\"2265683\",\"nowDateStr\":\"2026-06-30 10:45:26\",\"latestMsgId\":\"2265683\",\"cityName\":\"成都\",\"imgConvertResult\":0,\"inContractCode\":\"TG2504270069\",\"aiRobotUserId\":\"31653916\",\"triggerSource\":10,\"fixOrderInfo\":{\"房屋地址\":\"\",\"故障物品\":\"\",\"故障区域\":\"\",\"故障现象\":\"\",\"服务项目\":\"\",\"故障图片\":\"\",\"联系人电话\":\"\",\"联系人姓名\":\"\"},\"robotWeworkId\":\"31163225\",\"aiRobotUcId\":1000000031653916,\"isHasHistory\":1,\"sessionId\":\"new_session_id:SERVICE_KEEPER--GROUP_CHAT--10899509714252036--1#1782785757000\",\"datacenterHost\":\"http://app-center-huiju-cloudkeeper-datacenter.ke.com\",\"userName\":\"成都贝壳租房服务管家惠霓\",\"userId\":1000000030998375,\"aiType\":2,\"ruleHost\":\"http://rule.cloudkeeper.huiju.ke.com\",\"msgTime\":\"2026-06-30 10:16:06\",\"senderType\":4,\"inContractId\":3844199,\"previousIntention\":\"意图引导\",\"resblockId\":\"1620034621251487\",\"contractCode\":\"TGCF2605128247\",\"atList\":\"accchhVyB2R2TvJf75mA7Fk\"},\"answerGenerated\":false,\"require\":\"意图引导\",\"sessionId\":\"new_session_id:SERVICE_KEEPER--GROUP_CHAT--10899509714252036--1#1782785757000\",\"aiInvolve\":\"0\",\"picture\":\"\",\"intention\":\"意图引导\",\"businessScene\":2,\"firstTrigger\":0,\"answer\":\" \",\"senderType\":4,\"contractCode\":\"TGCF2605128247\",\"sessionInitiator\":4,\"matchingPlan\":\"GENERAL\",\"messageContent\":\"@赵渊博 \"}",
              "data_args": "{\"funData\":[\"0,1,2,3,5,6\"],\"conditionCode\":[\"isAtPerson\"]}",
              "timestamp": "2026-06-30T10:45:29.995+08:00"
            },
            "fields": {
              "timestamp": [
                "2026-06-30T02:45:29.995Z"
              ]
            },
            "highlight": {
              "data_uri": [
                "/@kibana-highlighted-field@ruleCondition@/kibana-highlighted-field@/@kibana-highlighted-field@aiAutoReply@/kibana-highlighted-field@/@kibana-highlighted-field@execute@/kibana-highlighted-field@"
              ],
              "data_bltag": [
                "@kibana-highlighted-field@request_in@/kibana-highlighted-field@"
              ]
            },
            "sort": [
              1782787529995
            ]
          },
          {
            "_index": "index-11408-13176_2026-06-30",
            "_type": "_doc",
            "_id": "1WVqFp8BdpG7oQCU8MQe",
            "_version": 1,
            "_score": null,
            "_source": {
              "data_ext_headers": "{}",
              "data_remote_port": "56916",
              "data_remote_ip": "10.19.5.17",
              "data_req_type": "HTTP/1.1",
              "data_bltag": "request_in",
              "machineName": "envType_prod__huiju-private-domain-lease-3361289013-555d9c65c6-f6htb",
              "tid": "512292-10.226.96.208-164-1782787529898-4027",
              "sid": "453460-10.226.82.200-1305-1782787529993-8324",
              "data_segmentid": "453460-10.226.82.200-1305-1782787529993-8324",
              "spanId": "7",
              "data_uri": "/ruleCondition/aiAutoReply/execute",
              "data_local_ip": "10.226.82.200",
              "loglevel": "INFO",
              "data_body": "{\"cityCode\":\"420100\",\"groupId\":\"10742919845133111\",\"className\":\"com.ke.huiju.cloudkeeper.support.vo.fact.ServiceKeeperFact\",\"isConfident\":\"1\",\"caseType\":\"解约流程规则\",\"requestId\":\"2655660\",\"serviceId\":\"private-domain-lease\",\"triggerSource\":10,\"isInfoComplete\":\"0\",\"fixOrderInfo\":{\"房屋地址\":\"\",\"故障物品\":\"\",\"故障区域\":\"\",\"故障现象\":\"\",\"服务项目\":\"\",\"故障图片\":\"\",\"联系人电话\":\"\",\"联系人姓名\":\"\"},\"traceId\":\"2655660\",\"question\":\"解约流程规则\",\"extParam\":{\"leaseHost\":\"http://app-center-huiju-private-domain-lease.ke.com\",\"houseId\":\"104119437598\",\"bizType\":\"test\",\"contactInfo\":\"{\\\"address\\\":\\\"永利国际大厦1栋1单元1804\\\",\\\"name\\\":\\\"应远妃\\\",\\\"phone\\\":\\\"157****2243\\\"}\",\"cityCode\":\"420100\",\"groupId\":\"10742919845133111\",\"msgId\":\"2655660\",\"nowDateStr\":\"2026-06-30 10:45:25\",\"latestMsgId\":\"2655660\",\"cityName\":\"武汉\",\"imgConvertResult\":0,\"inContractCode\":\"TG2603057640\",\"aiRobotUserId\":\"31279224\",\"triggerSource\":10,\"fixOrderInfo\":{\"房屋地址\":\"\",\"故障物品\":\"\",\"故障区域\":\"\",\"故障现象\":\"\",\"服务项目\":\"\",\"故障图片\":\"\",\"联系人电话\":\"\",\"联系人姓名\":\"\"},\"robotWeworkId\":\"31151605\",\"aiRobotUcId\":1000000031279224,\"isHasHistory\":1,\"sessionId\":\"new_session_id:SERVICE_KEEPER--GROUP_CHAT--10742919845133111--6#1782787339000\",\"repairImgList\":[{\"picUrl\":\"https://quan-picture-1259287960.cos.ap-guangzhou.myqcloud.com/1171/0e7ae5844fef421d91a543ab2705570b.jpeg\",\"isFurniturePhoto\":1,\"relatedItems\":\"电表\"},{\"picUrl\":\"https://quan-picture-1259287960.cos.ap-guangzhou.myqcloud.com/1171/40a1e681e079406698c8d063b6e69377.jpeg\",\"isFurniturePhoto\":1,\"relatedItems\":\"水表\"}],\"datacenterHost\":\"http://app-center-huiju-cloudkeeper-datacenter.ke.com\",\"userName\":\"武汉贝壳租房服务管家惠毓\",\"userId\":1000000020134201,\"aiType\":2,\"ruleHost\":\"http://rule.cloudkeeper.huiju.ke.com\",\"msgTime\":\"2026-06-30 10:45:23\",\"senderType\":4,\"inContractId\":7519993,\"resblockId\":\"3711063520355\",\"contractCode\":\"TGCF2603594526\",\"atList\":\"\"},\"answerGenerated\":false,\"require\":\"解约流程规则\",\"sessionId\":\"new_session_id:SERVICE_KEEPER--GROUP_CHAT--10742919845133111--6#1782787339000\",\"aiInvolve\":\"0\",\"picture\":\"\",\"intention\":\"解约流程规则\",\"businessScene\":2,\"firstTrigger\":0,\"answer\":\" \",\"senderType\":4,\"contractCode\":\"TGCF2603594526\",\"sessionInitiator\":2,\"matchingPlan\":\"GENERAL\",\"messageContent\":\"没问题 怎么把钱结算 直接在群里发给你吗\"}",
              "data_args": "{\"funData\":[\"1,0,2,3,4\"],\"conditionCode\":[\"isAtPerson\"]}",
              "timestamp": "2026-06-30T10:45:29.993+08:00"
            },
            "fields": {
              "timestamp": [
                "2026-06-30T02:45:29.993Z"
              ]
            },
            "highlight": {
              "data_uri": [
                "/@kibana-highlighted-field@ruleCondition@/kibana-highlighted-field@/@kibana-highlighted-field@aiAutoReply@/kibana-highlighted-field@/@kibana-highlighted-field@execute@/kibana-highlighted-field@"
              ],
              "data_bltag": [
                "@kibana-highlighted-field@request_in@/kibana-highlighted-field@"
              ]
            },
            "sort": [
              1782787529993
            ]
          },
          {
            "_index": "index-11408-13176_2026-06-30",
            "_type": "_doc",
            "_id": "MmZqFp8BdpG7oQCU8QDD",
            "_version": 1,
            "_score": null,
            "_source": {
              "data_ext_headers": "{}",
              "data_remote_port": "36118",
              "data_remote_ip": "10.19.2.28",
              "data_req_type": "HTTP/1.1",
              "data_bltag": "request_in",
              "machineName": "envType_prod__huiju-private-domain-lease-3361289013-555d9c65c6-jm4x8",
              "tid": "512292-10.22.115.62-173-1782787529700-7499",
              "sid": "453460-10.226.89.170-1835-1782787529988-4276",
              "data_segmentid": "453460-10.226.89.170-1835-1782787529988-4276",
              "spanId": "17",
              "data_uri": "/ruleCondition/aiAutoReply/execute",
              "data_local_ip": "10.226.89.170",
              "loglevel": "INFO",
              "data_body": "{\"cityCode\":\"510100\",\"groupId\":\"10899509714252036\",\"className\":\"com.ke.huiju.cloudkeeper.support.vo.fact.ServiceKeeperFact\",\"isConfident\":\"1\",\"caseType\":\"意图引导\",\"requestId\":\"2265683\",\"serviceId\":\"private-domain-lease\",\"triggerSource\":10,\"isInfoComplete\":\"0\",\"fixOrderInfo\":{\"房屋地址\":\"\",\"故障物品\":\"\",\"故障区域\":\"\",\"故障现象\":\"\",\"服务项目\":\"\",\"故障图片\":\"\",\"联系人电话\":\"\",\"联系人姓名\":\"\"},\"traceId\":\"2265683\",\"question\":\"意图引导\",\"extParam\":{\"leaseHost\":\"http://app-center-huiju-private-domain-lease.ke.com\",\"houseId\":\"106122655418\",\"bizType\":\"test\",\"contactInfo\":\"{\\\"address\\\":\\\"双流区华府大道二段265号1栋12楼1207号三都汇潮里\\\",\\\"name\\\":\\\"杨添翔\\\",\\\"phone\\\":\\\"191****6484\\\"}\",\"cityCode\":\"510100\",\"groupId\":\"10899509714252036\",\"msgId\":\"2265683\",\"nowDateStr\":\"2026-06-30 10:45:25\",\"latestMsgId\":\"2265683\",\"cityName\":\"成都\",\"imgConvertResult\":0,\"inContractCode\":\"TG2504270069\",\"aiRobotUserId\":\"31653916\",\"triggerSource\":10,\"fixOrderInfo\":{\"房屋地址\":\"\",\"故障物品\":\"\",\"故障区域\":\"\",\"故障现象\":\"\",\"服务项目\":\"\",\"故障图片\":\"\",\"联系人电话\":\"\",\"联系人姓名\":\"\"},\"robotWeworkId\":\"31163225\",\"aiRobotUcId\":1000000031653916,\"isHasHistory\":1,\"sessionId\":\"new_session_id:SERVICE_KEEPER--GROUP_CHAT--10899509714252036--1#1782785757000\",\"datacenterHost\":\"http://app-center-huiju-cloudkeeper-datacenter.ke.com\",\"userName\":\"成都贝壳租房服务管家惠霓\",\"userId\":1000000030998375,\"aiType\":2,\"ruleHost\":\"http://rule.cloudkeeper.huiju.ke.com\",\"msgTime\":\"2026-06-30 10:16:06\",\"senderType\":4,\"inContractId\":3844199,\"previousIntention\":\"意图引导\",\"resblockId\":\"1620034621251487\",\"contractCode\":\"TGCF2605128247\",\"atList\":\"accchhVyB2R2TvJf75mA7Fk\"},\"answerGenerated\":false,\"require\":\"意图引导\",\"sessionId\":\"new_session_id:SERVICE_KEEPER--GROUP_CHAT--10899509714252036--1#1782785757000\",\"aiInvolve\":\"0\",\"picture\":\"\",\"intention\":\"意图引导\",\"businessScene\":2,\"firstTrigger\":0,\"answer\":\" \",\"senderType\":4,\"contractCode\":\"TGCF2605128247\",\"sessionInitiator\":4,\"matchingPlan\":\"GENERAL\",\"messageContent\":\"@赵渊博 \"}",
              "data_args": "{\"conditionCode\":[\"emotionalRadarResult\"]}",
              "timestamp": "2026-06-30T10:45:29.989+08:00"
            },
            "fields": {
              "timestamp": [
                "2026-06-30T02:45:29.989Z"
              ]
            },
            "highlight": {
              "data_uri": [
                "/@kibana-highlighted-field@ruleCondition@/kibana-highlighted-field@/@kibana-highlighted-field@aiAutoReply@/kibana-highlighted-field@/@kibana-highlighted-field@execute@/kibana-highlighted-field@"
              ],
              "data_bltag": [
                "@kibana-highlighted-field@request_in@/kibana-highlighted-field@"
              ]
            },
            "sort": [
              1782787529989
            ]
          },
          {
            "_index": "index-11408-13176_2026-06-30",
            "_type": "_doc",
            "_id": "eWVqFp8BdpG7oQCU8MQe",
            "_version": 1,
            "_score": null,
            "_source": {
              "data_ext_headers": "{}",
              "data_remote_port": "43860",
              "data_remote_ip": "10.19.2.24",
              "data_req_type": "HTTP/1.1",
              "data_bltag": "request_in",
              "machineName": "envType_prod__huiju-private-domain-lease-3361289013-555d9c65c6-f6htb",
              "tid": "512292-10.22.40.74-167-1782787529835-7631",
              "sid": "453460-10.226.82.200-1795-1782787529986-8646",
              "data_segmentid": "453460-10.226.82.200-1795-1782787529986-8646",
              "spanId": "9",
              "data_uri": "/ruleCondition/aiAutoReply/execute",
              "data_local_ip": "10.226.82.200",
              "loglevel": "INFO",
              "data_body": "{\"cityCode\":\"510100\",\"groupId\":\"10899509714252036\",\"className\":\"com.ke.huiju.cloudkeeper.support.vo.fact.ServiceKeeperFact\",\"isConfident\":\"1\",\"caseType\":\"意图引导\",\"requestId\":\"2265683\",\"serviceId\":\"private-domain-lease\",\"triggerSource\":10,\"isInfoComplete\":\"0\",\"fixOrderInfo\":{\"房屋地址\":\"\",\"故障物品\":\"\",\"故障区域\":\"\",\"故障现象\":\"\",\"服务项目\":\"\",\"故障图片\":\"\",\"联系人电话\":\"\",\"联系人姓名\":\"\"},\"traceId\":\"2265683\",\"question\":\"意图引导\",\"extParam\":{\"leaseHost\":\"http://app-center-huiju-private-domain-lease.ke.com\",\"houseId\":\"106122655418\",\"bizType\":\"test\",\"contactInfo\":\"{\\\"address\\\":\\\"双流区华府大道二段265号1栋12楼1207号三都汇潮里\\\",\\\"name\\\":\\\"杨添翔\\\",\\\"phone\\\":\\\"191****6484\\\"}\",\"cityCode\":\"510100\",\"groupId\":\"10899509714252036\",\"msgId\":\"2265683\",\"nowDateStr\":\"2026-06-30 10:45:25\",\"latestMsgId\":\"2265683\",\"cityName\":\"成都\",\"imgConvertResult\":0,\"inContractCode\":\"TG2504270069\",\"aiRobotUserId\":\"31653916\",\"triggerSource\":10,\"fixOrderInfo\":{\"房屋地址\":\"\",\"故障物品\":\"\",\"故障区域\":\"\",\"故障现象\":\"\",\"服务项目\":\"\",\"故障图片\":\"\",\"联系人电话\":\"\",\"联系人姓名\":\"\"},\"robotWeworkId\":\"31163225\",\"aiRobotUcId\":1000000031653916,\"isHasHistory\":1,\"sessionId\":\"new_session_id:SERVICE_KEEPER--GROUP_CHAT--10899509714252036--1#1782785757000\",\"datacenterHost\":\"http://app-center-huiju-cloudkeeper-datacenter.ke.com\",\"userName\":\"成都贝壳租房服务管家惠霓\",\"userId\":1000000030998375,\"aiType\":2,\"ruleHost\":\"http://rule.cloudkeeper.huiju.ke.com\",\"msgTime\":\"2026-06-30 10:16:06\",\"senderType\":4,\"inContractId\":3844199,\"previousIntention\":\"意图引导\",\"resblockId\":\"1620034621251487\",\"contractCode\":\"TGCF2605128247\",\"atList\":\"accchhVyB2R2TvJf75mA7Fk\"},\"answerGenerated\":false,\"require\":\"意图引导\",\"sessionId\":\"new_session_id:SERVICE_KEEPER--GROUP_CHAT--10899509714252036--1#1782785757000\",\"aiInvolve\":\"0\",\"picture\":\"\",\"intention\":\"意图引导\",\"businessScene\":2,\"firstTrigger\":0,\"answer\":\" \",\"senderType\":4,\"contractCode\":\"TGCF2605128247\",\"sessionInitiator\":4,\"matchingPlan\":\"GENERAL\",\"messageContent\":\"@赵渊博 \"}",
              "data_args": "{\"funData\":[\"6\"],\"conditionCode\":[\"isAtPerson\"]}",
              "timestamp": "2026-06-30T10:45:29.986+08:00"
            },
            "fields": {
              "timestamp": [
                "2026-06-30T02:45:29.986Z"
              ]
            },
            "highlight": {
              "data_uri": [
                "/@kibana-highlighted-field@ruleCondition@/kibana-highlighted-field@/@kibana-highlighted-field@aiAutoReply@/kibana-highlighted-field@/@kibana-highlighted-field@execute@/kibana-highlighted-field@"
              ],
              "data_bltag": [
                "@kibana-highlighted-field@request_in@/kibana-highlighted-field@"
              ]
            },
            "sort": [
              1782787529986
            ]
          },
          {
            "_index": "index-11408-13176_2026-06-30",
            "_type": "_doc",
            "_id": "v2RqFp8BdpG7oQCU6JZU",
            "_version": 1,
            "_score": null,
            "_source": {
              "data_ext_headers": "{}",
              "data_remote_port": "13788",
              "data_req_type": "HTTP/1.1",
              "data_remote_ip": "10.19.5.34",
              "data_bltag": "request_in",
              "machineName": "envType_prod__huiju-private-domain-lease-3361289013-555d9c65c6-7vbf6",
              "tid": "512292-10.226.96.176-151-1782787529892-9175",
              "sid": "453460-10.22.115.239-27433-1782787529983-6872",
              "data_segmentid": "453460-10.22.115.239-27433-1782787529983-6872",
              "spanId": "5",
              "data_uri": "/ruleCondition/aiAutoReply/execute",
              "data_local_ip": "10.22.115.239",
              "loglevel": "INFO",
              "data_body": "{\"traceId\":\"453460-10.22.115.80-1191-1782787529838-747\",\"extParam\":{\"robotWeworkId\":\"31622203\",\"leaseHost\":\"http://app-center-huiju-private-domain-lease.ke.com\",\"houseId\":\"101129315356\",\"contactInfo\":\"{\\\"address\\\":\\\"河西区景兴里24-405-407\\\",\\\"name\\\":\\\"刘晶晶\\\",\\\"phone\\\":\\\"155****3508\\\"}\",\"cityCode\":\"120000\",\"groupId\":\"10787665104501684\",\"aiRobotUcId\":1000000031278448,\"msgId\":\"1129877\",\"datacenterHost\":\"http://app-center-huiju-cloudkeeper-datacenter.ke.com\",\"latestMsgId\":\"1129877\",\"ruleHost\":\"http://rule.cloudkeeper.huiju.ke.com\",\"msgTime\":1782787529000,\"senderType\":5,\"aiRobotUserId\":\"31278448\",\"triggerSource\":10,\"contractCode\":\"TGCF2606234687\",\"atList\":\"\"},\"cityCode\":\"120000\",\"groupId\":\"10787665104501684\",\"className\":\"com.ke.huiju.cloudkeeper.support.vo.fact.ServiceKeeperFact\",\"isConfident\":\"0\",\"sessionId\":\"new_session_id:SERVICE_KEEPER--GROUP_CHAT--10787665104501684--3#1782787522000\",\"aiInvolve\":\"0\",\"businessScene\":1,\"firstTrigger\":0,\"requestId\":\"1129877\",\"senderType\":5,\"serviceId\":\"private-domain-lease\",\"triggerSource\":10,\"contractCode\":\"TGCF2606234687\",\"sessionInitiator\":5,\"matchingPlan\":\"GENERAL\",\"isInfoComplete\":\"0\",\"messageContent\":\"https://image1.ljcdn.com/rent-front-image/7ade5e6c07f34308d384acaf9231e0db.jpg\"}",
              "data_args": "{\"conditionCode\":[\"renewCardPushed\"]}",
              "timestamp": "2026-06-30T10:45:29.983+08:00"
            },
            "fields": {
              "timestamp": [
                "2026-06-30T02:45:29.983Z"
              ]
            },
            "highlight": {
              "data_uri": [
                "/@kibana-highlighted-field@ruleCondition@/kibana-highlighted-field@/@kibana-highlighted-field@aiAutoReply@/kibana-highlighted-field@/@kibana-highlighted-field@execute@/kibana-highlighted-field@"
              ],
              "data_bltag": [
                "@kibana-highlighted-field@request_in@/kibana-highlighted-field@"
              ]
            },
            "sort": [
              1782787529983
            ]
          },
          {
            "_index": "index-11408-13176_2026-06-30",
            "_type": "_doc",
            "_id": "5WVqFp8BdpG7oQCU8eYk",
            "_version": 1,
            "_score": null,
            "_source": {
              "data_ext_headers": "{}",
              "data_remote_port": "34048",
              "data_remote_ip": "10.19.5.37",
              "data_req_type": "HTTP/1.1",
              "data_bltag": "request_in",
              "machineName": "envType_prod__huiju-private-domain-lease-3361289013-555d9c65c6-f6htb",
              "tid": "512292-10.226.96.208-164-1782787529898-4027",
              "sid": "453460-10.226.82.200-10845-1782787529982-1230",
              "data_segmentid": "453460-10.226.82.200-10845-1782787529982-1230",
              "spanId": "6",
              "data_uri": "/ruleCondition/aiAutoReply/execute",
              "data_local_ip": "10.226.82.200",
              "loglevel": "INFO",
              "data_body": "{\"cityCode\":\"420100\",\"groupId\":\"10742919845133111\",\"className\":\"com.ke.huiju.cloudkeeper.support.vo.fact.ServiceKeeperFact\",\"isConfident\":\"1\",\"caseType\":\"解约流程规则\",\"requestId\":\"2655660\",\"serviceId\":\"private-domain-lease\",\"triggerSource\":10,\"isInfoComplete\":\"0\",\"fixOrderInfo\":{\"房屋地址\":\"\",\"故障物品\":\"\",\"故障区域\":\"\",\"故障现象\":\"\",\"服务项目\":\"\",\"故障图片\":\"\",\"联系人电话\":\"\",\"联系人姓名\":\"\"},\"traceId\":\"2655660\",\"question\":\"解约流程规则\",\"extParam\":{\"leaseHost\":\"http://app-center-huiju-private-domain-lease.ke.com\",\"houseId\":\"104119437598\",\"bizType\":\"test\",\"contactInfo\":\"{\\\"address\\\":\\\"永利国际大厦1栋1单元1804\\\",\\\"name\\\":\\\"应远妃\\\",\\\"phone\\\":\\\"157****2243\\\"}\",\"cityCode\":\"420100\",\"groupId\":\"10742919845133111\",\"msgId\":\"2655660\",\"nowDateStr\":\"2026-06-30 10:45:25\",\"latestMsgId\":\"2655660\",\"cityName\":\"武汉\",\"imgConvertResult\":0,\"inContractCode\":\"TG2603057640\",\"aiRobotUserId\":\"31279224\",\"triggerSource\":10,\"fixOrderInfo\":{\"房屋地址\":\"\",\"故障物品\":\"\",\"故障区域\":\"\",\"故障现象\":\"\",\"服务项目\":\"\",\"故障图片\":\"\",\"联系人电话\":\"\",\"联系人姓名\":\"\"},\"robotWeworkId\":\"31151605\",\"aiRobotUcId\":1000000031279224,\"isHasHistory\":1,\"sessionId\":\"new_session_id:SERVICE_KEEPER--GROUP_CHAT--10742919845133111--6#1782787339000\",\"repairImgList\":[{\"picUrl\":\"https://quan-picture-1259287960.cos.ap-guangzhou.myqcloud.com/1171/0e7ae5844fef421d91a543ab2705570b.jpeg\",\"isFurniturePhoto\":1,\"relatedItems\":\"电表\"},{\"picUrl\":\"https://quan-picture-1259287960.cos.ap-guangzhou.myqcloud.com/1171/40a1e681e079406698c8d063b6e69377.jpeg\",\"isFurniturePhoto\":1,\"relatedItems\":\"水表\"}],\"datacenterHost\":\"http://app-center-huiju-cloudkeeper-datacenter.ke.com\",\"userName\":\"武汉贝壳租房服务管家惠毓\",\"userId\":1000000020134201,\"aiType\":2,\"ruleHost\":\"http://rule.cloudkeeper.huiju.ke.com\",\"msgTime\":\"2026-06-30 10:45:23\",\"senderType\":4,\"inContractId\":7519993,\"resblockId\":\"3711063520355\",\"contractCode\":\"TGCF2603594526\",\"atList\":\"\"},\"answerGenerated\":false,\"require\":\"解约流程规则\",\"sessionId\":\"new_session_id:SERVICE_KEEPER--GROUP_CHAT--10742919845133111--6#1782787339000\",\"aiInvolve\":\"0\",\"picture\":\"\",\"intention\":\"解约流程规则\",\"businessScene\":2,\"firstTrigger\":0,\"answer\":\" \",\"senderType\":4,\"contractCode\":\"TGCF2603594526\",\"sessionInitiator\":2,\"matchingPlan\":\"GENERAL\",\"messageContent\":\"没问题 怎么把钱结算 直接在群里发给你吗\"}",
              "data_args": "{\"funData\":[\"5,0,1,2,3,4\"],\"conditionCode\":[\"atPersonNotInclude\"]}",
              "timestamp": "2026-06-30T10:45:29.982+08:00"
            },
            "fields": {
              "timestamp": [
                "2026-06-30T02:45:29.982Z"
              ]
            },
            "highlight": {
              "data_uri": [
                "/@kibana-highlighted-field@ruleCondition@/kibana-highlighted-field@/@kibana-highlighted-field@aiAutoReply@/kibana-highlighted-field@/@kibana-highlighted-field@execute@/kibana-highlighted-field@"
              ],
              "data_bltag": [
                "@kibana-highlighted-field@request_in@/kibana-highlighted-field@"
              ]
            },
            "sort": [
              1782787529982
            ]
          },
          {
            "_index": "index-11408-13176_2026-06-30",
            "_type": "_doc",
            "_id": "BJNqFp8Bwva2Zhli8eb3",
            "_version": 1,
            "_score": null,
            "_source": {
              "data_ext_headers": "{}",
              "data_remote_port": "23424",
              "data_req_type": "HTTP/1.1",
              "data_remote_ip": "10.19.5.14",
              "data_bltag": "request_in",
              "machineName": "envType_prod__huiju-private-domain-lease-3361289013-555d9c65c6-7ss4r",
              "tid": "512292-10.226.96.176-151-1782787529892-9175",
              "sid": "453460-10.22.110.80-2141681-1782787529976-3286",
              "data_segmentid": "453460-10.22.110.80-2141681-1782787529976-3286",
              "spanId": "5",
              "data_uri": "/ruleCondition/aiAutoReply/execute",
              "data_local_ip": "10.22.110.80",
              "loglevel": "INFO",
              "data_body": "{\"traceId\":\"453460-10.22.115.80-1191-1782787529838-747\",\"extParam\":{\"robotWeworkId\":\"31622203\",\"leaseHost\":\"http://app-center-huiju-private-domain-lease.ke.com\",\"houseId\":\"101129315356\",\"contactInfo\":\"{\\\"address\\\":\\\"河西区景兴里24-405-407\\\",\\\"name\\\":\\\"刘晶晶\\\",\\\"phone\\\":\\\"155****3508\\\"}\",\"cityCode\":\"120000\",\"groupId\":\"10787665104501684\",\"aiRobotUcId\":1000000031278448,\"msgId\":\"1129877\",\"datacenterHost\":\"http://app-center-huiju-cloudkeeper-datacenter.ke.com\",\"latestMsgId\":\"1129877\",\"ruleHost\":\"http://rule.cloudkeeper.huiju.ke.com\",\"msgTime\":1782787529000,\"senderType\":5,\"aiRobotUserId\":\"31278448\",\"triggerSource\":10,\"contractCode\":\"TGCF2606234687\",\"atList\":\"\"},\"cityCode\":\"120000\",\"groupId\":\"10787665104501684\",\"className\":\"com.ke.huiju.cloudkeeper.support.vo.fact.ServiceKeeperFact\",\"isConfident\":\"0\",\"sessionId\":\"new_session_id:SERVICE_KEEPER--GROUP_CHAT--10787665104501684--3#1782787522000\",\"aiInvolve\":\"0\",\"businessScene\":1,\"firstTrigger\":0,\"requestId\":\"1129877\",\"senderType\":5,\"serviceId\":\"private-domain-lease\",\"triggerSource\":10,\"contractCode\":\"TGCF2606234687\",\"sessionInitiator\":5,\"matchingPlan\":\"GENERAL\",\"isInfoComplete\":\"0\",\"messageContent\":\"https://image1.ljcdn.com/rent-front-image/7ade5e6c07f34308d384acaf9231e0db.jpg\"}",
              "data_args": "{\"conditionCode\":[\"getOwnerMessageType\"]}",
              "timestamp": "2026-06-30T10:45:29.976+08:00"
            },
            "fields": {
              "timestamp": [
                "2026-06-30T02:45:29.976Z"
              ]
            },
            "highlight": {
              "data_uri": [
                "/@kibana-highlighted-field@ruleCondition@/kibana-highlighted-field@/@kibana-highlighted-field@aiAutoReply@/kibana-highlighted-field@/@kibana-highlighted-field@execute@/kibana-highlighted-field@"
              ],
              "data_bltag": [
                "@kibana-highlighted-field@request_in@/kibana-highlighted-field@"
              ]
            },
            "sort": [
              1782787529976
            ]
          },
          {
            "_index": "index-11408-13176_2026-06-30",
            "_type": "_doc",
            "_id": "UWZqFp8BdpG7oQCU8zOT",
            "_version": 1,
            "_score": null,
            "_source": {
              "data_ext_headers": "{}",
              "data_remote_port": "21554",
              "data_remote_ip": "10.19.5.44",
              "data_req_type": "HTTP/1.1",
              "data_bltag": "request_in",
              "machineName": "envType_prod__huiju-private-domain-lease-3361289013-555d9c65c6-jm4x8",
              "tid": "512292-10.226.96.208-164-1782787529898-4027",
              "sid": "453460-10.226.89.170-1924-1782787529974-4288",
              "data_segmentid": "453460-10.226.89.170-1924-1782787529974-4288",
              "spanId": "4",
              "data_uri": "/ruleCondition/aiAutoReply/execute",
              "data_local_ip": "10.226.89.170",
              "loglevel": "INFO",
              "data_body": "{\"cityCode\":\"420100\",\"groupId\":\"10742919845133111\",\"className\":\"com.ke.huiju.cloudkeeper.support.vo.fact.ServiceKeeperFact\",\"isConfident\":\"1\",\"caseType\":\"解约流程规则\",\"requestId\":\"2655660\",\"serviceId\":\"private-domain-lease\",\"triggerSource\":10,\"isInfoComplete\":\"0\",\"fixOrderInfo\":{\"房屋地址\":\"\",\"故障物品\":\"\",\"故障区域\":\"\",\"故障现象\":\"\",\"服务项目\":\"\",\"故障图片\":\"\",\"联系人电话\":\"\",\"联系人姓名\":\"\"},\"traceId\":\"2655660\",\"question\":\"解约流程规则\",\"extParam\":{\"leaseHost\":\"http://app-center-huiju-private-domain-lease.ke.com\",\"houseId\":\"104119437598\",\"bizType\":\"test\",\"contactInfo\":\"{\\\"address\\\":\\\"永利国际大厦1栋1单元1804\\\",\\\"name\\\":\\\"应远妃\\\",\\\"phone\\\":\\\"157****2243\\\"}\",\"cityCode\":\"420100\",\"groupId\":\"10742919845133111\",\"msgId\":\"2655660\",\"nowDateStr\":\"2026-06-30 10:45:25\",\"latestMsgId\":\"2655660\",\"cityName\":\"武汉\",\"imgConvertResult\":0,\"inContractCode\":\"TG2603057640\",\"aiRobotUserId\":\"31279224\",\"triggerSource\":10,\"fixOrderInfo\":{\"房屋地址\":\"\",\"故障物品\":\"\",\"故障区域\":\"\",\"故障现象\":\"\",\"服务项目\":\"\",\"故障图片\":\"\",\"联系人电话\":\"\",\"联系人姓名\":\"\"},\"robotWeworkId\":\"31151605\",\"aiRobotUcId\":1000000031279224,\"isHasHistory\":1,\"sessionId\":\"new_session_id:SERVICE_KEEPER--GROUP_CHAT--10742919845133111--6#1782787339000\",\"repairImgList\":[{\"picUrl\":\"https://quan-picture-1259287960.cos.ap-guangzhou.myqcloud.com/1171/0e7ae5844fef421d91a543ab2705570b.jpeg\",\"isFurniturePhoto\":1,\"relatedItems\":\"电表\"},{\"picUrl\":\"https://quan-picture-1259287960.cos.ap-guangzhou.myqcloud.com/1171/40a1e681e079406698c8d063b6e69377.jpeg\",\"isFurniturePhoto\":1,\"relatedItems\":\"水表\"}],\"datacenterHost\":\"http://app-center-huiju-cloudkeeper-datacenter.ke.com\",\"userName\":\"武汉贝壳租房服务管家惠毓\",\"userId\":1000000020134201,\"aiType\":2,\"ruleHost\":\"http://rule.cloudkeeper.huiju.ke.com\",\"msgTime\":\"2026-06-30 10:45:23\",\"senderType\":4,\"inContractId\":7519993,\"resblockId\":\"3711063520355\",\"contractCode\":\"TGCF2603594526\",\"atList\":\"\"},\"answerGenerated\":false,\"require\":\"解约流程规则\",\"sessionId\":\"new_session_id:SERVICE_KEEPER--GROUP_CHAT--10742919845133111--6#1782787339000\",\"aiInvolve\":\"0\",\"picture\":\"\",\"intention\":\"解约流程规则\",\"businessScene\":2,\"firstTrigger\":0,\"answer\":\" \",\"senderType\":4,\"contractCode\":\"TGCF2603594526\",\"sessionInitiator\":2,\"matchingPlan\":\"GENERAL\",\"messageContent\":\"没问题 怎么把钱结算 直接在群里发给你吗\"}",
              "data_args": "{\"funData\":[\"身份证,报销,续租,发票\"],\"conditionCode\":[\"judgeSessionContentMatching\"]}",
              "timestamp": "2026-06-30T10:45:29.975+08:00"
            },
            "fields": {
              "timestamp": [
                "2026-06-30T02:45:29.975Z"
              ]
            },
            "highlight": {
              "data_uri": [
                "/@kibana-highlighted-field@ruleCondition@/kibana-highlighted-field@/@kibana-highlighted-field@aiAutoReply@/kibana-highlighted-field@/@kibana-highlighted-field@execute@/kibana-highlighted-field@"
              ],
              "data_bltag": [
                "@kibana-highlighted-field@request_in@/kibana-highlighted-field@"
              ]
            },
            "sort": [
              1782787529975
            ]
          },
          {
            "_index": "index-11408-13176_2026-06-30",
            "_type": "_doc",
            "_id": "3WRqFp8BdpG7oQCU5CL0",
            "_version": 1,
            "_score": null,
            "_source": {
              "data_ext_headers": "{}",
              "data_remote_port": "26654",
              "data_remote_ip": "10.19.2.28",
              "data_req_type": "HTTP/1.1",
              "data_bltag": "request_in",
              "machineName": "envType_prod__huiju-private-domain-lease-3361289013-555d9c65c6-9cm8b",
              "tid": "512292-10.22.40.74-167-1782787529835-7631",
              "sid": "453460-10.226.84.58-1832-1782787529970-3382",
              "data_segmentid": "453460-10.226.84.58-1832-1782787529970-3382",
              "spanId": "8",
              "data_uri": "/ruleCondition/aiAutoReply/execute",
              "data_local_ip": "10.226.84.58",
              "loglevel": "INFO",
              "data_body": "{\"cityCode\":\"510100\",\"groupId\":\"10899509714252036\",\"className\":\"com.ke.huiju.cloudkeeper.support.vo.fact.ServiceKeeperFact\",\"isConfident\":\"1\",\"caseType\":\"意图引导\",\"requestId\":\"2265683\",\"serviceId\":\"private-domain-lease\",\"triggerSource\":10,\"isInfoComplete\":\"0\",\"fixOrderInfo\":{\"房屋地址\":\"\",\"故障物品\":\"\",\"故障区域\":\"\",\"故障现象\":\"\",\"服务项目\":\"\",\"故障图片\":\"\",\"联系人电话\":\"\",\"联系人姓名\":\"\"},\"traceId\":\"2265683\",\"question\":\"意图引导\",\"extParam\":{\"leaseHost\":\"http://app-center-huiju-private-domain-lease.ke.com\",\"houseId\":\"106122655418\",\"bizType\":\"test\",\"contactInfo\":\"{\\\"address\\\":\\\"双流区华府大道二段265号1栋12楼1207号三都汇潮里\\\",\\\"name\\\":\\\"杨添翔\\\",\\\"phone\\\":\\\"191****6484\\\"}\",\"cityCode\":\"510100\",\"groupId\":\"10899509714252036\",\"msgId\":\"2265683\",\"nowDateStr\":\"2026-06-30 10:45:25\",\"latestMsgId\":\"2265683\",\"cityName\":\"成都\",\"imgConvertResult\":0,\"inContractCode\":\"TG2504270069\",\"aiRobotUserId\":\"31653916\",\"triggerSource\":10,\"fixOrderInfo\":{\"房屋地址\":\"\",\"故障物品\":\"\",\"故障区域\":\"\",\"故障现象\":\"\",\"服务项目\":\"\",\"故障图片\":\"\",\"联系人电话\":\"\",\"联系人姓名\":\"\"},\"robotWeworkId\":\"31163225\",\"aiRobotUcId\":1000000031653916,\"isHasHistory\":1,\"sessionId\":\"new_session_id:SERVICE_KEEPER--GROUP_CHAT--10899509714252036--1#1782785757000\",\"datacenterHost\":\"http://app-center-huiju-cloudkeeper-datacenter.ke.com\",\"userName\":\"成都贝壳租房服务管家惠霓\",\"userId\":1000000030998375,\"aiType\":2,\"ruleHost\":\"http://rule.cloudkeeper.huiju.ke.com\",\"msgTime\":\"2026-06-30 10:16:06\",\"senderType\":4,\"inContractId\":3844199,\"previousIntention\":\"意图引导\",\"resblockId\":\"1620034621251487\",\"contractCode\":\"TGCF2605128247\",\"atList\":\"accchhVyB2R2TvJf75mA7Fk\"},\"answerGenerated\":false,\"require\":\"意图引导\",\"sessionId\":\"new_session_id:SERVICE_KEEPER--GROUP_CHAT--10899509714252036--1#1782785757000\",\"aiInvolve\":\"0\",\"picture\":\"\",\"intention\":\"意图引导\",\"businessScene\":2,\"firstTrigger\":0,\"answer\":\" \",\"senderType\":4,\"contractCode\":\"TGCF2605128247\",\"sessionInitiator\":4,\"matchingPlan\":\"GENERAL\",\"messageContent\":\"@赵渊博 \"}",
              "data_args": "{\"funData\":[\"0,1,2,3,4,5,6\"],\"conditionCode\":[\"isAtPerson\"]}",
              "timestamp": "2026-06-30T10:45:29.970+08:00"
            },
            "fields": {
              "timestamp": [
                "2026-06-30T02:45:29.970Z"
              ]
            },
            "highlight": {
              "data_uri": [
                "/@kibana-highlighted-field@ruleCondition@/kibana-highlighted-field@/@kibana-highlighted-field@aiAutoReply@/kibana-highlighted-field@/@kibana-highlighted-field@execute@/kibana-highlighted-field@"
              ],
              "data_bltag": [
                "@kibana-highlighted-field@request_in@/kibana-highlighted-field@"
              ]
            },
            "sort": [
              1782787529970
            ]
          }
        ]
      },
      "aggregations": {
        "2": {
          "buckets": [
            {
              "key_as_string": "2026-06-30T10:43:30.000+08:00",
              "key": 1782787410000,
              "doc_count": 14941
            },
            {
              "key_as_string": "2026-06-30T10:44:00.000+08:00",
              "key": 1782787440000,
              "doc_count": 14335
            },
            {
              "key_as_string": "2026-06-30T10:44:30.000+08:00",
              "key": 1782787470000,
              "doc_count": 16366
            },
            {
              "key_as_string": "2026-06-30T10:45:00.000+08:00",
              "key": 1782787500000,
              "doc_count": 17490
            }
          ]
        }
      }
    },
    "total": 3,
    "loaded": 3
  }
}