{
  "meta": {
    "server": "fast106",
    "index": "index-11408-13176_2026-06-29",
    "query_time": "2026-06-29T19:00:43.877517",
    "hash": "7409a8cc19df"
  },
  "request": {
    "params": {
      "ignoreThrottled": true,
      "preference": 1780483834299,
      "index": "index-11408-13176_2026-06-29",
      "body": {
        "version": true,
        "size": 50,
        "sort": [
          {
            "timestamp": {
              "order": "desc",
              "unmapped_type": "boolean"
            }
          }
        ],
        "aggs": {
          "2": {
            "date_histogram": {
              "field": "timestamp",
              "fixed_interval": "30s",
              "time_zone": "Asia/Shanghai",
              "min_doc_count": 1
            }
          }
        },
        "stored_fields": [
          "*"
        ],
        "script_fields": {},
        "docvalue_fields": [
          {
            "field": "timestamp",
            "format": "date_time"
          }
        ],
        "_source": {
          "excludes": []
        },
        "query": {
          "bool": {
            "must": [
              {
                "query_string": {
                  "query": "/api/valet/contract/workCity AND (499 OR timeout OR upstream OR client prematurely closed connection)",
                  "analyze_wildcard": true,
                  "time_zone": "Asia/Shanghai"
                }
              }
            ],
            "filter": [
              {
                "range": {
                  "timestamp": {
                    "gte": "2026-06-29T02:55:00.000Z",
                    "lte": "2026-06-29T03:15:00.000Z",
                    "format": "strict_date_optional_time"
                  }
                }
              }
            ],
            "should": [],
            "must_not": []
          }
        },
        "highlight": {
          "pre_tags": [
            "@kibana-highlighted-field@"
          ],
          "post_tags": [
            "@/kibana-highlighted-field@"
          ],
          "fields": {
            "*": {}
          },
          "fragment_size": 2147483647
        }
      },
      "rest_total_hits_as_int": true,
      "ignore_unavailable": true,
      "ignore_throttled": true,
      "timeout": "30000ms"
    },
    "serverStrategy": "es"
  },
  "response": {
    "id": "FjdwUXNfRWE3UjhlaHZpZzZUN0NOb3cfR2RXdmRHTWJTQVNfSTBPMGI4T25Ddzo4Njk1MDYzMA==",
    "is_partial": true,
    "is_running": true,
    "rawResponse": {
      "took": 1001,
      "timed_out": false,
      "_shards": {
        "total": 3,
        "successful": 3,
        "skipped": 0,
        "failed": 0
      },
      "hits": {
        "total": 41,
        "max_score": null,
        "hits": []
      },
      "aggregations": {
        "2": {
          "buckets": [
            {
              "key_as_string": "2026-06-29T10:57:00.000+08:00",
              "key": 1782701820000,
              "doc_count": 14
            },
            {
              "key_as_string": "2026-06-29T10:57:30.000+08:00",
              "key": 1782701850000,
              "doc_count": 2
            },
            {
              "key_as_string": "2026-06-29T10:58:00.000+08:00",
              "key": 1782701880000,
              "doc_count": 2
            },
            {
              "key_as_string": "2026-06-29T10:58:30.000+08:00",
              "key": 1782701910000,
              "doc_count": 3
            },
            {
              "key_as_string": "2026-06-29T10:59:00.000+08:00",
              "key": 1782701940000,
              "doc_count": 2
            },
            {
              "key_as_string": "2026-06-29T10:59:30.000+08:00",
              "key": 1782701970000,
              "doc_count": 5
            },
            {
              "key_as_string": "2026-06-29T11:00:30.000+08:00",
              "key": 1782702030000,
              "doc_count": 2
            },
            {
              "key_as_string": "2026-06-29T11:01:00.000+08:00",
              "key": 1782702060000,
              "doc_count": 3
            },
            {
              "key_as_string": "2026-06-29T11:02:30.000+08:00",
              "key": 1782702150000,
              "doc_count": 1
            },
            {
              "key_as_string": "2026-06-29T11:03:00.000+08:00",
              "key": 1782702180000,
              "doc_count": 2
            },
            {
              "key_as_string": "2026-06-29T11:05:30.000+08:00",
              "key": 1782702330000,
              "doc_count": 1
            },
            {
              "key_as_string": "2026-06-29T11:06:00.000+08:00",
              "key": 1782702360000,
              "doc_count": 4
            }
          ]
        }
      }
    },
    "total": 3,
    "loaded": 3
  }
}