{
  "meta": {
    "server": "fast106",
    "index": "index-11408-13176_2026-06-29",
    "query_time": "2026-06-29T19:00:43.836423",
    "hash": "768724963733"
  },
  "request": {
    "params": {
      "ignoreThrottled": true,
      "preference": 1780483834299,
      "index": "index-11408-13176_2026-06-29",
      "body": {
        "version": true,
        "size": 50,
        "sort": [
          {
            "timestamp": {
              "order": "desc",
              "unmapped_type": "boolean"
            }
          }
        ],
        "aggs": {
          "2": {
            "date_histogram": {
              "field": "timestamp",
              "fixed_interval": "30s",
              "time_zone": "Asia/Shanghai",
              "min_doc_count": 1
            }
          }
        },
        "stored_fields": [
          "*"
        ],
        "script_fields": {},
        "docvalue_fields": [
          {
            "field": "timestamp",
            "format": "date_time"
          }
        ],
        "_source": {
          "excludes": []
        },
        "query": {
          "bool": {
            "must": [
              {
                "query_string": {
                  "query": "/api/detail/by/contractId AND (499 OR timeout OR upstream OR client prematurely closed connection)",
                  "analyze_wildcard": true,
                  "time_zone": "Asia/Shanghai"
                }
              }
            ],
            "filter": [
              {
                "range": {
                  "timestamp": {
                    "gte": "2026-06-29T02:55:00.000Z",
                    "lte": "2026-06-29T03:15:00.000Z",
                    "format": "strict_date_optional_time"
                  }
                }
              }
            ],
            "should": [],
            "must_not": []
          }
        },
        "highlight": {
          "pre_tags": [
            "@kibana-highlighted-field@"
          ],
          "post_tags": [
            "@/kibana-highlighted-field@"
          ],
          "fields": {
            "*": {}
          },
          "fragment_size": 2147483647
        }
      },
      "rest_total_hits_as_int": true,
      "ignore_unavailable": true,
      "ignore_throttled": true,
      "timeout": "30000ms"
    },
    "serverStrategy": "es"
  },
  "response": {
    "id": "FlE1NUFfaFNSUmJTNFltd21BdFlZQ2cfSEZMWUZXT3lSM0tlTXhJQVVwTzFoUTozOTQ1NzI5NQ==",
    "is_partial": true,
    "is_running": true,
    "rawResponse": {
      "took": 1002,
      "timed_out": false,
      "num_reduce_phases": 0,
      "_shards": {
        "total": 3,
        "successful": 0,
        "skipped": 0,
        "failed": 0
      },
      "hits": {
        "total": 0,
        "max_score": null,
        "hits": []
      }
    },
    "total": 3,
    "loaded": 0
  }
}