{
  "meta": {
    "server": "fast106",
    "index": "index-11408-13176_2026-06-29",
    "query_time": "2026-06-30T10:43:40.836480",
    "hash": "b41935c9ad21"
  },
  "request": {
    "params": {
      "ignoreThrottled": true,
      "preference": 1780483834299,
      "index": "index-11408-13176_2026-06-29",
      "body": {
        "version": true,
        "size": 1000,
        "sort": [
          {
            "timestamp": {
              "order": "desc",
              "unmapped_type": "boolean"
            }
          }
        ],
        "aggs": {
          "2": {
            "date_histogram": {
              "field": "timestamp",
              "fixed_interval": "30s",
              "time_zone": "Asia/Shanghai",
              "min_doc_count": 1
            }
          }
        },
        "stored_fields": [
          "*"
        ],
        "script_fields": {},
        "docvalue_fields": [
          {
            "field": "timestamp",
            "format": "date_time"
          }
        ],
        "_source": {
          "excludes": []
        },
        "query": {
          "bool": {
            "must": [
              {
                "match_all": {}
              }
            ],
            "filter": [
              {
                "match_phrase": {
                  "data_info_msg": "/ruleCondition/aiAutoReply/execute"
                }
              },
              {
                "range": {
                  "timestamp": {
                    "gte": "2026-06-29T07:55:00.000Z",
                    "lte": "2026-06-29T08:05:00.000Z",
                    "format": "strict_date_optional_time"
                  }
                }
              }
            ],
            "should": [],
            "must_not": []
          }
        },
        "highlight": {
          "pre_tags": [
            "@kibana-highlighted-field@"
          ],
          "post_tags": [
            "@/kibana-highlighted-field@"
          ],
          "fields": {
            "*": {}
          },
          "fragment_size": 2147483647
        }
      },
      "rest_total_hits_as_int": true,
      "ignore_unavailable": true,
      "ignore_throttled": true,
      "timeout": "30000ms"
    },
    "serverStrategy": "es"
  },
  "response": {
    "is_partial": false,
    "is_running": false,
    "rawResponse": {
      "took": 18,
      "timed_out": false,
      "_shards": {
        "total": 3,
        "successful": 3,
        "skipped": 0,
        "failed": 0
      },
      "hits": {
        "total": 4,
        "max_score": null,
        "hits": [
          {
            "_index": "index-11408-13176_2026-06-29",
            "_type": "_doc",
            "_id": "WiBkEp8BdpG7oQCUdR5n",
            "_version": 1,
            "_score": null,
            "_source": {
              "data_segmentid": "N/A",
              "spanId": "N/A",
              "data_ext_headers": "{}",
              "data_local_ip": "10.22.110.80",
              "loglevel": "INFO",
              "data_bltag": "undefined",
              "data_info_msg": "Content of framework event message: {\"eventType\":\"ApiRecord\",\"createTime\":\"2026-06-29 15:59:59\",\"envType\":\"PROD\",\"serviceId\":\"huiju-private-domain-lease\",\"uri\":\"http://10.22.110.80:8080\",\"contextPath\":\"\",\"metaData\":[{\"caller\":\"huiju-cloudkeeper-core\",\"callee\":\"huiju-private-domain-lease\",\"method\":\"DUBBO\",\"path\":\"com.huiju.privatedomain.lease.api.service.FirstKeeperResblockRelFacade:null:1.0.0#queryByHouse_(com.huiju.privatedomain.lease.api.vo.request.QueryFirstKeeperResblockRelByHouseReq)\",\"callTime\":\"2026-06-29 15:59:15\"},{\"caller\":\"huiju-cloudkeeper-core\",\"callee\":\"huiju-private-domain-lease\",\"method\":\"DUBBO\",\"path\":\"com.huiju.privatedomain.lease.api.service.GroupChatFacade:null:1.0.0#closeGroupChatSession_(java.lang.String,java.lang.String)\",\"callTime\":\"2026-06-29 15:59:41\"},{\"caller\":\"huiju-managing-house\",\"callee\":\"huiju-private-domain-lease\",\"method\":\"POST\",\"path\":\"/message/getFriendInfo\",\"callTime\":\"2026-06-29 15:53:55\"},{\"caller\":\"api-easy-rent-contract\",\"callee\":\"huiju-private-domain-lease\",\"method\":\"POST\",\"path\":\"/api/friend/applyByPhone\",\"callTime\":\"2026-06-29 15:59:45\"},{\"caller\":\"api-easy-rent-contract\",\"callee\":\"huiju-private-domain-lease\",\"method\":\"POST\",\"path\":\"/message/getFriendInfo\",\"callTime\":\"2026-06-29 15:59:58\"},{\"caller\":\"api-easy-rent-contract\",\"callee\":\"huiju-private-domain-lease\",\"method\":\"POST\",\"path\":\"/message/send\",\"callTime\":\"2026-06-29 15:59:53\"},{\"caller\":\"huiju-cloudkeeper-core\",\"callee\":\"huiju-private-domain-lease\",\"method\":\"DUBBO\",\"path\":\"com.huiju.privatedomain.lease.api.service.PrivateDomainBasicFacade:null:1.0.0#queryCustomerInfoByContractCodes_(com.huiju.privatedomain.lease.api.vo.request.PrivateDomainCustomerInfoQueryReq)\",\"callTime\":\"2026-06-29 15:50:48\"},{\"caller\":\"huiju-house-cloudkeeper\",\"callee\":\"huiju-private-domain-lease\",\"method\":\"DUBBO\",\"path\":\"com.huiju.privatedomain.lease.api.service.AigcFacade:null:1.0.0#appealPreSummary_(com.huiju.privatedomain.lease.api.vo.request.AppealPreSummaryReq)\",\"callTime\":\"2026-06-29 15:59:40\"},{\"caller\":\"huiju-cloudkeeper-datacenter\",\"callee\":\"huiju-private-domain-lease\",\"method\":\"DUBBO\",\"path\":\"com.huiju.privatedomain.lease.api.service.PrivateDomainBasicFacade:null:1.0.0#queryCustomerInfoByContractCodes_(com.huiju.privatedomain.lease.api.vo.request.PrivateDomainCustomerInfoQueryReq)\",\"callTime\":\"2026-06-29 15:59:41\"},{\"caller\":\"huiju-house-cloudkeeper\",\"callee\":\"huiju-private-domain-lease\",\"method\":\"DUBBO\",\"path\":\"com.huiju.privatedomain.lease.api.service.GroupChatFacade:null:1.0.0#getValidOutGroupInfoByContractCode_(java.lang.String)\",\"callTime\":\"2026-06-29 15:59:54\"},{\"caller\":\"huiju-cloudkeeper-datacenter\",\"callee\":\"huiju-private-domain-lease\",\"method\":\"DUBBO\",\"path\":\"com.huiju.privatedomain.lease.api.service.TicketBasicFacade:null:1.0.0#getByTicketId_(java.lang.String)\",\"callTime\":\"2026-06-29 15:59:57\"},{\"caller\":\"huiju-cloudkeeper-core\",\"callee\":\"huiju-private-domain-lease\",\"method\":\"DUBBO\",\"path\":\"com.huiju.privatedomain.lease.api.service.GroupChatFacade:null:1.0.0#listCreatedByGroupId_(java.lang.String)\",\"callTime\":\"2026-06-29 15:58:45\"},{\"caller\":\"huiju-cloudkeeper-core\",\"callee\":\"huiju-private-domain-lease\",\"method\":\"DUBBO\",\"path\":\"com.huiju.privatedomain.lease.api.service.PrivateDomainBasicFacade:null:1.0.0#getBySenderUnionId_(java.lang.String)\",\"callTime\":\"2026-06-29 15:59:56\"},{\"caller\":\"huiju-cloudkeeper-core\",\"callee\":\"huiju-private-domain-lease\",\"method\":\"DUBBO\",\"path\":\"com.huiju.privatedomain.lease.api.service.ShuntSessionFacade:null:1.0.0#queryIdentity_(com.huiju.privatedomain.lease.api.vo.request.ShuntSessionIdentityQueryReq)\",\"callTime\":\"2026-06-29 15:59:57\"},{\"caller\":\"trusteeship-manager-workbench\",\"callee\":\"huiju-private-domain-lease\",\"method\":\"POST\",\"path\":\"/api/valet/contract/list/groupChat\",\"callTime\":\"2026-06-29 15:59:58\"},{\"caller\":\"huiju-cloudkeeper-core\",\"callee\":\"huiju-private-domain-lease\",\"method\":\"DUBBO\",\"path\":\"com.huiju.privatedomain.lease.api.service.PushNoticeFacade:null:1.0.0#sendMessage_(com.huiju.privatedomain.lease.api.vo.request.SendMessageVo)\",\"callTime\":\"2026-06-29 15:56:52\"},{\"caller\":\"zulin-home-zulin-caiwu\",\"callee\":\"huiju-private-domain-lease\",\"method\":\"DUBBO\",\"path\":\"com.huiju.privatedomain.lease.api.service.PushNoticeFacade:null:1.0.0#sendMessageByContractCode_(com.huiju.privatedomain.lease.api.vo.request.SendMessageBasicVo)\",\"callTime\":\"2026-06-29 15:57:02\"},{\"caller\":\"huiju-cloudkeeper-core\",\"callee\":\"huiju-private-domain-lease\",\"method\":\"DUBBO\",\"path\":\"com.huiju.privatedomain.lease.api.service.ShuntSessionFacade:null:1.0.0#queryGroupIdentity_(com.huiju.privatedomain.lease.api.vo.request.ShuntGroupSessionIdentityQueryReq)\",\"callTime\":\"2026-06-29 15:59:22\"},{\"caller\":\"api-easy-rent-contract\",\"callee\":\"huiju-private-domain-lease\",\"method\":\"GET\",\"path\":\"/api/friend/getShortLink\",\"callTime\":\"2026-06-29 15:59:28\"},{\"caller\":\"huiju-managing-house\",\"callee\":\"huiju-private-domain-lease\",\"method\":\"DUBBO\",\"path\":\"com.huiju.privatedomain.lease.api.service.PushNoticeFacade:null:1.0.0#sendMessageByContractCode_(com.huiju.privatedomain.lease.api.vo.request.SendMessageBasicVo)\",\"callTime\":\"2026-06-29 15:57:41\"},{\"caller\":\"huiju-cloudkeeper-datacenter\",\"callee\":\"huiju-private-domain-lease\",\"method\":\"DUBBO\",\"path\":\"com.huiju.privatedomain.lease.api.service.GroupChatFacade:null:1.0.0#listGroupChatMemberInfos_(com.huiju.privatedomain.lease.api.vo.request.GroupChatMemberInfoQueryReq)\",\"callTime\":\"2026-06-29 15:59:56\"},{\"caller\":\"beijia-basic-core\",\"callee\":\"huiju-private-domain-lease\",\"method\":\"DUBBO\",\"path\":\"com.huiju.privatedomain.lease.api.service.PushNoticeFacade:null:1.0.0#sendMessageByContractCode_(com.huiju.privatedomain.lease.api.vo.request.SendMessageBasicVo)\",\"callTime\":\"2026-06-29 15:59:26\"},{\"caller\":\"beijia-private-domain\",\"callee\":\"huiju-private-domain-lease\",\"method\":\"POST\",\"path\":\"/cloud/customer/openUrl\",\"callTime\":\"2026-06-29 15:59:40\"},{\"caller\":\"huiju-cloudkeeper-rule\",\"callee\":\"huiju-private-domain-lease\",\"method\":\"POST\",\"path\":\"/ruleCondition/private/aiAutoReply/execute\",\"callTime\":\"2026-06-29 15:59:58\"},{\"caller\":\"huiju-house-cloudkeeper\",\"callee\":\"huiju-private-domain-lease\",\"method\":\"DUBBO\",\"path\":\"com.huiju.privatedomain.lease.api.service.SignContractWhiteListFacade:null:1.0.0#queryByContractCodeForCloudKeeper_(java.lang.String)\",\"callTime\":\"2026-06-29 15:59:58\"},{\"caller\":\"api-easy-rent-contract\",\"callee\":\"huiju-private-domain-lease\",\"method\":\"POST\",\"path\":\"/api/valet/contract/workCity\",\"callTime\":\"2026-06-29 15:59:58\"},{\"caller\":\"huiju-cloudkeeper-rule\",\"callee\":\"huiju-private-domain-lease\",\"method\":\"POST\",\"path\":\"/ruleCondition/aiAutoReply/execute\",\"callTime\":\"2026-06-29 15:59:59\"},{\"caller\":\"huiju-house-cloudkeeper\",\"callee\":\"huiju-private-domain-lease\",\"method\":\"DUBBO\",\"path\":\"com.huiju.privatedomain.lease.api.service.PrivateDomainBasicFacade:null:1.0.0#queryCustomerInfoByContractCodes_(com.huiju.privatedomain.lease.api.vo.request.PrivateDomainCustomerInfoQueryReq)\",\"callTime\":\"2026-06-29 15:54:40\"}]}",
              "machineName": "envType_prod__huiju-private-domain-lease-3361289013-555d9c65c6-7ss4r",
              "tid": "N/A",
              "sid": "N/A",
              "timestamp": "2026-06-29T15:59:59.050+08:00"
            },
            "fields": {
              "timestamp": [
                "2026-06-29T07:59:59.050Z"
              ]
            },
            "highlight": {
              "data_info_msg": [
                "Content of framework event message: {\"eventType\":\"ApiRecord\",\"createTime\":\"2026-06-29 15:59:59\",\"envType\":\"PROD\",\"serviceId\":\"huiju-private-domain-lease\",\"uri\":\"http://10.22.110.80:8080\",\"contextPath\":\"\",\"metaData\":[{\"caller\":\"huiju-cloudkeeper-core\",\"callee\":\"huiju-private-domain-lease\",\"method\":\"DUBBO\",\"path\":\"com.huiju.privatedomain.lease.api.service.FirstKeeperResblockRelFacade:null:1.0.0#queryByHouse_(com.huiju.privatedomain.lease.api.vo.request.QueryFirstKeeperResblockRelByHouseReq)\",\"callTime\":\"2026-06-29 15:59:15\"},{\"caller\":\"huiju-cloudkeeper-core\",\"callee\":\"huiju-private-domain-lease\",\"method\":\"DUBBO\",\"path\":\"com.huiju.privatedomain.lease.api.service.GroupChatFacade:null:1.0.0#closeGroupChatSession_(java.lang.String,java.lang.String)\",\"callTime\":\"2026-06-29 15:59:41\"},{\"caller\":\"huiju-managing-house\",\"callee\":\"huiju-private-domain-lease\",\"method\":\"POST\",\"path\":\"/message/getFriendInfo\",\"callTime\":\"2026-06-29 15:53:55\"},{\"caller\":\"api-easy-rent-contract\",\"callee\":\"huiju-private-domain-lease\",\"method\":\"POST\",\"path\":\"/api/friend/applyByPhone\",\"callTime\":\"2026-06-29 15:59:45\"},{\"caller\":\"api-easy-rent-contract\",\"callee\":\"huiju-private-domain-lease\",\"method\":\"POST\",\"path\":\"/message/getFriendInfo\",\"callTime\":\"2026-06-29 15:59:58\"},{\"caller\":\"api-easy-rent-contract\",\"callee\":\"huiju-private-domain-lease\",\"method\":\"POST\",\"path\":\"/message/send\",\"callTime\":\"2026-06-29 15:59:53\"},{\"caller\":\"huiju-cloudkeeper-core\",\"callee\":\"huiju-private-domain-lease\",\"method\":\"DUBBO\",\"path\":\"com.huiju.privatedomain.lease.api.service.PrivateDomainBasicFacade:null:1.0.0#queryCustomerInfoByContractCodes_(com.huiju.privatedomain.lease.api.vo.request.PrivateDomainCustomerInfoQueryReq)\",\"callTime\":\"2026-06-29 15:50:48\"},{\"caller\":\"huiju-house-cloudkeeper\",\"callee\":\"huiju-private-domain-lease\",\"method\":\"DUBBO\",\"path\":\"com.huiju.privatedomain.lease.api.service.AigcFacade:null:1.0.0#appealPreSummary_(com.huiju.privatedomain.lease.api.vo.request.AppealPreSummaryReq)\",\"callTime\":\"2026-06-29 15:59:40\"},{\"caller\":\"huiju-cloudkeeper-datacenter\",\"callee\":\"huiju-private-domain-lease\",\"method\":\"DUBBO\",\"path\":\"com.huiju.privatedomain.lease.api.service.PrivateDomainBasicFacade:null:1.0.0#queryCustomerInfoByContractCodes_(com.huiju.privatedomain.lease.api.vo.request.PrivateDomainCustomerInfoQueryReq)\",\"callTime\":\"2026-06-29 15:59:41\"},{\"caller\":\"huiju-house-cloudkeeper\",\"callee\":\"huiju-private-domain-lease\",\"method\":\"DUBBO\",\"path\":\"com.huiju.privatedomain.lease.api.service.GroupChatFacade:null:1.0.0#getValidOutGroupInfoByContractCode_(java.lang.String)\",\"callTime\":\"2026-06-29 15:59:54\"},{\"caller\":\"huiju-cloudkeeper-datacenter\",\"callee\":\"huiju-private-domain-lease\",\"method\":\"DUBBO\",\"path\":\"com.huiju.privatedomain.lease.api.service.TicketBasicFacade:null:1.0.0#getByTicketId_(java.lang.String)\",\"callTime\":\"2026-06-29 15:59:57\"},{\"caller\":\"huiju-cloudkeeper-core\",\"callee\":\"huiju-private-domain-lease\",\"method\":\"DUBBO\",\"path\":\"com.huiju.privatedomain.lease.api.service.GroupChatFacade:null:1.0.0#listCreatedByGroupId_(java.lang.String)\",\"callTime\":\"2026-06-29 15:58:45\"},{\"caller\":\"huiju-cloudkeeper-core\",\"callee\":\"huiju-private-domain-lease\",\"method\":\"DUBBO\",\"path\":\"com.huiju.privatedomain.lease.api.service.PrivateDomainBasicFacade:null:1.0.0#getBySenderUnionId_(java.lang.String)\",\"callTime\":\"2026-06-29 15:59:56\"},{\"caller\":\"huiju-cloudkeeper-core\",\"callee\":\"huiju-private-domain-lease\",\"method\":\"DUBBO\",\"path\":\"com.huiju.privatedomain.lease.api.service.ShuntSessionFacade:null:1.0.0#queryIdentity_(com.huiju.privatedomain.lease.api.vo.request.ShuntSessionIdentityQueryReq)\",\"callTime\":\"2026-06-29 15:59:57\"},{\"caller\":\"trusteeship-manager-workbench\",\"callee\":\"huiju-private-domain-lease\",\"method\":\"POST\",\"path\":\"/api/valet/contract/list/groupChat\",\"callTime\":\"2026-06-29 15:59:58\"},{\"caller\":\"huiju-cloudkeeper-core\",\"callee\":\"huiju-private-domain-lease\",\"method\":\"DUBBO\",\"path\":\"com.huiju.privatedomain.lease.api.service.PushNoticeFacade:null:1.0.0#sendMessage_(com.huiju.privatedomain.lease.api.vo.request.SendMessageVo)\",\"callTime\":\"2026-06-29 15:56:52\"},{\"caller\":\"zulin-home-zulin-caiwu\",\"callee\":\"huiju-private-domain-lease\",\"method\":\"DUBBO\",\"path\":\"com.huiju.privatedomain.lease.api.service.PushNoticeFacade:null:1.0.0#sendMessageByContractCode_(com.huiju.privatedomain.lease.api.vo.request.SendMessageBasicVo)\",\"callTime\":\"2026-06-29 15:57:02\"},{\"caller\":\"huiju-cloudkeeper-core\",\"callee\":\"huiju-private-domain-lease\",\"method\":\"DUBBO\",\"path\":\"com.huiju.privatedomain.lease.api.service.ShuntSessionFacade:null:1.0.0#queryGroupIdentity_(com.huiju.privatedomain.lease.api.vo.request.ShuntGroupSessionIdentityQueryReq)\",\"callTime\":\"2026-06-29 15:59:22\"},{\"caller\":\"api-easy-rent-contract\",\"callee\":\"huiju-private-domain-lease\",\"method\":\"GET\",\"path\":\"/api/friend/getShortLink\",\"callTime\":\"2026-06-29 15:59:28\"},{\"caller\":\"huiju-managing-house\",\"callee\":\"huiju-private-domain-lease\",\"method\":\"DUBBO\",\"path\":\"com.huiju.privatedomain.lease.api.service.PushNoticeFacade:null:1.0.0#sendMessageByContractCode_(com.huiju.privatedomain.lease.api.vo.request.SendMessageBasicVo)\",\"callTime\":\"2026-06-29 15:57:41\"},{\"caller\":\"huiju-cloudkeeper-datacenter\",\"callee\":\"huiju-private-domain-lease\",\"method\":\"DUBBO\",\"path\":\"com.huiju.privatedomain.lease.api.service.GroupChatFacade:null:1.0.0#listGroupChatMemberInfos_(com.huiju.privatedomain.lease.api.vo.request.GroupChatMemberInfoQueryReq)\",\"callTime\":\"2026-06-29 15:59:56\"},{\"caller\":\"beijia-basic-core\",\"callee\":\"huiju-private-domain-lease\",\"method\":\"DUBBO\",\"path\":\"com.huiju.privatedomain.lease.api.service.PushNoticeFacade:null:1.0.0#sendMessageByContractCode_(com.huiju.privatedomain.lease.api.vo.request.SendMessageBasicVo)\",\"callTime\":\"2026-06-29 15:59:26\"},{\"caller\":\"beijia-private-domain\",\"callee\":\"huiju-private-domain-lease\",\"method\":\"POST\",\"path\":\"/cloud/customer/openUrl\",\"callTime\":\"2026-06-29 15:59:40\"},{\"caller\":\"huiju-cloudkeeper-rule\",\"callee\":\"huiju-private-domain-lease\",\"method\":\"POST\",\"path\":\"/ruleCondition/private/aiAutoReply/execute\",\"callTime\":\"2026-06-29 15:59:58\"},{\"caller\":\"huiju-house-cloudkeeper\",\"callee\":\"huiju-private-domain-lease\",\"method\":\"DUBBO\",\"path\":\"com.huiju.privatedomain.lease.api.service.SignContractWhiteListFacade:null:1.0.0#queryByContractCodeForCloudKeeper_(java.lang.String)\",\"callTime\":\"2026-06-29 15:59:58\"},{\"caller\":\"api-easy-rent-contract\",\"callee\":\"huiju-private-domain-lease\",\"method\":\"POST\",\"path\":\"/api/valet/contract/workCity\",\"callTime\":\"2026-06-29 15:59:58\"},{\"caller\":\"huiju-cloudkeeper-rule\",\"callee\":\"huiju-private-domain-lease\",\"method\":\"POST\",\"path\":\"/@kibana-highlighted-field@ruleCondition@/kibana-highlighted-field@/@kibana-highlighted-field@aiAutoReply@/kibana-highlighted-field@/@kibana-highlighted-field@execute@/kibana-highlighted-field@\",\"callTime\":\"2026-06-29 15:59:59\"},{\"caller\":\"huiju-house-cloudkeeper\",\"callee\":\"huiju-private-domain-lease\",\"method\":\"DUBBO\",\"path\":\"com.huiju.privatedomain.lease.api.service.PrivateDomainBasicFacade:null:1.0.0#queryCustomerInfoByContractCodes_(com.huiju.privatedomain.lease.api.vo.request.PrivateDomainCustomerInfoQueryReq)\",\"callTime\":\"2026-06-29 15:54:40\"}]}"
              ]
            },
            "sort": [
              1782719999050
            ]
          },
          {
            "_index": "index-11408-13176_2026-06-29",
            "_type": "_doc",
            "_id": "pJZjEp8B9P_t1W1ulJu2",
            "_version": 1,
            "_score": null,
            "_source": {
              "data_segmentid": "N/A",
              "spanId": "N/A",
              "data_ext_headers": "{}",
              "data_local_ip": "10.22.115.239",
              "loglevel": "INFO",
              "data_bltag": "undefined",
              "data_info_msg": "Content of framework event message: {\"eventType\":\"ApiRecord\",\"createTime\":\"2026-06-29 15:59:00\",\"envType\":\"PROD\",\"serviceId\":\"huiju-private-domain-lease\",\"uri\":\"http://10.22.115.239:8080\",\"contextPath\":\"\",\"metaData\":[{\"caller\":\"huiju-cloudkeeper-core\",\"callee\":\"huiju-private-domain-lease\",\"method\":\"DUBBO\",\"path\":\"com.huiju.privatedomain.lease.api.service.FirstKeeperResblockRelFacade:null:1.0.0#queryByHouse_(com.huiju.privatedomain.lease.api.vo.request.QueryFirstKeeperResblockRelByHouseReq)\",\"callTime\":\"2026-06-29 15:58:52\"},{\"caller\":\"huiju-cloudkeeper-core\",\"callee\":\"huiju-private-domain-lease\",\"method\":\"DUBBO\",\"path\":\"com.huiju.privatedomain.lease.api.service.GroupChatFacade:null:1.0.0#closeGroupChatSession_(java.lang.String,java.lang.String)\",\"callTime\":\"2026-06-29 15:58:21\"},{\"caller\":\"api-easy-rent-contract\",\"callee\":\"huiju-private-domain-lease\",\"method\":\"POST\",\"path\":\"/api/friend/applyByPhone\",\"callTime\":\"2026-06-29 15:58:50\"},{\"caller\":\"api-easy-rent-contract\",\"callee\":\"huiju-private-domain-lease\",\"method\":\"POST\",\"path\":\"/message/getFriendInfo\",\"callTime\":\"2026-06-29 15:58:46\"},{\"caller\":\"api-easy-rent-contract\",\"callee\":\"huiju-private-domain-lease\",\"method\":\"POST\",\"path\":\"/message/send\",\"callTime\":\"2026-06-29 15:58:48\"},{\"caller\":\"huiju-cloudkeeper-core\",\"callee\":\"huiju-private-domain-lease\",\"method\":\"DUBBO\",\"path\":\"com.huiju.privatedomain.lease.api.service.PrivateDomainBasicFacade:null:1.0.0#queryCustomerInfoByContractCodes_(com.huiju.privatedomain.lease.api.vo.request.PrivateDomainCustomerInfoQueryReq)\",\"callTime\":\"2026-06-29 15:56:52\"},{\"caller\":\"huiju-cloudkeeper-datacenter\",\"callee\":\"huiju-private-domain-lease\",\"method\":\"DUBBO\",\"path\":\"com.huiju.privatedomain.lease.api.service.PrivateDomainBasicFacade:null:1.0.0#queryCustomerInfoByContractCodes_(com.huiju.privatedomain.lease.api.vo.request.PrivateDomainCustomerInfoQueryReq)\",\"callTime\":\"2026-06-29 15:58:27\"},{\"caller\":\"huiju-house-cloudkeeper\",\"callee\":\"huiju-private-domain-lease\",\"method\":\"DUBBO\",\"path\":\"com.huiju.privatedomain.lease.api.service.AigcFacade:null:1.0.0#appealPreSummary_(com.huiju.privatedomain.lease.api.vo.request.AppealPreSummaryReq)\",\"callTime\":\"2026-06-29 15:58:42\"},{\"caller\":\"huiju-house-cloudkeeper\",\"callee\":\"huiju-private-domain-lease\",\"method\":\"DUBBO\",\"path\":\"com.huiju.privatedomain.lease.api.service.GroupChatFacade:null:1.0.0#getValidOutGroupInfoByContractCode_(java.lang.String)\",\"callTime\":\"2026-06-29 15:59:00\"},{\"caller\":\"huiju-cloudkeeper-datacenter\",\"callee\":\"huiju-private-domain-lease\",\"method\":\"DUBBO\",\"path\":\"com.huiju.privatedomain.lease.api.service.TicketBasicFacade:null:1.0.0#getByTicketId_(java.lang.String)\",\"callTime\":\"2026-06-29 15:58:47\"},{\"caller\":\"huiju-cloudkeeper-core\",\"callee\":\"huiju-private-domain-lease\",\"method\":\"DUBBO\",\"path\":\"com.huiju.privatedomain.lease.api.service.GroupChatFacade:null:1.0.0#listCreatedByGroupId_(java.lang.String)\",\"callTime\":\"2026-06-29 15:56:15\"},{\"caller\":\"huiju-cloudkeeper-core\",\"callee\":\"huiju-private-domain-lease\",\"method\":\"DUBBO\",\"path\":\"com.huiju.privatedomain.lease.api.service.PrivateDomainBasicFacade:null:1.0.0#getBySenderUnionId_(java.lang.String)\",\"callTime\":\"2026-06-29 15:57:17\"},{\"caller\":\"huiju-cloudkeeper-core\",\"callee\":\"huiju-private-domain-lease\",\"method\":\"DUBBO\",\"path\":\"com.huiju.privatedomain.lease.api.service.ShuntSessionFacade:null:1.0.0#queryIdentity_(com.huiju.privatedomain.lease.api.vo.request.ShuntSessionIdentityQueryReq)\",\"callTime\":\"2026-06-29 15:58:57\"},{\"caller\":\"trusteeship-manager-workbench\",\"callee\":\"huiju-private-domain-lease\",\"method\":\"POST\",\"path\":\"/api/valet/contract/list/groupChat\",\"callTime\":\"2026-06-29 15:59:00\"},{\"caller\":\"api-easy-rent-contract\",\"callee\":\"huiju-private-domain-lease\",\"method\":\"GET\",\"path\":\"/api/friend/getShortLink\",\"callTime\":\"2026-06-29 15:57:29\"},{\"caller\":\"huiju-cloudkeeper-core\",\"callee\":\"huiju-private-domain-lease\",\"method\":\"DUBBO\",\"path\":\"com.huiju.privatedomain.lease.api.service.ShuntSessionFacade:null:1.0.0#queryGroupIdentity_(com.huiju.privatedomain.lease.api.vo.request.ShuntGroupSessionIdentityQueryReq)\",\"callTime\":\"2026-06-29 15:58:22\"},{\"caller\":\"huiju-managing-house\",\"callee\":\"huiju-private-domain-lease\",\"method\":\"DUBBO\",\"path\":\"com.huiju.privatedomain.lease.api.service.PushNoticeFacade:null:1.0.0#sendMessageByContractCode_(com.huiju.privatedomain.lease.api.vo.request.SendMessageBasicVo)\",\"callTime\":\"2026-06-29 15:58:41\"},{\"caller\":\"huiju-cloudkeeper-datacenter\",\"callee\":\"huiju-private-domain-lease\",\"method\":\"DUBBO\",\"path\":\"com.huiju.privatedomain.lease.api.service.GroupChatFacade:null:1.0.0#listGroupChatMemberInfos_(com.huiju.privatedomain.lease.api.vo.request.GroupChatMemberInfoQueryReq)\",\"callTime\":\"2026-06-29 15:58:53\"},{\"caller\":\"beijia-basic-core\",\"callee\":\"huiju-private-domain-lease\",\"method\":\"DUBBO\",\"path\":\"com.huiju.privatedomain.lease.api.service.PushNoticeFacade:null:1.0.0#sendMessageByContractCode_(com.huiju.privatedomain.lease.api.vo.request.SendMessageBasicVo)\",\"callTime\":\"2026-06-29 15:58:47\"},{\"caller\":\"beijia-private-domain\",\"callee\":\"huiju-private-domain-lease\",\"method\":\"POST\",\"path\":\"/cloud/customer/openUrl\",\"callTime\":\"2026-06-29 15:58:36\"},{\"caller\":\"huiju-cloudkeeper-rule\",\"callee\":\"huiju-private-domain-lease\",\"method\":\"POST\",\"path\":\"/ruleCondition/private/aiAutoReply/execute\",\"callTime\":\"2026-06-29 15:58:57\"},{\"caller\":\"huiju-house-cloudkeeper\",\"callee\":\"huiju-private-domain-lease\",\"method\":\"DUBBO\",\"path\":\"com.huiju.privatedomain.lease.api.service.SignContractWhiteListFacade:null:1.0.0#queryByContractCodeForCloudKeeper_(java.lang.String)\",\"callTime\":\"2026-06-29 15:58:46\"},{\"caller\":\"huiju-cloudkeeper-rule\",\"callee\":\"huiju-private-domain-lease\",\"method\":\"POST\",\"path\":\"/ruleCondition/aiAutoReply/execute\",\"callTime\":\"2026-06-29 15:58:57\"},{\"caller\":\"api-easy-rent-contract\",\"callee\":\"huiju-private-domain-lease\",\"method\":\"POST\",\"path\":\"/api/valet/contract/workCity\",\"callTime\":\"2026-06-29 15:59:00\"},{\"caller\":\"huiju-house-cloudkeeper\",\"callee\":\"huiju-private-domain-lease\",\"method\":\"DUBBO\",\"path\":\"com.huiju.privatedomain.lease.api.service.PrivateDomainBasicFacade:null:1.0.0#queryCustomerInfoByContractCodes_(com.huiju.privatedomain.lease.api.vo.request.PrivateDomainCustomerInfoQueryReq)\",\"callTime\":\"2026-06-29 15:53:34\"}]}",
              "machineName": "envType_prod__huiju-private-domain-lease-3361289013-555d9c65c6-7vbf6",
              "tid": "N/A",
              "sid": "N/A",
              "timestamp": "2026-06-29T15:59:00.868+08:00"
            },
            "fields": {
              "timestamp": [
                "2026-06-29T07:59:00.868Z"
              ]
            },
            "highlight": {
              "data_info_msg": [
                "Content of framework event message: {\"eventType\":\"ApiRecord\",\"createTime\":\"2026-06-29 15:59:00\",\"envType\":\"PROD\",\"serviceId\":\"huiju-private-domain-lease\",\"uri\":\"http://10.22.115.239:8080\",\"contextPath\":\"\",\"metaData\":[{\"caller\":\"huiju-cloudkeeper-core\",\"callee\":\"huiju-private-domain-lease\",\"method\":\"DUBBO\",\"path\":\"com.huiju.privatedomain.lease.api.service.FirstKeeperResblockRelFacade:null:1.0.0#queryByHouse_(com.huiju.privatedomain.lease.api.vo.request.QueryFirstKeeperResblockRelByHouseReq)\",\"callTime\":\"2026-06-29 15:58:52\"},{\"caller\":\"huiju-cloudkeeper-core\",\"callee\":\"huiju-private-domain-lease\",\"method\":\"DUBBO\",\"path\":\"com.huiju.privatedomain.lease.api.service.GroupChatFacade:null:1.0.0#closeGroupChatSession_(java.lang.String,java.lang.String)\",\"callTime\":\"2026-06-29 15:58:21\"},{\"caller\":\"api-easy-rent-contract\",\"callee\":\"huiju-private-domain-lease\",\"method\":\"POST\",\"path\":\"/api/friend/applyByPhone\",\"callTime\":\"2026-06-29 15:58:50\"},{\"caller\":\"api-easy-rent-contract\",\"callee\":\"huiju-private-domain-lease\",\"method\":\"POST\",\"path\":\"/message/getFriendInfo\",\"callTime\":\"2026-06-29 15:58:46\"},{\"caller\":\"api-easy-rent-contract\",\"callee\":\"huiju-private-domain-lease\",\"method\":\"POST\",\"path\":\"/message/send\",\"callTime\":\"2026-06-29 15:58:48\"},{\"caller\":\"huiju-cloudkeeper-core\",\"callee\":\"huiju-private-domain-lease\",\"method\":\"DUBBO\",\"path\":\"com.huiju.privatedomain.lease.api.service.PrivateDomainBasicFacade:null:1.0.0#queryCustomerInfoByContractCodes_(com.huiju.privatedomain.lease.api.vo.request.PrivateDomainCustomerInfoQueryReq)\",\"callTime\":\"2026-06-29 15:56:52\"},{\"caller\":\"huiju-cloudkeeper-datacenter\",\"callee\":\"huiju-private-domain-lease\",\"method\":\"DUBBO\",\"path\":\"com.huiju.privatedomain.lease.api.service.PrivateDomainBasicFacade:null:1.0.0#queryCustomerInfoByContractCodes_(com.huiju.privatedomain.lease.api.vo.request.PrivateDomainCustomerInfoQueryReq)\",\"callTime\":\"2026-06-29 15:58:27\"},{\"caller\":\"huiju-house-cloudkeeper\",\"callee\":\"huiju-private-domain-lease\",\"method\":\"DUBBO\",\"path\":\"com.huiju.privatedomain.lease.api.service.AigcFacade:null:1.0.0#appealPreSummary_(com.huiju.privatedomain.lease.api.vo.request.AppealPreSummaryReq)\",\"callTime\":\"2026-06-29 15:58:42\"},{\"caller\":\"huiju-house-cloudkeeper\",\"callee\":\"huiju-private-domain-lease\",\"method\":\"DUBBO\",\"path\":\"com.huiju.privatedomain.lease.api.service.GroupChatFacade:null:1.0.0#getValidOutGroupInfoByContractCode_(java.lang.String)\",\"callTime\":\"2026-06-29 15:59:00\"},{\"caller\":\"huiju-cloudkeeper-datacenter\",\"callee\":\"huiju-private-domain-lease\",\"method\":\"DUBBO\",\"path\":\"com.huiju.privatedomain.lease.api.service.TicketBasicFacade:null:1.0.0#getByTicketId_(java.lang.String)\",\"callTime\":\"2026-06-29 15:58:47\"},{\"caller\":\"huiju-cloudkeeper-core\",\"callee\":\"huiju-private-domain-lease\",\"method\":\"DUBBO\",\"path\":\"com.huiju.privatedomain.lease.api.service.GroupChatFacade:null:1.0.0#listCreatedByGroupId_(java.lang.String)\",\"callTime\":\"2026-06-29 15:56:15\"},{\"caller\":\"huiju-cloudkeeper-core\",\"callee\":\"huiju-private-domain-lease\",\"method\":\"DUBBO\",\"path\":\"com.huiju.privatedomain.lease.api.service.PrivateDomainBasicFacade:null:1.0.0#getBySenderUnionId_(java.lang.String)\",\"callTime\":\"2026-06-29 15:57:17\"},{\"caller\":\"huiju-cloudkeeper-core\",\"callee\":\"huiju-private-domain-lease\",\"method\":\"DUBBO\",\"path\":\"com.huiju.privatedomain.lease.api.service.ShuntSessionFacade:null:1.0.0#queryIdentity_(com.huiju.privatedomain.lease.api.vo.request.ShuntSessionIdentityQueryReq)\",\"callTime\":\"2026-06-29 15:58:57\"},{\"caller\":\"trusteeship-manager-workbench\",\"callee\":\"huiju-private-domain-lease\",\"method\":\"POST\",\"path\":\"/api/valet/contract/list/groupChat\",\"callTime\":\"2026-06-29 15:59:00\"},{\"caller\":\"api-easy-rent-contract\",\"callee\":\"huiju-private-domain-lease\",\"method\":\"GET\",\"path\":\"/api/friend/getShortLink\",\"callTime\":\"2026-06-29 15:57:29\"},{\"caller\":\"huiju-cloudkeeper-core\",\"callee\":\"huiju-private-domain-lease\",\"method\":\"DUBBO\",\"path\":\"com.huiju.privatedomain.lease.api.service.ShuntSessionFacade:null:1.0.0#queryGroupIdentity_(com.huiju.privatedomain.lease.api.vo.request.ShuntGroupSessionIdentityQueryReq)\",\"callTime\":\"2026-06-29 15:58:22\"},{\"caller\":\"huiju-managing-house\",\"callee\":\"huiju-private-domain-lease\",\"method\":\"DUBBO\",\"path\":\"com.huiju.privatedomain.lease.api.service.PushNoticeFacade:null:1.0.0#sendMessageByContractCode_(com.huiju.privatedomain.lease.api.vo.request.SendMessageBasicVo)\",\"callTime\":\"2026-06-29 15:58:41\"},{\"caller\":\"huiju-cloudkeeper-datacenter\",\"callee\":\"huiju-private-domain-lease\",\"method\":\"DUBBO\",\"path\":\"com.huiju.privatedomain.lease.api.service.GroupChatFacade:null:1.0.0#listGroupChatMemberInfos_(com.huiju.privatedomain.lease.api.vo.request.GroupChatMemberInfoQueryReq)\",\"callTime\":\"2026-06-29 15:58:53\"},{\"caller\":\"beijia-basic-core\",\"callee\":\"huiju-private-domain-lease\",\"method\":\"DUBBO\",\"path\":\"com.huiju.privatedomain.lease.api.service.PushNoticeFacade:null:1.0.0#sendMessageByContractCode_(com.huiju.privatedomain.lease.api.vo.request.SendMessageBasicVo)\",\"callTime\":\"2026-06-29 15:58:47\"},{\"caller\":\"beijia-private-domain\",\"callee\":\"huiju-private-domain-lease\",\"method\":\"POST\",\"path\":\"/cloud/customer/openUrl\",\"callTime\":\"2026-06-29 15:58:36\"},{\"caller\":\"huiju-cloudkeeper-rule\",\"callee\":\"huiju-private-domain-lease\",\"method\":\"POST\",\"path\":\"/ruleCondition/private/aiAutoReply/execute\",\"callTime\":\"2026-06-29 15:58:57\"},{\"caller\":\"huiju-house-cloudkeeper\",\"callee\":\"huiju-private-domain-lease\",\"method\":\"DUBBO\",\"path\":\"com.huiju.privatedomain.lease.api.service.SignContractWhiteListFacade:null:1.0.0#queryByContractCodeForCloudKeeper_(java.lang.String)\",\"callTime\":\"2026-06-29 15:58:46\"},{\"caller\":\"huiju-cloudkeeper-rule\",\"callee\":\"huiju-private-domain-lease\",\"method\":\"POST\",\"path\":\"/@kibana-highlighted-field@ruleCondition@/kibana-highlighted-field@/@kibana-highlighted-field@aiAutoReply@/kibana-highlighted-field@/@kibana-highlighted-field@execute@/kibana-highlighted-field@\",\"callTime\":\"2026-06-29 15:58:57\"},{\"caller\":\"api-easy-rent-contract\",\"callee\":\"huiju-private-domain-lease\",\"method\":\"POST\",\"path\":\"/api/valet/contract/workCity\",\"callTime\":\"2026-06-29 15:59:00\"},{\"caller\":\"huiju-house-cloudkeeper\",\"callee\":\"huiju-private-domain-lease\",\"method\":\"DUBBO\",\"path\":\"com.huiju.privatedomain.lease.api.service.PrivateDomainBasicFacade:null:1.0.0#queryCustomerInfoByContractCodes_(com.huiju.privatedomain.lease.api.vo.request.PrivateDomainCustomerInfoQueryReq)\",\"callTime\":\"2026-06-29 15:53:34\"}]}"
              ]
            },
            "sort": [
              1782719940868
            ]
          },
          {
            "_index": "index-11408-13176_2026-06-29",
            "_type": "_doc",
            "_id": "JVFiEp8Bwva2ZhliM2Gr",
            "_version": 1,
            "_score": null,
            "_source": {
              "data_segmentid": "N/A",
              "spanId": "N/A",
              "data_ext_headers": "{}",
              "data_local_ip": "10.22.115.80",
              "loglevel": "INFO",
              "data_bltag": "undefined",
              "data_info_msg": "Content of framework event message: {\"eventType\":\"ApiRecord\",\"createTime\":\"2026-06-29 15:57:29\",\"envType\":\"PROD\",\"serviceId\":\"huiju-private-domain-lease\",\"uri\":\"http://10.22.115.80:8080\",\"contextPath\":\"\",\"metaData\":[{\"caller\":\"huiju-cloudkeeper-core\",\"callee\":\"huiju-private-domain-lease\",\"method\":\"DUBBO\",\"path\":\"com.huiju.privatedomain.lease.api.service.FirstKeeperResblockRelFacade:null:1.0.0#queryByHouse_(com.huiju.privatedomain.lease.api.vo.request.QueryFirstKeeperResblockRelByHouseReq)\",\"callTime\":\"2026-06-29 15:56:58\"},{\"caller\":\"huiju-house-cloudkeeper\",\"callee\":\"huiju-private-domain-lease\",\"method\":\"DUBBO\",\"path\":\"com.huiju.privatedomain.lease.api.service.TicketBasicFacade:null:1.0.0#getFollowRecordList_(com.huiju.privatedomain.lease.api.vo.ticket.TicketRecordQuery)\",\"callTime\":\"2026-06-29 15:51:21\"},{\"caller\":\"huiju-cloudkeeper-core\",\"callee\":\"huiju-private-domain-lease\",\"method\":\"DUBBO\",\"path\":\"com.huiju.privatedomain.lease.api.service.GroupChatFacade:null:1.0.0#closeGroupChatSession_(java.lang.String,java.lang.String)\",\"callTime\":\"2026-06-29 15:56:34\"},{\"caller\":\"api-easy-rent-contract\",\"callee\":\"huiju-private-domain-lease\",\"method\":\"POST\",\"path\":\"/api/friend/applyByPhone\",\"callTime\":\"2026-06-29 15:57:24\"},{\"caller\":\"api-easy-rent-contract\",\"callee\":\"huiju-private-domain-lease\",\"method\":\"POST\",\"path\":\"/message/getFriendInfo\",\"callTime\":\"2026-06-29 15:57:24\"},{\"caller\":\"api-easy-rent-contract\",\"callee\":\"huiju-private-domain-lease\",\"method\":\"POST\",\"path\":\"/message/send\",\"callTime\":\"2026-06-29 15:57:11\"},{\"caller\":\"huiju-cloudkeeper-core\",\"callee\":\"huiju-private-domain-lease\",\"method\":\"DUBBO\",\"path\":\"com.huiju.privatedomain.lease.api.service.PrivateDomainBasicFacade:null:1.0.0#queryCustomerInfoByContractCodes_(com.huiju.privatedomain.lease.api.vo.request.PrivateDomainCustomerInfoQueryReq)\",\"callTime\":\"2026-06-29 15:53:34\"},{\"caller\":\"huiju-house-cloudkeeper\",\"callee\":\"huiju-private-domain-lease\",\"method\":\"DUBBO\",\"path\":\"com.huiju.privatedomain.lease.api.service.AigcFacade:null:1.0.0#appealPreSummary_(com.huiju.privatedomain.lease.api.vo.request.AppealPreSummaryReq)\",\"callTime\":\"2026-06-29 15:57:17\"},{\"caller\":\"huiju-cloudkeeper-datacenter\",\"callee\":\"huiju-private-domain-lease\",\"method\":\"DUBBO\",\"path\":\"com.huiju.privatedomain.lease.api.service.PrivateDomainBasicFacade:null:1.0.0#queryCustomerInfoByContractCodes_(com.huiju.privatedomain.lease.api.vo.request.PrivateDomainCustomerInfoQueryReq)\",\"callTime\":\"2026-06-29 15:57:29\"},{\"caller\":\"huiju-house-cloudkeeper\",\"callee\":\"huiju-private-domain-lease\",\"method\":\"DUBBO\",\"path\":\"com.huiju.privatedomain.lease.api.service.GroupChatFacade:null:1.0.0#getValidOutGroupInfoByContractCode_(java.lang.String)\",\"callTime\":\"2026-06-29 15:57:28\"},{\"caller\":\"huiju-cloudkeeper-datacenter\",\"callee\":\"huiju-private-domain-lease\",\"method\":\"DUBBO\",\"path\":\"com.huiju.privatedomain.lease.api.service.TicketBasicFacade:null:1.0.0#getByTicketId_(java.lang.String)\",\"callTime\":\"2026-06-29 15:57:28\"},{\"caller\":\"huiju-cloudkeeper-core\",\"callee\":\"huiju-private-domain-lease\",\"method\":\"DUBBO\",\"path\":\"com.huiju.privatedomain.lease.api.service.GroupChatFacade:null:1.0.0#listCreatedByGroupId_(java.lang.String)\",\"callTime\":\"2026-06-29 15:57:10\"},{\"caller\":\"huiju-cloudkeeper-core\",\"callee\":\"huiju-private-domain-lease\",\"method\":\"DUBBO\",\"path\":\"com.huiju.privatedomain.lease.api.service.PrivateDomainBasicFacade:null:1.0.0#getBySenderUnionId_(java.lang.String)\",\"callTime\":\"2026-06-29 15:56:51\"},{\"caller\":\"huiju-cloudkeeper-core\",\"callee\":\"huiju-private-domain-lease\",\"method\":\"DUBBO\",\"path\":\"com.huiju.privatedomain.lease.api.service.ShuntSessionFacade:null:1.0.0#queryIdentity_(com.huiju.privatedomain.lease.api.vo.request.ShuntSessionIdentityQueryReq)\",\"callTime\":\"2026-06-29 15:56:46\"},{\"caller\":\"trusteeship-manager-workbench\",\"callee\":\"huiju-private-domain-lease\",\"method\":\"POST\",\"path\":\"/api/valet/contract/list/groupChat\",\"callTime\":\"2026-06-29 15:57:29\"},{\"caller\":\"huiju-cloudkeeper-core\",\"callee\":\"huiju-private-domain-lease\",\"method\":\"DUBBO\",\"path\":\"com.huiju.privatedomain.lease.api.service.ShuntSessionFacade:null:1.0.0#queryGroupIdentity_(com.huiju.privatedomain.lease.api.vo.request.ShuntGroupSessionIdentityQueryReq)\",\"callTime\":\"2026-06-29 15:54:59\"},{\"caller\":\"api-easy-rent-contract\",\"callee\":\"huiju-private-domain-lease\",\"method\":\"GET\",\"path\":\"/api/friend/getShortLink\",\"callTime\":\"2026-06-29 15:57:16\"},{\"caller\":\"huiju-managing-house\",\"callee\":\"huiju-private-domain-lease\",\"method\":\"DUBBO\",\"path\":\"com.huiju.privatedomain.lease.api.service.PushNoticeFacade:null:1.0.0#sendMessageByContractCode_(com.huiju.privatedomain.lease.api.vo.request.SendMessageBasicVo)\",\"callTime\":\"2026-06-29 15:57:24\"},{\"caller\":\"huiju-cloudkeeper-datacenter\",\"callee\":\"huiju-private-domain-lease\",\"method\":\"DUBBO\",\"path\":\"com.huiju.privatedomain.lease.api.service.GroupChatFacade:null:1.0.0#listGroupChatMemberInfos_(com.huiju.privatedomain.lease.api.vo.request.GroupChatMemberInfoQueryReq)\",\"callTime\":\"2026-06-29 15:57:28\"},{\"caller\":\"beijia-basic-core\",\"callee\":\"huiju-private-domain-lease\",\"method\":\"DUBBO\",\"path\":\"com.huiju.privatedomain.lease.api.service.PushNoticeFacade:null:1.0.0#sendMessageByContractCode_(com.huiju.privatedomain.lease.api.vo.request.SendMessageBasicVo)\",\"callTime\":\"2026-06-29 15:57:28\"},{\"caller\":\"beijia-private-domain\",\"callee\":\"huiju-private-domain-lease\",\"method\":\"POST\",\"path\":\"/cloud/customer/openUrl\",\"callTime\":\"2026-06-29 15:56:46\"},{\"caller\":\"huiju-cloudkeeper-rule\",\"callee\":\"huiju-private-domain-lease\",\"method\":\"POST\",\"path\":\"/ruleCondition/private/aiAutoReply/execute\",\"callTime\":\"2026-06-29 15:57:28\"},{\"caller\":\"huiju-house-cloudkeeper\",\"callee\":\"huiju-private-domain-lease\",\"method\":\"DUBBO\",\"path\":\"com.huiju.privatedomain.lease.api.service.SignContractWhiteListFacade:null:1.0.0#queryByContractCodeForCloudKeeper_(java.lang.String)\",\"callTime\":\"2026-06-29 15:57:10\"},{\"caller\":\"huiju-cloudkeeper-rule\",\"callee\":\"huiju-private-domain-lease\",\"method\":\"POST\",\"path\":\"/ruleCondition/aiAutoReply/execute\",\"callTime\":\"2026-06-29 15:57:28\"},{\"caller\":\"api-easy-rent-contract\",\"callee\":\"huiju-private-domain-lease\",\"method\":\"POST\",\"path\":\"/api/valet/contract/workCity\",\"callTime\":\"2026-06-29 15:57:29\"},{\"caller\":\"huiju-house-cloudkeeper\",\"callee\":\"huiju-private-domain-lease\",\"method\":\"DUBBO\",\"path\":\"com.huiju.privatedomain.lease.api.service.PrivateDomainBasicFacade:null:1.0.0#queryCustomerInfoByContractCodes_(com.huiju.privatedomain.lease.api.vo.request.PrivateDomainCustomerInfoQueryReq)\",\"callTime\":\"2026-06-29 15:50:47\"}]}",
              "machineName": "envType_prod__huiju-private-domain-lease-3361289013-555d9c65c6-rpdnz",
              "tid": "N/A",
              "sid": "N/A",
              "timestamp": "2026-06-29T15:57:29.211+08:00"
            },
            "fields": {
              "timestamp": [
                "2026-06-29T07:57:29.211Z"
              ]
            },
            "highlight": {
              "data_info_msg": [
                "Content of framework event message: {\"eventType\":\"ApiRecord\",\"createTime\":\"2026-06-29 15:57:29\",\"envType\":\"PROD\",\"serviceId\":\"huiju-private-domain-lease\",\"uri\":\"http://10.22.115.80:8080\",\"contextPath\":\"\",\"metaData\":[{\"caller\":\"huiju-cloudkeeper-core\",\"callee\":\"huiju-private-domain-lease\",\"method\":\"DUBBO\",\"path\":\"com.huiju.privatedomain.lease.api.service.FirstKeeperResblockRelFacade:null:1.0.0#queryByHouse_(com.huiju.privatedomain.lease.api.vo.request.QueryFirstKeeperResblockRelByHouseReq)\",\"callTime\":\"2026-06-29 15:56:58\"},{\"caller\":\"huiju-house-cloudkeeper\",\"callee\":\"huiju-private-domain-lease\",\"method\":\"DUBBO\",\"path\":\"com.huiju.privatedomain.lease.api.service.TicketBasicFacade:null:1.0.0#getFollowRecordList_(com.huiju.privatedomain.lease.api.vo.ticket.TicketRecordQuery)\",\"callTime\":\"2026-06-29 15:51:21\"},{\"caller\":\"huiju-cloudkeeper-core\",\"callee\":\"huiju-private-domain-lease\",\"method\":\"DUBBO\",\"path\":\"com.huiju.privatedomain.lease.api.service.GroupChatFacade:null:1.0.0#closeGroupChatSession_(java.lang.String,java.lang.String)\",\"callTime\":\"2026-06-29 15:56:34\"},{\"caller\":\"api-easy-rent-contract\",\"callee\":\"huiju-private-domain-lease\",\"method\":\"POST\",\"path\":\"/api/friend/applyByPhone\",\"callTime\":\"2026-06-29 15:57:24\"},{\"caller\":\"api-easy-rent-contract\",\"callee\":\"huiju-private-domain-lease\",\"method\":\"POST\",\"path\":\"/message/getFriendInfo\",\"callTime\":\"2026-06-29 15:57:24\"},{\"caller\":\"api-easy-rent-contract\",\"callee\":\"huiju-private-domain-lease\",\"method\":\"POST\",\"path\":\"/message/send\",\"callTime\":\"2026-06-29 15:57:11\"},{\"caller\":\"huiju-cloudkeeper-core\",\"callee\":\"huiju-private-domain-lease\",\"method\":\"DUBBO\",\"path\":\"com.huiju.privatedomain.lease.api.service.PrivateDomainBasicFacade:null:1.0.0#queryCustomerInfoByContractCodes_(com.huiju.privatedomain.lease.api.vo.request.PrivateDomainCustomerInfoQueryReq)\",\"callTime\":\"2026-06-29 15:53:34\"},{\"caller\":\"huiju-house-cloudkeeper\",\"callee\":\"huiju-private-domain-lease\",\"method\":\"DUBBO\",\"path\":\"com.huiju.privatedomain.lease.api.service.AigcFacade:null:1.0.0#appealPreSummary_(com.huiju.privatedomain.lease.api.vo.request.AppealPreSummaryReq)\",\"callTime\":\"2026-06-29 15:57:17\"},{\"caller\":\"huiju-cloudkeeper-datacenter\",\"callee\":\"huiju-private-domain-lease\",\"method\":\"DUBBO\",\"path\":\"com.huiju.privatedomain.lease.api.service.PrivateDomainBasicFacade:null:1.0.0#queryCustomerInfoByContractCodes_(com.huiju.privatedomain.lease.api.vo.request.PrivateDomainCustomerInfoQueryReq)\",\"callTime\":\"2026-06-29 15:57:29\"},{\"caller\":\"huiju-house-cloudkeeper\",\"callee\":\"huiju-private-domain-lease\",\"method\":\"DUBBO\",\"path\":\"com.huiju.privatedomain.lease.api.service.GroupChatFacade:null:1.0.0#getValidOutGroupInfoByContractCode_(java.lang.String)\",\"callTime\":\"2026-06-29 15:57:28\"},{\"caller\":\"huiju-cloudkeeper-datacenter\",\"callee\":\"huiju-private-domain-lease\",\"method\":\"DUBBO\",\"path\":\"com.huiju.privatedomain.lease.api.service.TicketBasicFacade:null:1.0.0#getByTicketId_(java.lang.String)\",\"callTime\":\"2026-06-29 15:57:28\"},{\"caller\":\"huiju-cloudkeeper-core\",\"callee\":\"huiju-private-domain-lease\",\"method\":\"DUBBO\",\"path\":\"com.huiju.privatedomain.lease.api.service.GroupChatFacade:null:1.0.0#listCreatedByGroupId_(java.lang.String)\",\"callTime\":\"2026-06-29 15:57:10\"},{\"caller\":\"huiju-cloudkeeper-core\",\"callee\":\"huiju-private-domain-lease\",\"method\":\"DUBBO\",\"path\":\"com.huiju.privatedomain.lease.api.service.PrivateDomainBasicFacade:null:1.0.0#getBySenderUnionId_(java.lang.String)\",\"callTime\":\"2026-06-29 15:56:51\"},{\"caller\":\"huiju-cloudkeeper-core\",\"callee\":\"huiju-private-domain-lease\",\"method\":\"DUBBO\",\"path\":\"com.huiju.privatedomain.lease.api.service.ShuntSessionFacade:null:1.0.0#queryIdentity_(com.huiju.privatedomain.lease.api.vo.request.ShuntSessionIdentityQueryReq)\",\"callTime\":\"2026-06-29 15:56:46\"},{\"caller\":\"trusteeship-manager-workbench\",\"callee\":\"huiju-private-domain-lease\",\"method\":\"POST\",\"path\":\"/api/valet/contract/list/groupChat\",\"callTime\":\"2026-06-29 15:57:29\"},{\"caller\":\"huiju-cloudkeeper-core\",\"callee\":\"huiju-private-domain-lease\",\"method\":\"DUBBO\",\"path\":\"com.huiju.privatedomain.lease.api.service.ShuntSessionFacade:null:1.0.0#queryGroupIdentity_(com.huiju.privatedomain.lease.api.vo.request.ShuntGroupSessionIdentityQueryReq)\",\"callTime\":\"2026-06-29 15:54:59\"},{\"caller\":\"api-easy-rent-contract\",\"callee\":\"huiju-private-domain-lease\",\"method\":\"GET\",\"path\":\"/api/friend/getShortLink\",\"callTime\":\"2026-06-29 15:57:16\"},{\"caller\":\"huiju-managing-house\",\"callee\":\"huiju-private-domain-lease\",\"method\":\"DUBBO\",\"path\":\"com.huiju.privatedomain.lease.api.service.PushNoticeFacade:null:1.0.0#sendMessageByContractCode_(com.huiju.privatedomain.lease.api.vo.request.SendMessageBasicVo)\",\"callTime\":\"2026-06-29 15:57:24\"},{\"caller\":\"huiju-cloudkeeper-datacenter\",\"callee\":\"huiju-private-domain-lease\",\"method\":\"DUBBO\",\"path\":\"com.huiju.privatedomain.lease.api.service.GroupChatFacade:null:1.0.0#listGroupChatMemberInfos_(com.huiju.privatedomain.lease.api.vo.request.GroupChatMemberInfoQueryReq)\",\"callTime\":\"2026-06-29 15:57:28\"},{\"caller\":\"beijia-basic-core\",\"callee\":\"huiju-private-domain-lease\",\"method\":\"DUBBO\",\"path\":\"com.huiju.privatedomain.lease.api.service.PushNoticeFacade:null:1.0.0#sendMessageByContractCode_(com.huiju.privatedomain.lease.api.vo.request.SendMessageBasicVo)\",\"callTime\":\"2026-06-29 15:57:28\"},{\"caller\":\"beijia-private-domain\",\"callee\":\"huiju-private-domain-lease\",\"method\":\"POST\",\"path\":\"/cloud/customer/openUrl\",\"callTime\":\"2026-06-29 15:56:46\"},{\"caller\":\"huiju-cloudkeeper-rule\",\"callee\":\"huiju-private-domain-lease\",\"method\":\"POST\",\"path\":\"/ruleCondition/private/aiAutoReply/execute\",\"callTime\":\"2026-06-29 15:57:28\"},{\"caller\":\"huiju-house-cloudkeeper\",\"callee\":\"huiju-private-domain-lease\",\"method\":\"DUBBO\",\"path\":\"com.huiju.privatedomain.lease.api.service.SignContractWhiteListFacade:null:1.0.0#queryByContractCodeForCloudKeeper_(java.lang.String)\",\"callTime\":\"2026-06-29 15:57:10\"},{\"caller\":\"huiju-cloudkeeper-rule\",\"callee\":\"huiju-private-domain-lease\",\"method\":\"POST\",\"path\":\"/@kibana-highlighted-field@ruleCondition@/kibana-highlighted-field@/@kibana-highlighted-field@aiAutoReply@/kibana-highlighted-field@/@kibana-highlighted-field@execute@/kibana-highlighted-field@\",\"callTime\":\"2026-06-29 15:57:28\"},{\"caller\":\"api-easy-rent-contract\",\"callee\":\"huiju-private-domain-lease\",\"method\":\"POST\",\"path\":\"/api/valet/contract/workCity\",\"callTime\":\"2026-06-29 15:57:29\"},{\"caller\":\"huiju-house-cloudkeeper\",\"callee\":\"huiju-private-domain-lease\",\"method\":\"DUBBO\",\"path\":\"com.huiju.privatedomain.lease.api.service.PrivateDomainBasicFacade:null:1.0.0#queryCustomerInfoByContractCodes_(com.huiju.privatedomain.lease.api.vo.request.PrivateDomainCustomerInfoQueryReq)\",\"callTime\":\"2026-06-29 15:50:47\"}]}"
              ]
            },
            "sort": [
              1782719849211
            ]
          },
          {
            "_index": "index-11408-13176_2026-06-29",
            "_type": "_doc",
            "_id": "2zxgEp8Bwva2ZhliigDF",
            "_version": 1,
            "_score": null,
            "_source": {
              "data_segmentid": "N/A",
              "spanId": "N/A",
              "data_ext_headers": "{}",
              "data_local_ip": "10.226.82.200",
              "loglevel": "INFO",
              "data_bltag": "undefined",
              "data_info_msg": "Content of framework event message: {\"eventType\":\"ApiRecord\",\"createTime\":\"2026-06-29 15:55:40\",\"envType\":\"PROD\",\"serviceId\":\"huiju-private-domain-lease\",\"uri\":\"http://10.226.82.200:8080\",\"contextPath\":\"\",\"metaData\":[{\"caller\":\"huiju-cloudkeeper-core\",\"callee\":\"huiju-private-domain-lease\",\"method\":\"DUBBO\",\"path\":\"com.huiju.privatedomain.lease.api.service.FirstKeeperResblockRelFacade:null:1.0.0#queryByHouse_(com.huiju.privatedomain.lease.api.vo.request.QueryFirstKeeperResblockRelByHouseReq)\",\"callTime\":\"2026-06-29 15:55:14\"},{\"caller\":\"huiju-cloudkeeper-core\",\"callee\":\"huiju-private-domain-lease\",\"method\":\"DUBBO\",\"path\":\"com.huiju.privatedomain.lease.api.service.GroupChatFacade:null:1.0.0#closeGroupChatSession_(java.lang.String,java.lang.String)\",\"callTime\":\"2026-06-29 15:55:12\"},{\"caller\":\"api-easy-rent-contract\",\"callee\":\"huiju-private-domain-lease\",\"method\":\"POST\",\"path\":\"/api/friend/applyByPhone\",\"callTime\":\"2026-06-29 15:55:02\"},{\"caller\":\"api-easy-rent-contract\",\"callee\":\"huiju-private-domain-lease\",\"method\":\"POST\",\"path\":\"/message/getFriendInfo\",\"callTime\":\"2026-06-29 15:55:14\"},{\"caller\":\"api-easy-rent-contract\",\"callee\":\"huiju-private-domain-lease\",\"method\":\"POST\",\"path\":\"/message/send\",\"callTime\":\"2026-06-29 15:55:15\"},{\"caller\":\"huiju-cloudkeeper-core\",\"callee\":\"huiju-private-domain-lease\",\"method\":\"DUBBO\",\"path\":\"com.huiju.privatedomain.lease.api.service.PrivateDomainBasicFacade:null:1.0.0#queryCustomerInfoByContractCodes_(com.huiju.privatedomain.lease.api.vo.request.PrivateDomainCustomerInfoQueryReq)\",\"callTime\":\"2026-06-29 15:50:17\"},{\"caller\":\"huiju-house-cloudkeeper\",\"callee\":\"huiju-private-domain-lease\",\"method\":\"DUBBO\",\"path\":\"com.huiju.privatedomain.lease.api.service.AigcFacade:null:1.0.0#appealPreSummary_(com.huiju.privatedomain.lease.api.vo.request.AppealPreSummaryReq)\",\"callTime\":\"2026-06-29 15:53:30\"},{\"caller\":\"huiju-cloudkeeper-datacenter\",\"callee\":\"huiju-private-domain-lease\",\"method\":\"DUBBO\",\"path\":\"com.huiju.privatedomain.lease.api.service.PrivateDomainBasicFacade:null:1.0.0#queryCustomerInfoByContractCodes_(com.huiju.privatedomain.lease.api.vo.request.PrivateDomainCustomerInfoQueryReq)\",\"callTime\":\"2026-06-29 15:55:33\"},{\"caller\":\"huiju-house-cloudkeeper\",\"callee\":\"huiju-private-domain-lease\",\"method\":\"DUBBO\",\"path\":\"com.huiju.privatedomain.lease.api.service.GroupChatFacade:null:1.0.0#getValidOutGroupInfoByContractCode_(java.lang.String)\",\"callTime\":\"2026-06-29 15:55:31\"},{\"caller\":\"huiju-cloudkeeper-datacenter\",\"callee\":\"huiju-private-domain-lease\",\"method\":\"DUBBO\",\"path\":\"com.huiju.privatedomain.lease.api.service.TicketBasicFacade:null:1.0.0#getByTicketId_(java.lang.String)\",\"callTime\":\"2026-06-29 15:55:05\"},{\"caller\":\"huiju-cloudkeeper-core\",\"callee\":\"huiju-private-domain-lease\",\"method\":\"DUBBO\",\"path\":\"com.huiju.privatedomain.lease.api.service.GroupChatFacade:null:1.0.0#listCreatedByGroupId_(java.lang.String)\",\"callTime\":\"2026-06-29 15:55:27\"},{\"caller\":\"huiju-cloudkeeper-core\",\"callee\":\"huiju-private-domain-lease\",\"method\":\"DUBBO\",\"path\":\"com.huiju.privatedomain.lease.api.service.PrivateDomainBasicFacade:null:1.0.0#getBySenderUnionId_(java.lang.String)\",\"callTime\":\"2026-06-29 15:55:14\"},{\"caller\":\"huiju-cloudkeeper-core\",\"callee\":\"huiju-private-domain-lease\",\"method\":\"DUBBO\",\"path\":\"com.huiju.privatedomain.lease.api.service.ShuntSessionFacade:null:1.0.0#queryIdentity_(com.huiju.privatedomain.lease.api.vo.request.ShuntSessionIdentityQueryReq)\",\"callTime\":\"2026-06-29 15:55:10\"},{\"caller\":\"trusteeship-manager-workbench\",\"callee\":\"huiju-private-domain-lease\",\"method\":\"POST\",\"path\":\"/api/valet/contract/list/groupChat\",\"callTime\":\"2026-06-29 15:55:38\"},{\"caller\":\"huiju-cloudkeeper-core\",\"callee\":\"huiju-private-domain-lease\",\"method\":\"DUBBO\",\"path\":\"com.huiju.privatedomain.lease.api.service.PushNoticeFacade:null:1.0.0#sendMessage_(com.huiju.privatedomain.lease.api.vo.request.SendMessageVo)\",\"callTime\":\"2026-06-29 15:51:06\"},{\"caller\":\"api-easy-rent-contract\",\"callee\":\"huiju-private-domain-lease\",\"method\":\"GET\",\"path\":\"/api/friend/getShortLink\",\"callTime\":\"2026-06-29 15:54:28\"},{\"caller\":\"huiju-cloudkeeper-core\",\"callee\":\"huiju-private-domain-lease\",\"method\":\"DUBBO\",\"path\":\"com.huiju.privatedomain.lease.api.service.ShuntSessionFacade:null:1.0.0#queryGroupIdentity_(com.huiju.privatedomain.lease.api.vo.request.ShuntGroupSessionIdentityQueryReq)\",\"callTime\":\"2026-06-29 15:54:32\"},{\"caller\":\"huiju-managing-house\",\"callee\":\"huiju-private-domain-lease\",\"method\":\"DUBBO\",\"path\":\"com.huiju.privatedomain.lease.api.service.PushNoticeFacade:null:1.0.0#sendMessageByContractCode_(com.huiju.privatedomain.lease.api.vo.request.SendMessageBasicVo)\",\"callTime\":\"2026-06-29 15:55:24\"},{\"caller\":\"huiju-cloudkeeper-datacenter\",\"callee\":\"huiju-private-domain-lease\",\"method\":\"DUBBO\",\"path\":\"com.huiju.privatedomain.lease.api.service.GroupChatFacade:null:1.0.0#listGroupChatMemberInfos_(com.huiju.privatedomain.lease.api.vo.request.GroupChatMemberInfoQueryReq)\",\"callTime\":\"2026-06-29 15:55:29\"},{\"caller\":\"beijia-basic-core\",\"callee\":\"huiju-private-domain-lease\",\"method\":\"DUBBO\",\"path\":\"com.huiju.privatedomain.lease.api.service.PushNoticeFacade:null:1.0.0#sendMessageByContractCode_(com.huiju.privatedomain.lease.api.vo.request.SendMessageBasicVo)\",\"callTime\":\"2026-06-29 15:55:29\"},{\"caller\":\"beijia-private-domain\",\"callee\":\"huiju-private-domain-lease\",\"method\":\"POST\",\"path\":\"/cloud/customer/openUrl\",\"callTime\":\"2026-06-29 15:54:48\"},{\"caller\":\"huiju-cloudkeeper-rule\",\"callee\":\"huiju-private-domain-lease\",\"method\":\"POST\",\"path\":\"/ruleCondition/private/aiAutoReply/execute\",\"callTime\":\"2026-06-29 15:55:39\"},{\"caller\":\"huiju-house-cloudkeeper\",\"callee\":\"huiju-private-domain-lease\",\"method\":\"DUBBO\",\"path\":\"com.huiju.privatedomain.lease.api.service.SignContractWhiteListFacade:null:1.0.0#queryByContractCodeForCloudKeeper_(java.lang.String)\",\"callTime\":\"2026-06-29 15:55:15\"},{\"caller\":\"api-easy-rent-contract\",\"callee\":\"huiju-private-domain-lease\",\"method\":\"POST\",\"path\":\"/api/valet/contract/workCity\",\"callTime\":\"2026-06-29 15:55:40\"},{\"caller\":\"huiju-cloudkeeper-rule\",\"callee\":\"huiju-private-domain-lease\",\"method\":\"POST\",\"path\":\"/ruleCondition/aiAutoReply/execute\",\"callTime\":\"2026-06-29 15:55:40\"},{\"caller\":\"huiju-house-cloudkeeper\",\"callee\":\"huiju-private-domain-lease\",\"method\":\"DUBBO\",\"path\":\"com.huiju.privatedomain.lease.api.service.PrivateDomainBasicFacade:null:1.0.0#queryCustomerInfoByContractCodes_(com.huiju.privatedomain.lease.api.vo.request.PrivateDomainCustomerInfoQueryReq)\",\"callTime\":\"2026-06-29 15:54:41\"},{\"caller\":\"sinan-business-robot-luoshu\",\"callee\":\"huiju-private-domain-lease\",\"method\":\"DUBBO\",\"path\":\"com.huiju.privatedomain.lease.api.service.PushNoticeFacade:null:1.0.0#sendMessageByContractCode_(com.huiju.privatedomain.lease.api.vo.request.SendMessageBasicVo)\",\"callTime\":\"2026-06-29 15:45:57\"}]}",
              "machineName": "envType_prod__huiju-private-domain-lease-3361289013-555d9c65c6-f6htb",
              "tid": "N/A",
              "sid": "N/A",
              "timestamp": "2026-06-29T15:55:40.145+08:00"
            },
            "fields": {
              "timestamp": [
                "2026-06-29T07:55:40.145Z"
              ]
            },
            "highlight": {
              "data_info_msg": [
                "Content of framework event message: {\"eventType\":\"ApiRecord\",\"createTime\":\"2026-06-29 15:55:40\",\"envType\":\"PROD\",\"serviceId\":\"huiju-private-domain-lease\",\"uri\":\"http://10.226.82.200:8080\",\"contextPath\":\"\",\"metaData\":[{\"caller\":\"huiju-cloudkeeper-core\",\"callee\":\"huiju-private-domain-lease\",\"method\":\"DUBBO\",\"path\":\"com.huiju.privatedomain.lease.api.service.FirstKeeperResblockRelFacade:null:1.0.0#queryByHouse_(com.huiju.privatedomain.lease.api.vo.request.QueryFirstKeeperResblockRelByHouseReq)\",\"callTime\":\"2026-06-29 15:55:14\"},{\"caller\":\"huiju-cloudkeeper-core\",\"callee\":\"huiju-private-domain-lease\",\"method\":\"DUBBO\",\"path\":\"com.huiju.privatedomain.lease.api.service.GroupChatFacade:null:1.0.0#closeGroupChatSession_(java.lang.String,java.lang.String)\",\"callTime\":\"2026-06-29 15:55:12\"},{\"caller\":\"api-easy-rent-contract\",\"callee\":\"huiju-private-domain-lease\",\"method\":\"POST\",\"path\":\"/api/friend/applyByPhone\",\"callTime\":\"2026-06-29 15:55:02\"},{\"caller\":\"api-easy-rent-contract\",\"callee\":\"huiju-private-domain-lease\",\"method\":\"POST\",\"path\":\"/message/getFriendInfo\",\"callTime\":\"2026-06-29 15:55:14\"},{\"caller\":\"api-easy-rent-contract\",\"callee\":\"huiju-private-domain-lease\",\"method\":\"POST\",\"path\":\"/message/send\",\"callTime\":\"2026-06-29 15:55:15\"},{\"caller\":\"huiju-cloudkeeper-core\",\"callee\":\"huiju-private-domain-lease\",\"method\":\"DUBBO\",\"path\":\"com.huiju.privatedomain.lease.api.service.PrivateDomainBasicFacade:null:1.0.0#queryCustomerInfoByContractCodes_(com.huiju.privatedomain.lease.api.vo.request.PrivateDomainCustomerInfoQueryReq)\",\"callTime\":\"2026-06-29 15:50:17\"},{\"caller\":\"huiju-house-cloudkeeper\",\"callee\":\"huiju-private-domain-lease\",\"method\":\"DUBBO\",\"path\":\"com.huiju.privatedomain.lease.api.service.AigcFacade:null:1.0.0#appealPreSummary_(com.huiju.privatedomain.lease.api.vo.request.AppealPreSummaryReq)\",\"callTime\":\"2026-06-29 15:53:30\"},{\"caller\":\"huiju-cloudkeeper-datacenter\",\"callee\":\"huiju-private-domain-lease\",\"method\":\"DUBBO\",\"path\":\"com.huiju.privatedomain.lease.api.service.PrivateDomainBasicFacade:null:1.0.0#queryCustomerInfoByContractCodes_(com.huiju.privatedomain.lease.api.vo.request.PrivateDomainCustomerInfoQueryReq)\",\"callTime\":\"2026-06-29 15:55:33\"},{\"caller\":\"huiju-house-cloudkeeper\",\"callee\":\"huiju-private-domain-lease\",\"method\":\"DUBBO\",\"path\":\"com.huiju.privatedomain.lease.api.service.GroupChatFacade:null:1.0.0#getValidOutGroupInfoByContractCode_(java.lang.String)\",\"callTime\":\"2026-06-29 15:55:31\"},{\"caller\":\"huiju-cloudkeeper-datacenter\",\"callee\":\"huiju-private-domain-lease\",\"method\":\"DUBBO\",\"path\":\"com.huiju.privatedomain.lease.api.service.TicketBasicFacade:null:1.0.0#getByTicketId_(java.lang.String)\",\"callTime\":\"2026-06-29 15:55:05\"},{\"caller\":\"huiju-cloudkeeper-core\",\"callee\":\"huiju-private-domain-lease\",\"method\":\"DUBBO\",\"path\":\"com.huiju.privatedomain.lease.api.service.GroupChatFacade:null:1.0.0#listCreatedByGroupId_(java.lang.String)\",\"callTime\":\"2026-06-29 15:55:27\"},{\"caller\":\"huiju-cloudkeeper-core\",\"callee\":\"huiju-private-domain-lease\",\"method\":\"DUBBO\",\"path\":\"com.huiju.privatedomain.lease.api.service.PrivateDomainBasicFacade:null:1.0.0#getBySenderUnionId_(java.lang.String)\",\"callTime\":\"2026-06-29 15:55:14\"},{\"caller\":\"huiju-cloudkeeper-core\",\"callee\":\"huiju-private-domain-lease\",\"method\":\"DUBBO\",\"path\":\"com.huiju.privatedomain.lease.api.service.ShuntSessionFacade:null:1.0.0#queryIdentity_(com.huiju.privatedomain.lease.api.vo.request.ShuntSessionIdentityQueryReq)\",\"callTime\":\"2026-06-29 15:55:10\"},{\"caller\":\"trusteeship-manager-workbench\",\"callee\":\"huiju-private-domain-lease\",\"method\":\"POST\",\"path\":\"/api/valet/contract/list/groupChat\",\"callTime\":\"2026-06-29 15:55:38\"},{\"caller\":\"huiju-cloudkeeper-core\",\"callee\":\"huiju-private-domain-lease\",\"method\":\"DUBBO\",\"path\":\"com.huiju.privatedomain.lease.api.service.PushNoticeFacade:null:1.0.0#sendMessage_(com.huiju.privatedomain.lease.api.vo.request.SendMessageVo)\",\"callTime\":\"2026-06-29 15:51:06\"},{\"caller\":\"api-easy-rent-contract\",\"callee\":\"huiju-private-domain-lease\",\"method\":\"GET\",\"path\":\"/api/friend/getShortLink\",\"callTime\":\"2026-06-29 15:54:28\"},{\"caller\":\"huiju-cloudkeeper-core\",\"callee\":\"huiju-private-domain-lease\",\"method\":\"DUBBO\",\"path\":\"com.huiju.privatedomain.lease.api.service.ShuntSessionFacade:null:1.0.0#queryGroupIdentity_(com.huiju.privatedomain.lease.api.vo.request.ShuntGroupSessionIdentityQueryReq)\",\"callTime\":\"2026-06-29 15:54:32\"},{\"caller\":\"huiju-managing-house\",\"callee\":\"huiju-private-domain-lease\",\"method\":\"DUBBO\",\"path\":\"com.huiju.privatedomain.lease.api.service.PushNoticeFacade:null:1.0.0#sendMessageByContractCode_(com.huiju.privatedomain.lease.api.vo.request.SendMessageBasicVo)\",\"callTime\":\"2026-06-29 15:55:24\"},{\"caller\":\"huiju-cloudkeeper-datacenter\",\"callee\":\"huiju-private-domain-lease\",\"method\":\"DUBBO\",\"path\":\"com.huiju.privatedomain.lease.api.service.GroupChatFacade:null:1.0.0#listGroupChatMemberInfos_(com.huiju.privatedomain.lease.api.vo.request.GroupChatMemberInfoQueryReq)\",\"callTime\":\"2026-06-29 15:55:29\"},{\"caller\":\"beijia-basic-core\",\"callee\":\"huiju-private-domain-lease\",\"method\":\"DUBBO\",\"path\":\"com.huiju.privatedomain.lease.api.service.PushNoticeFacade:null:1.0.0#sendMessageByContractCode_(com.huiju.privatedomain.lease.api.vo.request.SendMessageBasicVo)\",\"callTime\":\"2026-06-29 15:55:29\"},{\"caller\":\"beijia-private-domain\",\"callee\":\"huiju-private-domain-lease\",\"method\":\"POST\",\"path\":\"/cloud/customer/openUrl\",\"callTime\":\"2026-06-29 15:54:48\"},{\"caller\":\"huiju-cloudkeeper-rule\",\"callee\":\"huiju-private-domain-lease\",\"method\":\"POST\",\"path\":\"/ruleCondition/private/aiAutoReply/execute\",\"callTime\":\"2026-06-29 15:55:39\"},{\"caller\":\"huiju-house-cloudkeeper\",\"callee\":\"huiju-private-domain-lease\",\"method\":\"DUBBO\",\"path\":\"com.huiju.privatedomain.lease.api.service.SignContractWhiteListFacade:null:1.0.0#queryByContractCodeForCloudKeeper_(java.lang.String)\",\"callTime\":\"2026-06-29 15:55:15\"},{\"caller\":\"api-easy-rent-contract\",\"callee\":\"huiju-private-domain-lease\",\"method\":\"POST\",\"path\":\"/api/valet/contract/workCity\",\"callTime\":\"2026-06-29 15:55:40\"},{\"caller\":\"huiju-cloudkeeper-rule\",\"callee\":\"huiju-private-domain-lease\",\"method\":\"POST\",\"path\":\"/@kibana-highlighted-field@ruleCondition@/kibana-highlighted-field@/@kibana-highlighted-field@aiAutoReply@/kibana-highlighted-field@/@kibana-highlighted-field@execute@/kibana-highlighted-field@\",\"callTime\":\"2026-06-29 15:55:40\"},{\"caller\":\"huiju-house-cloudkeeper\",\"callee\":\"huiju-private-domain-lease\",\"method\":\"DUBBO\",\"path\":\"com.huiju.privatedomain.lease.api.service.PrivateDomainBasicFacade:null:1.0.0#queryCustomerInfoByContractCodes_(com.huiju.privatedomain.lease.api.vo.request.PrivateDomainCustomerInfoQueryReq)\",\"callTime\":\"2026-06-29 15:54:41\"},{\"caller\":\"sinan-business-robot-luoshu\",\"callee\":\"huiju-private-domain-lease\",\"method\":\"DUBBO\",\"path\":\"com.huiju.privatedomain.lease.api.service.PushNoticeFacade:null:1.0.0#sendMessageByContractCode_(com.huiju.privatedomain.lease.api.vo.request.SendMessageBasicVo)\",\"callTime\":\"2026-06-29 15:45:57\"}]}"
              ]
            },
            "sort": [
              1782719740145
            ]
          }
        ]
      },
      "aggregations": {
        "2": {
          "buckets": [
            {
              "key_as_string": "2026-06-29T15:55:30.000+08:00",
              "key": 1782719730000,
              "doc_count": 1
            },
            {
              "key_as_string": "2026-06-29T15:57:00.000+08:00",
              "key": 1782719820000,
              "doc_count": 1
            },
            {
              "key_as_string": "2026-06-29T15:59:00.000+08:00",
              "key": 1782719940000,
              "doc_count": 1
            },
            {
              "key_as_string": "2026-06-29T15:59:30.000+08:00",
              "key": 1782719970000,
              "doc_count": 1
            }
          ]
        }
      }
    },
    "total": 3,
    "loaded": 3
  }
}