{
  "meta": {
    "server": "fast105",
    "index": "index-13863-14267*",
    "query_time": "2026-06-30T11:00:05.377935",
    "hash": "c2b9fe3cba4e"
  },
  "request": {
    "params": {
      "ignoreThrottled": true,
      "preference": 1780483834299,
      "index": "index-13863-14267*",
      "body": {
        "version": true,
        "size": 20,
        "sort": [
          {
            "timestamp": {
              "order": "desc",
              "unmapped_type": "boolean"
            }
          }
        ],
        "aggs": {
          "2": {
            "date_histogram": {
              "field": "timestamp",
              "fixed_interval": "30s",
              "time_zone": "Asia/Shanghai",
              "min_doc_count": 1
            }
          }
        },
        "stored_fields": [
          "*"
        ],
        "script_fields": {},
        "docvalue_fields": [
          {
            "field": "timestamp",
            "format": "date_time"
          }
        ],
        "_source": {
          "excludes": []
        },
        "query": {
          "bool": {
            "must": [
              {
                "query_string": {
                  "query": "/ruleCondition/aiAutoReply/execute",
                  "analyze_wildcard": true,
                  "time_zone": "Asia/Shanghai"
                }
              }
            ],
            "filter": [
              {
                "range": {
                  "timestamp": {
                    "gte": "2026-06-30T02:40:00.000Z",
                    "lte": "2026-06-30T02:50:00.000Z",
                    "format": "strict_date_optional_time"
                  }
                }
              }
            ],
            "should": [],
            "must_not": []
          }
        },
        "highlight": {
          "pre_tags": [
            "@kibana-highlighted-field@"
          ],
          "post_tags": [
            "@/kibana-highlighted-field@"
          ],
          "fields": {
            "*": {}
          },
          "fragment_size": 2147483647
        }
      },
      "rest_total_hits_as_int": true,
      "ignore_unavailable": true,
      "ignore_throttled": true,
      "timeout": "30000ms"
    },
    "serverStrategy": "es"
  },
  "response": {
    "is_partial": false,
    "is_running": false,
    "rawResponse": {
      "took": 3,
      "timed_out": false,
      "_shards": {
        "total": 11,
        "successful": 5,
        "skipped": 5,
        "failed": 6,
        "failures": [
          {
            "shard": 0,
            "index": "index-13863-14267_2026-06-30",
            "node": "2pDNyItbRB-nGsmh2AZ_Ng",
            "reason": {
              "type": "query_shard_exception",
              "reason": "Failed to parse query [/ruleCondition/aiAutoReply/execute]",
              "index_uuid": "e7OLhvikT4iIhASosbki4Q",
              "index": "index-13863-14267_2026-06-30",
              "caused_by": {
                "type": "parse_exception",
                "reason": "parse_exception: Cannot parse '/ruleCondition/aiAutoReply/execute': Lexical error at line 1, column 35.  Encountered: <EOF> after : \"/execute\"",
                "caused_by": {
                  "type": "token_mgr_error",
                  "reason": "token_mgr_error: Lexical error at line 1, column 35.  Encountered: <EOF> after : \"/execute\""
                }
              }
            }
          }
        ]
      },
      "hits": {
        "total": 0,
        "max_score": 0,
        "hits": []
      }
    },
    "total": 11,
    "loaded": 11
  }
}