{
  "meta": {
    "server": "fast106",
    "index": "index-11408-13176_2026-06-29",
    "query_time": "2026-06-29T18:40:24.799233",
    "hash": "d6f90e347a0e"
  },
  "request": {
    "params": {
      "ignoreThrottled": true,
      "preference": 1780483834299,
      "index": "index-11408-13176_2026-06-29",
      "body": {
        "version": true,
        "size": 20,
        "sort": [
          {
            "timestamp": {
              "order": "desc",
              "unmapped_type": "boolean"
            }
          }
        ],
        "aggs": {
          "2": {
            "date_histogram": {
              "field": "timestamp",
              "fixed_interval": "30s",
              "time_zone": "Asia/Shanghai",
              "min_doc_count": 1
            }
          }
        },
        "stored_fields": [
          "*"
        ],
        "script_fields": {},
        "docvalue_fields": [
          {
            "field": "timestamp",
            "format": "date_time"
          }
        ],
        "_source": {
          "excludes": []
        },
        "query": {
          "bool": {
            "must": [
              {
                "match_all": {}
              }
            ],
            "filter": [
              {
                "match_phrase": {
                  "data_info_msg": "进入检查ai是否在规定时间范围内回复过"
                }
              },
              {
                "range": {
                  "timestamp": {
                    "gte": "2026-06-29T07:50:00.000Z",
                    "lte": "2026-06-29T08:10:00.000Z",
                    "format": "strict_date_optional_time"
                  }
                }
              }
            ],
            "should": [],
            "must_not": []
          }
        },
        "highlight": {
          "pre_tags": [
            "@kibana-highlighted-field@"
          ],
          "post_tags": [
            "@/kibana-highlighted-field@"
          ],
          "fields": {
            "*": {}
          },
          "fragment_size": 2147483647
        }
      },
      "rest_total_hits_as_int": true,
      "ignore_unavailable": true,
      "ignore_throttled": true,
      "timeout": "30000ms"
    },
    "serverStrategy": "es"
  },
  "response": {
    "is_partial": false,
    "is_running": false,
    "rawResponse": {
      "took": 536,
      "timed_out": false,
      "_shards": {
        "total": 3,
        "successful": 3,
        "skipped": 0,
        "failed": 0
      },
      "hits": {
        "total": 1,
        "max_score": null,
        "hits": [
          {
            "_index": "index-11408-13176_2026-06-29",
            "_type": "_doc",
            "_id": "fCRcEp8BdpG7oQCUUK1-",
            "_version": 1,
            "_score": null,
            "_source": {
              "data_segmentid": "N/A",
              "spanId": "-1",
              "data_ext_headers": "{}",
              "data_local_ip": "10.22.115.239",
              "loglevel": "INFO",
              "data_bltag": "undefined",
              "data_info_msg": "租客发送信息:{\"aiAutoReplyMonitorKeyCreateTime\":1782719164753,\"aiRobotUserId\":\"31376895\",\"allMemberList\":[{\"accountClientId\":\"\",\"groupId\":\"10866321437566758\",\"id\":8582264,\"inTime\":1761960920000,\"memberCode\":\"acc5UPeYqkahjFC43gCNeb5\",\"memberName\":\"宁波贝壳租房服务管家惠森\",\"memberStatus\":1,\"memberType\":5,\"qlId\":\"acc5UPeYqkahjFC43gCNeb5\",\"quanGroupId\":\"groupkyPABTGetnSxJjIJtpzN\",\"robotUcCode\":\"31176681\",\"unionId\":\"\"},{\"accountClientId\":\"7881302081916326\",\"groupId\":\"10866321437566758\",\"id\":8582265,\"inTime\":1761960922000,\"memberCode\":\"accD3McZ5uNlJDDhOUuRubm\",\"memberName\":\"赵永刚\",\"memberStatus\":1,\"memberType\":4,\"qlId\":\"accD3McZ5uNlJDDhOUuRubm\",\"quanGroupId\":\"groupkyPABTGetnSxJjIJtpzN\",\"robotUcCode\":\"\",\"unionId\":\"oN7cVs2GL2SZ6CPF-bKbO6T6alHU\"},{\"accountClientId\":\"\",\"groupId\":\"10866321437566758\",\"id\":8582266,\"inTime\":1761960922000,\"memberCode\":\"31376895\",\"memberName\":\"AI小惠946\",\"memberStatus\":1,\"memberType\":6,\"qlId\":\"accerADDCG17qdnC35c8RMX\",\"quanGroupId\":\"groupkyPABTGetnSxJjIJtpzN\",\"robotUcCode\":\"31376895\",\"unionId\":\"\"},{\"accountClientId\":\"\",\"groupId\":\"10866321437566758\",\"id\":8582267,\"inTime\":1761960920000,\"memberCode\":\"26749809\",\"memberName\":\"齐艳艳\",\"memberStatus\":2,\"memberType\":1,\"qlId\":\"accv3fHxetm10qs4h7COUdm\",\"quanGroupId\":\"groupkyPABTGetnSxJjIJtpzN\",\"robotUcCode\":\"\",\"unionId\":\"\"},{\"accountClientId\":\"\",\"groupId\":\"10866321437566758\",\"id\":8582268,\"inTime\":1761960922000,\"memberCode\":\"31468919\",\"memberName\":\"赵文博\",\"memberStatus\":1,\"memberType\":3,\"qlId\":\"accc5yDKA7pz0REjVWzP2m5\",\"quanGroupId\":\"groupkyPABTGetnSxJjIJtpzN\",\"robotUcCode\":\"\",\"unionId\":\"\"},{\"accountClientId\":\"\",\"groupId\":\"10866321437566758\",\"id\":8582269,\"inTime\":1776660249000,\"memberCode\":\"2101470788\",\"memberName\":\"许晓文(小花)\",\"memberStatus\":1,\"memberType\":2,\"qlId\":\"accNFWgVH4VOuDd67BVqcZA\",\"quanGroupId\":\"groupkyPABTGetnSxJjIJtpzN\",\"robotUcCode\":\"\",\"unionId\":\"\"},{\"accountClientId\":\"7881303143977955\",\"groupId\":\"10866321437566758\",\"id\":8602737,\"inTime\":1762045329000,\"memberCode\":\"accswqeMhA445WGw6pp5Fbk\",\"memberName\":\"欣欣\",\"memberStatus\":1,\"memberType\":4,\"qlId\":\"accswqeMhA445WGw6pp5Fbk\",\"quanGroupId\":\"groupkyPABTGetnSxJjIJtpzN\",\"robotUcCode\":\"\",\"unionId\":\"\"},{\"accountClientId\":\"\",\"groupId\":\"10866321437566758\",\"id\":11546555,\"inTime\":1775810294000,\"memberCode\":\"31618430\",\"memberName\":\"丁雪\",\"memberStatus\":2,\"memberType\":1,\"qlId\":\"accusH5mpK51AblJ97kc96j\",\"quanGroupId\":\"groupkyPABTGetnSxJjIJtpzN\",\"robotUcCode\":\"\",\"unionId\":\"\"},{\"accountClientId\":\"\",\"groupId\":\"10866321437566758\",\"id\":11575391,\"inTime\":1775898129000,\"memberCode\":\"31487886\",\"memberName\":\"蔡立军\",\"memberStatus\":2,\"memberType\":2,\"qlId\":\"acciIdtwYvvxbBsttA0aLL1\",\"quanGroupId\":\"groupkyPABTGetnSxJjIJtpzN\",\"robotUcCode\":\"\",\"unionId\":\"\"},{\"accountClientId\":\"\",\"groupId\":\"10866321437566758\",\"id\":12377017,\"inTime\":1778992935000,\"memberCode\":\"1000772319\",\"memberName\":\"蔡万坤\",\"memberStatus\":1,\"memberType\":1,\"qlId\":\"accGWDF5yl6KPQTlb3RLcad\",\"quanGroupId\":\"groupkyPABTGetnSxJjIJtpzN\",\"robotUcCode\":\"\",\"unionId\":\"\"}],\"appInfo\":\"5647337141046130768\",\"businessCode\":\"shengxinzu_zuwu\",\"businessTag\":0,\"channelMsgSn\":\"2161454\",\"chatType\":2,\"contractInfo\":{\"address\":\"观澜苑21栋0单元21#1102\",\"cityCode\":\"330200\",\"contractCode\":\"TGCF2511528560\",\"houseId\":\"103136845770\",\"inContractCode\":\"TG2410472532\",\"inContractId\":2550546,\"outContractId\":\"6038037\",\"renterName\":\"刘欣欣\",\"renterPhone\":\"176****6966\",\"resblockId\":\"4420034590890785\",\"ziGuanId\":\"1000772319\"},\"createTicketCondition\":{\"accountId\":\"accD3McZ5uNlJDDhOUuRubm\",\"unionId\":\"oN7cVs2GL2SZ6CPF-bKbO6T6alHU\"},\"desc\":\"\",\"eventType\":50102,\"groupChatInfo\":{\"cityCode\":\"330200\",\"ctime\":1761960914000,\"groupId\":\"10866321437566758\",\"groupName\":\"观澜苑21栋0单元21#1102贝壳服务群\",\"quanGroupId\":\"groupkyPABTGetnSxJjIJtpzN\",\"robotId\":\"acc5UPeYqkahjFC43gCNeb5\",\"robotUcCode\":\"31176681\",\"unionId\":\"oN7cVs2GL2SZ6CPF-bKbO6T6alHU\"},\"hint\":\"iGKLo5QFEhi9faJn78oA.lCkImw.1782719163\",\"href\":\"\",\"md5\":\"\",\"msgContent\":\"可以\",\"msgId\":\"2161454\",\"msgTime\":\"2026-06-29 15:46:02\",\"msgType\":1,\"ownerRobotInfo\":{\"alias\":\"贝壳租房服务管家-惠森\",\"avatarUrl\":\"https://wework.qpic.cn/wwpic3az/703989_TrusdIjgSgigVr3_1779248275/0\",\"createGroupStatus\":1,\"createGroupTime\":1734781862000,\"id\":709,\"name\":\"宁波贝壳租房服务管家惠森\",\"robotGroup\":\"【勿动】宁波省心租租务管家\",\"robotGroupType\":\"shengxinzu_zuwu\",\"robotId\":\"acc5UPeYqkahjFC43gCNeb5\",\"status\":1,\"ucCode\":\"31176681\"},\"qlAtList\":\"\",\"receiverId\":\"10866321437566758\",\"retryFlag\":false,\"robotId\":\"acc5UPeYqkahjFC43gCNeb5\",\"robotWeworkId\":\"31176681\",\"senderExternalUserId\":\"7881303143977955\",\"senderId\":\"7881303143977955\",\"senderInfo\":{\"accountClientId\":\"7881303143977955\",\"memberName\":\"欣欣\",\"memberType\":4,\"qlAccountId\":\"accswqeMhA445WGw6pp5Fbk\",\"senderUnionId\":\"\"},\"senderType\":2,\"senderUnionId\":\"oN7cVs2GL2SZ6CPF-bKbO6T6alHU\",\"sessionId\":\"new_session_id:SERVICE_KEEPER--GROUP_CHAT--10866321437566758--4#1782719162000\",\"title\":\"\",\"voiceTextProcessCount\":0,\"voiceTime\":\"0\",\"wechatGroupMsgDto\":{\"aiScene\":\"groupAiV1Service\",\"allMemberList\":[{\"accountClientId\":\"\",\"groupId\":\"10866321437566758\",\"id\":8582264,\"inTime\":1761960920000,\"memberCode\":\"acc5UPeYqkahjFC43gCNeb5\",\"memberName\":\"宁波贝壳租房服务管家惠森\",\"memberStatus\":1,\"memberType\":5,\"qlId\":\"acc5UPeYqkahjFC43gCNeb5\",\"quanGroupId\":\"groupkyPABTGetnSxJjIJtpzN\",\"robotUcCode\":\"31176681\",\"unionId\":\"\"},{\"accountClientId\":\"7881302081916326\",\"groupId\":\"10866321437566758\",\"id\":8582265,\"inTime\":1761960922000,\"memberCode\":\"accD3McZ5uNlJDDhOUuRubm\",\"memberName\":\"赵永刚\",\"memberStatus\":1,\"memberType\":4,\"qlId\":\"accD3McZ5uNlJDDhOUuRubm\",\"quanGroupId\":\"groupkyPABTGetnSxJjIJtpzN\",\"robotUcCode\":\"\",\"unionId\":\"oN7cVs2GL2SZ6CPF-bKbO6T6alHU\"},{\"accountClientId\":\"\",\"groupId\":\"10866321437566758\",\"id\":8582266,\"inTime\":1761960922000,\"memberCode\":\"31376895\",\"memberName\":\"AI小惠946\",\"memberStatus\":1,\"memberType\":6,\"qlId\":\"accerADDCG17qdnC35c8RMX\",\"quanGroupId\":\"groupkyPABTGetnSxJjIJtpzN\",\"robotUcCode\":\"31376895\",\"unionId\":\"\"},{\"accountClientId\":\"\",\"groupId\":\"10866321437566758\",\"id\":8582267,\"inTime\":1761960920000,\"memberCode\":\"26749809\",\"memberName\":\"齐艳艳\",\"memberStatus\":2,\"memberType\":1,\"qlId\":\"accv3fHxetm10qs4h7COUdm\",\"quanGroupId\":\"groupkyPABTGetnSxJjIJtpzN\",\"robotUcCode\":\"\",\"unionId\":\"\"},{\"accountClientId\":\"\",\"groupId\":\"10866321437566758\",\"id\":8582268,\"inTime\":1761960922000,\"memberCode\":\"31468919\",\"memberName\":\"赵文博\",\"memberStatus\":1,\"memberType\":3,\"qlId\":\"accc5yDKA7pz0REjVWzP2m5\",\"quanGroupId\":\"groupkyPABTGetnSxJjIJtpzN\",\"robotUcCode\":\"\",\"unionId\":\"\"},{\"accountClientId\":\"\",\"groupId\":\"10866321437566758\",\"id\":8582269,\"inTime\":1776660249000,\"memberCode\":\"2101470788\",\"memberName\":\"许晓文(小花)\",\"memberStatus\":1,\"memberType\":2,\"qlId\":\"accNFWgVH4VOuDd67BVqcZA\",\"quanGroupId\":\"groupkyPABTGetnSxJjIJtpzN\",\"robotUcCode\":\"\",\"unionId\":\"\"},{\"accountClientId\":\"7881303143977955\",\"groupId\":\"10866321437566758\",\"id\":8602737,\"inTime\":1762045329000,\"memberCode\":\"accswqeMhA445WGw6pp5Fbk\",\"memberName\":\"欣欣\",\"memberStatus\":1,\"memberType\":4,\"qlId\":\"accswqeMhA445WGw6pp5Fbk\",\"quanGroupId\":\"groupkyPABTGetnSxJjIJtpzN\",\"robotUcCode\":\"\",\"unionId\":\"\"},{\"accountClientId\":\"\",\"groupId\":\"10866321437566758\",\"id\":11546555,\"inTime\":1775810294000,\"memberCode\":\"31618430\",\"memberName\":\"丁雪\",\"memberStatus\":2,\"memberType\":1,\"qlId\":\"accusH5mpK51AblJ97kc96j\",\"quanGroupId\":\"groupkyPABTGetnSxJjIJtpzN\",\"robotUcCode\":\"\",\"unionId\":\"\"},{\"accountClientId\":\"\",\"groupId\":\"10866321437566758\",\"id\":11575391,\"inTime\":1775898129000,\"memberCode\":\"31487886\",\"memberName\":\"蔡立军\",\"memberStatus\":2,\"memberType\":2,\"qlId\":\"acciIdtwYvvxbBsttA0aLL1\",\"quanGroupId\":\"groupkyPABTGetnSxJjIJtpzN\",\"robotUcCode\":\"\",\"unionId\":\"\"},{\"accountClientId\":\"\",\"groupId\":\"10866321437566758\",\"id\":12377017,\"inTime\":1778992935000,\"memberCode\":\"1000772319\",\"memberName\":\"蔡万坤\",\"memberStatus\":1,\"memberType\":1,\"qlId\":\"accGWDF5yl6KPQTlb3RLcad\",\"quanGroupId\":\"groupkyPABTGetnSxJjIJtpzN\",\"robotUcCode\":\"\",\"unionId\":\"\"}],\"appInfo\":\"5647337141046130768\",\"autoReply\":false,\"automaticTicket\":false,\"businessCode\":\"shengxinzu_zuwu\",\"businessTag\":0,\"channelMsgSn\":\"2161454\",\"contractInfo\":{\"address\":\"观澜苑21栋0单元21#1102\",\"cityCode\":\"330200\",\"contractCode\":\"TGCF2511528560\",\"houseId\":\"103136845770\",\"inContractCode\":\"TG2410472532\",\"inContractId\":2550546,\"outContractId\":\"6038037\",\"renterName\":\"刘欣欣\",\"renterPhone\":\"176****6966\",\"resblockId\":\"4420034590890785\",\"ziGuanId\":\"1000772319\"},\"corpName\":\"bei_ke\",\"createTicketCondition\":{\"accountId\":\"accD3McZ5uNlJDDhOUuRubm\",\"unionId\":\"oN7cVs2GL2SZ6CPF-bKbO6T6alHU\"},\"desc\":\"\",\"eventType\":\"71003\",\"groupChatInfo\":{\"cityCode\":\"330200\",\"ctime\":1761960914000,\"groupId\":\"10866321437566758\",\"groupName\":\"观澜苑21栋0单元21#1102贝壳服务群\",\"quanGroupId\":\"groupkyPABTGetnSxJjIJtpzN\",\"robotId\":\"acc5UPeYqkahjFC43gCNeb5\",\"robotUcCode\":\"31176681\",\"unionId\":\"oN7cVs2GL2SZ6CPF-bKbO6T6alHU\"},\"groupId\":\"10866321437566758\",\"hasAiRobot\":true,\"hint\":\"iGKLo5QFEhi9faJn78oA.lCkImw.1782719163\",\"href\":\"\",\"md5\":\"\",\"msgContent\":\"可以\",\"msgId\":\"2161454\",\"msgTime\":\"2026-06-29 15:46:02\",\"msgType\":1,\"ownerRobotInfo\":{\"alias\":\"贝壳租房服务管家-惠森\",\"avatarUrl\":\"https://wework.qpic.cn/wwpic3az/703989_TrusdIjgSgigVr3_1779248275/0\",\"createGroupStatus\":1,\"createGroupTime\":1734781862000,\"id\":709,\"name\":\"宁波贝壳租房服务管家惠森\",\"robotGroup\":\"【勿动】宁波省心租租务管家\",\"robotGroupType\":\"shengxinzu_zuwu\",\"robotId\":\"acc5UPeYqkahjFC43gCNeb5\",\"status\":1,\"ucCode\":\"31176681\"},\"qlAtList\":\"\",\"requestId\":\"7e4901c8-0d66-4edb-997c-c6065fa1de73\",\"retryFlag\":false,\"robotId\":\"acc5UPeYqkahjFC43gCNeb5\",\"robotWeworkId\":\"31176681\",\"senderInfo\":{\"accountClientId\":\"7881303143977955\",\"memberName\":\"欣欣\",\"memberType\":4,\"qlAccountId\":\"accswqeMhA445WGw6pp5Fbk\",\"senderUnionId\":\"\"},\"senderType\":2,\"senderUserId\":\"7881303143977955\",\"senderUserQlId\":\"accswqeMhA445WGw6pp5Fbk\",\"title\":\"\",\"toManualReply\":false,\"v2ReFlow\":false,\"voiceTextProcessCount\":0,\"voiceTime\":\"0\"}}进入检查ai是否在规定时间范围内回复过",
              "machineName": "envType_prod__huiju-private-domain-lease-3361289013-555d9c65c6-7vbf6",
              "tid": "453460-10.22.115.239-950-1782719464758-317",
              "sid": "453460-10.22.115.239-950-1782719464758-316",
              "timestamp": "2026-06-29T15:51:04.759+08:00"
            },
            "fields": {
              "timestamp": [
                "2026-06-29T07:51:04.759Z"
              ]
            },
            "highlight": {
              "data_info_msg": [
                "租客发送信息:{\"aiAutoReplyMonitorKeyCreateTime\":1782719164753,\"aiRobotUserId\":\"31376895\",\"allMemberList\":[{\"accountClientId\":\"\",\"groupId\":\"10866321437566758\",\"id\":8582264,\"inTime\":1761960920000,\"memberCode\":\"acc5UPeYqkahjFC43gCNeb5\",\"memberName\":\"宁波贝壳租房服务管家惠森\",\"memberStatus\":1,\"memberType\":5,\"qlId\":\"acc5UPeYqkahjFC43gCNeb5\",\"quanGroupId\":\"groupkyPABTGetnSxJjIJtpzN\",\"robotUcCode\":\"31176681\",\"unionId\":\"\"},{\"accountClientId\":\"7881302081916326\",\"groupId\":\"10866321437566758\",\"id\":8582265,\"inTime\":1761960922000,\"memberCode\":\"accD3McZ5uNlJDDhOUuRubm\",\"memberName\":\"赵永刚\",\"memberStatus\":1,\"memberType\":4,\"qlId\":\"accD3McZ5uNlJDDhOUuRubm\",\"quanGroupId\":\"groupkyPABTGetnSxJjIJtpzN\",\"robotUcCode\":\"\",\"unionId\":\"oN7cVs2GL2SZ6CPF-bKbO6T6alHU\"},{\"accountClientId\":\"\",\"groupId\":\"10866321437566758\",\"id\":8582266,\"inTime\":1761960922000,\"memberCode\":\"31376895\",\"memberName\":\"AI小惠946\",\"memberStatus\":1,\"memberType\":6,\"qlId\":\"accerADDCG17qdnC35c8RMX\",\"quanGroupId\":\"groupkyPABTGetnSxJjIJtpzN\",\"robotUcCode\":\"31376895\",\"unionId\":\"\"},{\"accountClientId\":\"\",\"groupId\":\"10866321437566758\",\"id\":8582267,\"inTime\":1761960920000,\"memberCode\":\"26749809\",\"memberName\":\"齐艳艳\",\"memberStatus\":2,\"memberType\":1,\"qlId\":\"accv3fHxetm10qs4h7COUdm\",\"quanGroupId\":\"groupkyPABTGetnSxJjIJtpzN\",\"robotUcCode\":\"\",\"unionId\":\"\"},{\"accountClientId\":\"\",\"groupId\":\"10866321437566758\",\"id\":8582268,\"inTime\":1761960922000,\"memberCode\":\"31468919\",\"memberName\":\"赵文博\",\"memberStatus\":1,\"memberType\":3,\"qlId\":\"accc5yDKA7pz0REjVWzP2m5\",\"quanGroupId\":\"groupkyPABTGetnSxJjIJtpzN\",\"robotUcCode\":\"\",\"unionId\":\"\"},{\"accountClientId\":\"\",\"groupId\":\"10866321437566758\",\"id\":8582269,\"inTime\":1776660249000,\"memberCode\":\"2101470788\",\"memberName\":\"许晓文(小花)\",\"memberStatus\":1,\"memberType\":2,\"qlId\":\"accNFWgVH4VOuDd67BVqcZA\",\"quanGroupId\":\"groupkyPABTGetnSxJjIJtpzN\",\"robotUcCode\":\"\",\"unionId\":\"\"},{\"accountClientId\":\"7881303143977955\",\"groupId\":\"10866321437566758\",\"id\":8602737,\"inTime\":1762045329000,\"memberCode\":\"accswqeMhA445WGw6pp5Fbk\",\"memberName\":\"欣欣\",\"memberStatus\":1,\"memberType\":4,\"qlId\":\"accswqeMhA445WGw6pp5Fbk\",\"quanGroupId\":\"groupkyPABTGetnSxJjIJtpzN\",\"robotUcCode\":\"\",\"unionId\":\"\"},{\"accountClientId\":\"\",\"groupId\":\"10866321437566758\",\"id\":11546555,\"inTime\":1775810294000,\"memberCode\":\"31618430\",\"memberName\":\"丁雪\",\"memberStatus\":2,\"memberType\":1,\"qlId\":\"accusH5mpK51AblJ97kc96j\",\"quanGroupId\":\"groupkyPABTGetnSxJjIJtpzN\",\"robotUcCode\":\"\",\"unionId\":\"\"},{\"accountClientId\":\"\",\"groupId\":\"10866321437566758\",\"id\":11575391,\"inTime\":1775898129000,\"memberCode\":\"31487886\",\"memberName\":\"蔡立军\",\"memberStatus\":2,\"memberType\":2,\"qlId\":\"acciIdtwYvvxbBsttA0aLL1\",\"quanGroupId\":\"groupkyPABTGetnSxJjIJtpzN\",\"robotUcCode\":\"\",\"unionId\":\"\"},{\"accountClientId\":\"\",\"groupId\":\"10866321437566758\",\"id\":12377017,\"inTime\":1778992935000,\"memberCode\":\"1000772319\",\"memberName\":\"蔡万坤\",\"memberStatus\":1,\"memberType\":1,\"qlId\":\"accGWDF5yl6KPQTlb3RLcad\",\"quanGroupId\":\"groupkyPABTGetnSxJjIJtpzN\",\"robotUcCode\":\"\",\"unionId\":\"\"}],\"appInfo\":\"5647337141046130768\",\"businessCode\":\"shengxinzu_zuwu\",\"businessTag\":0,\"channelMsgSn\":\"2161454\",\"chatType\":2,\"contractInfo\":{\"address\":\"观澜苑21栋0单元21#1102\",\"cityCode\":\"330200\",\"contractCode\":\"TGCF2511528560\",\"houseId\":\"103136845770\",\"inContractCode\":\"TG2410472532\",\"inContractId\":2550546,\"outContractId\":\"6038037\",\"renterName\":\"刘欣欣\",\"renterPhone\":\"176****6966\",\"resblockId\":\"4420034590890785\",\"ziGuanId\":\"1000772319\"},\"createTicketCondition\":{\"accountId\":\"accD3McZ5uNlJDDhOUuRubm\",\"unionId\":\"oN7cVs2GL2SZ6CPF-bKbO6T6alHU\"},\"desc\":\"\",\"eventType\":50102,\"groupChatInfo\":{\"cityCode\":\"330200\",\"ctime\":1761960914000,\"groupId\":\"10866321437566758\",\"groupName\":\"观澜苑21栋0单元21#1102贝壳服务群\",\"quanGroupId\":\"groupkyPABTGetnSxJjIJtpzN\",\"robotId\":\"acc5UPeYqkahjFC43gCNeb5\",\"robotUcCode\":\"31176681\",\"unionId\":\"oN7cVs2GL2SZ6CPF-bKbO6T6alHU\"},\"hint\":\"iGKLo5QFEhi9faJn78oA.lCkImw.1782719163\",\"href\":\"\",\"md5\":\"\",\"msgContent\":\"可以\",\"msgId\":\"2161454\",\"msgTime\":\"2026-06-29 15:46:02\",\"msgType\":1,\"ownerRobotInfo\":{\"alias\":\"贝壳租房服务管家-惠森\",\"avatarUrl\":\"https://wework.qpic.cn/wwpic3az/703989_TrusdIjgSgigVr3_1779248275/0\",\"createGroupStatus\":1,\"createGroupTime\":1734781862000,\"id\":709,\"name\":\"宁波贝壳租房服务管家惠森\",\"robotGroup\":\"【勿动】宁波省心租租务管家\",\"robotGroupType\":\"shengxinzu_zuwu\",\"robotId\":\"acc5UPeYqkahjFC43gCNeb5\",\"status\":1,\"ucCode\":\"31176681\"},\"qlAtList\":\"\",\"receiverId\":\"10866321437566758\",\"retryFlag\":false,\"robotId\":\"acc5UPeYqkahjFC43gCNeb5\",\"robotWeworkId\":\"31176681\",\"senderExternalUserId\":\"7881303143977955\",\"senderId\":\"7881303143977955\",\"senderInfo\":{\"accountClientId\":\"7881303143977955\",\"memberName\":\"欣欣\",\"memberType\":4,\"qlAccountId\":\"accswqeMhA445WGw6pp5Fbk\",\"senderUnionId\":\"\"},\"senderType\":2,\"senderUnionId\":\"oN7cVs2GL2SZ6CPF-bKbO6T6alHU\",\"sessionId\":\"new_session_id:SERVICE_KEEPER--GROUP_CHAT--10866321437566758--4#1782719162000\",\"title\":\"\",\"voiceTextProcessCount\":0,\"voiceTime\":\"0\",\"wechatGroupMsgDto\":{\"aiScene\":\"groupAiV1Service\",\"allMemberList\":[{\"accountClientId\":\"\",\"groupId\":\"10866321437566758\",\"id\":8582264,\"inTime\":1761960920000,\"memberCode\":\"acc5UPeYqkahjFC43gCNeb5\",\"memberName\":\"宁波贝壳租房服务管家惠森\",\"memberStatus\":1,\"memberType\":5,\"qlId\":\"acc5UPeYqkahjFC43gCNeb5\",\"quanGroupId\":\"groupkyPABTGetnSxJjIJtpzN\",\"robotUcCode\":\"31176681\",\"unionId\":\"\"},{\"accountClientId\":\"7881302081916326\",\"groupId\":\"10866321437566758\",\"id\":8582265,\"inTime\":1761960922000,\"memberCode\":\"accD3McZ5uNlJDDhOUuRubm\",\"memberName\":\"赵永刚\",\"memberStatus\":1,\"memberType\":4,\"qlId\":\"accD3McZ5uNlJDDhOUuRubm\",\"quanGroupId\":\"groupkyPABTGetnSxJjIJtpzN\",\"robotUcCode\":\"\",\"unionId\":\"oN7cVs2GL2SZ6CPF-bKbO6T6alHU\"},{\"accountClientId\":\"\",\"groupId\":\"10866321437566758\",\"id\":8582266,\"inTime\":1761960922000,\"memberCode\":\"31376895\",\"memberName\":\"AI小惠946\",\"memberStatus\":1,\"memberType\":6,\"qlId\":\"accerADDCG17qdnC35c8RMX\",\"quanGroupId\":\"groupkyPABTGetnSxJjIJtpzN\",\"robotUcCode\":\"31376895\",\"unionId\":\"\"},{\"accountClientId\":\"\",\"groupId\":\"10866321437566758\",\"id\":8582267,\"inTime\":1761960920000,\"memberCode\":\"26749809\",\"memberName\":\"齐艳艳\",\"memberStatus\":2,\"memberType\":1,\"qlId\":\"accv3fHxetm10qs4h7COUdm\",\"quanGroupId\":\"groupkyPABTGetnSxJjIJtpzN\",\"robotUcCode\":\"\",\"unionId\":\"\"},{\"accountClientId\":\"\",\"groupId\":\"10866321437566758\",\"id\":8582268,\"inTime\":1761960922000,\"memberCode\":\"31468919\",\"memberName\":\"赵文博\",\"memberStatus\":1,\"memberType\":3,\"qlId\":\"accc5yDKA7pz0REjVWzP2m5\",\"quanGroupId\":\"groupkyPABTGetnSxJjIJtpzN\",\"robotUcCode\":\"\",\"unionId\":\"\"},{\"accountClientId\":\"\",\"groupId\":\"10866321437566758\",\"id\":8582269,\"inTime\":1776660249000,\"memberCode\":\"2101470788\",\"memberName\":\"许晓文(小花)\",\"memberStatus\":1,\"memberType\":2,\"qlId\":\"accNFWgVH4VOuDd67BVqcZA\",\"quanGroupId\":\"groupkyPABTGetnSxJjIJtpzN\",\"robotUcCode\":\"\",\"unionId\":\"\"},{\"accountClientId\":\"7881303143977955\",\"groupId\":\"10866321437566758\",\"id\":8602737,\"inTime\":1762045329000,\"memberCode\":\"accswqeMhA445WGw6pp5Fbk\",\"memberName\":\"欣欣\",\"memberStatus\":1,\"memberType\":4,\"qlId\":\"accswqeMhA445WGw6pp5Fbk\",\"quanGroupId\":\"groupkyPABTGetnSxJjIJtpzN\",\"robotUcCode\":\"\",\"unionId\":\"\"},{\"accountClientId\":\"\",\"groupId\":\"10866321437566758\",\"id\":11546555,\"inTime\":1775810294000,\"memberCode\":\"31618430\",\"memberName\":\"丁雪\",\"memberStatus\":2,\"memberType\":1,\"qlId\":\"accusH5mpK51AblJ97kc96j\",\"quanGroupId\":\"groupkyPABTGetnSxJjIJtpzN\",\"robotUcCode\":\"\",\"unionId\":\"\"},{\"accountClientId\":\"\",\"groupId\":\"10866321437566758\",\"id\":11575391,\"inTime\":1775898129000,\"memberCode\":\"31487886\",\"memberName\":\"蔡立军\",\"memberStatus\":2,\"memberType\":2,\"qlId\":\"acciIdtwYvvxbBsttA0aLL1\",\"quanGroupId\":\"groupkyPABTGetnSxJjIJtpzN\",\"robotUcCode\":\"\",\"unionId\":\"\"},{\"accountClientId\":\"\",\"groupId\":\"10866321437566758\",\"id\":12377017,\"inTime\":1778992935000,\"memberCode\":\"1000772319\",\"memberName\":\"蔡万坤\",\"memberStatus\":1,\"memberType\":1,\"qlId\":\"accGWDF5yl6KPQTlb3RLcad\",\"quanGroupId\":\"groupkyPABTGetnSxJjIJtpzN\",\"robotUcCode\":\"\",\"unionId\":\"\"}],\"appInfo\":\"5647337141046130768\",\"autoReply\":false,\"automaticTicket\":false,\"businessCode\":\"shengxinzu_zuwu\",\"businessTag\":0,\"channelMsgSn\":\"2161454\",\"contractInfo\":{\"address\":\"观澜苑21栋0单元21#1102\",\"cityCode\":\"330200\",\"contractCode\":\"TGCF2511528560\",\"houseId\":\"103136845770\",\"inContractCode\":\"TG2410472532\",\"inContractId\":2550546,\"outContractId\":\"6038037\",\"renterName\":\"刘欣欣\",\"renterPhone\":\"176****6966\",\"resblockId\":\"4420034590890785\",\"ziGuanId\":\"1000772319\"},\"corpName\":\"bei_ke\",\"createTicketCondition\":{\"accountId\":\"accD3McZ5uNlJDDhOUuRubm\",\"unionId\":\"oN7cVs2GL2SZ6CPF-bKbO6T6alHU\"},\"desc\":\"\",\"eventType\":\"71003\",\"groupChatInfo\":{\"cityCode\":\"330200\",\"ctime\":1761960914000,\"groupId\":\"10866321437566758\",\"groupName\":\"观澜苑21栋0单元21#1102贝壳服务群\",\"quanGroupId\":\"groupkyPABTGetnSxJjIJtpzN\",\"robotId\":\"acc5UPeYqkahjFC43gCNeb5\",\"robotUcCode\":\"31176681\",\"unionId\":\"oN7cVs2GL2SZ6CPF-bKbO6T6alHU\"},\"groupId\":\"10866321437566758\",\"hasAiRobot\":true,\"hint\":\"iGKLo5QFEhi9faJn78oA.lCkImw.1782719163\",\"href\":\"\",\"md5\":\"\",\"msgContent\":\"可以\",\"msgId\":\"2161454\",\"msgTime\":\"2026-06-29 15:46:02\",\"msgType\":1,\"ownerRobotInfo\":{\"alias\":\"贝壳租房服务管家-惠森\",\"avatarUrl\":\"https://wework.qpic.cn/wwpic3az/703989_TrusdIjgSgigVr3_1779248275/0\",\"createGroupStatus\":1,\"createGroupTime\":1734781862000,\"id\":709,\"name\":\"宁波贝壳租房服务管家惠森\",\"robotGroup\":\"【勿动】宁波省心租租务管家\",\"robotGroupType\":\"shengxinzu_zuwu\",\"robotId\":\"acc5UPeYqkahjFC43gCNeb5\",\"status\":1,\"ucCode\":\"31176681\"},\"qlAtList\":\"\",\"requestId\":\"7e4901c8-0d66-4edb-997c-c6065fa1de73\",\"retryFlag\":false,\"robotId\":\"acc5UPeYqkahjFC43gCNeb5\",\"robotWeworkId\":\"31176681\",\"senderInfo\":{\"accountClientId\":\"7881303143977955\",\"memberName\":\"欣欣\",\"memberType\":4,\"qlAccountId\":\"accswqeMhA445WGw6pp5Fbk\",\"senderUnionId\":\"\"},\"senderType\":2,\"senderUserId\":\"7881303143977955\",\"senderUserQlId\":\"accswqeMhA445WGw6pp5Fbk\",\"title\":\"\",\"toManualReply\":false,\"v2ReFlow\":false,\"voiceTextProcessCount\":0,\"voiceTime\":\"0\"}}@kibana-highlighted-field@进@/kibana-highlighted-field@@kibana-highlighted-field@入@/kibana-highlighted-field@@kibana-highlighted-field@检@/kibana-highlighted-field@@kibana-highlighted-field@查@/kibana-highlighted-field@@kibana-highlighted-field@ai@/kibana-highlighted-field@@kibana-highlighted-field@是@/kibana-highlighted-field@@kibana-highlighted-field@否@/kibana-highlighted-field@@kibana-highlighted-field@在@/kibana-highlighted-field@@kibana-highlighted-field@规@/kibana-highlighted-field@@kibana-highlighted-field@定@/kibana-highlighted-field@@kibana-highlighted-field@时@/kibana-highlighted-field@@kibana-highlighted-field@间@/kibana-highlighted-field@@kibana-highlighted-field@范@/kibana-highlighted-field@@kibana-highlighted-field@围@/kibana-highlighted-field@@kibana-highlighted-field@内@/kibana-highlighted-field@@kibana-highlighted-field@回@/kibana-highlighted-field@@kibana-highlighted-field@复@/kibana-highlighted-field@@kibana-highlighted-field@过@/kibana-highlighted-field@"
              ]
            },
            "sort": [
              1782719464759
            ]
          }
        ]
      },
      "aggregations": {
        "2": {
          "buckets": [
            {
              "key_as_string": "2026-06-29T15:51:00.000+08:00",
              "key": 1782719460000,
              "doc_count": 1
            }
          ]
        }
      }
    },
    "total": 3,
    "loaded": 3
  }
}