{
  "meta": {
    "server": "fast106",
    "index": "index-11408-13176_2026-06-29",
    "query_time": "2026-06-29T18:34:16.380136",
    "hash": "dd0d3e5701a2"
  },
  "request": {
    "params": {
      "ignoreThrottled": true,
      "preference": 1780483834299,
      "index": "index-11408-13176_2026-06-29",
      "body": {
        "version": true,
        "size": 5,
        "sort": [
          {
            "timestamp": {
              "order": "desc",
              "unmapped_type": "boolean"
            }
          }
        ],
        "aggs": {
          "2": {
            "date_histogram": {
              "field": "timestamp",
              "fixed_interval": "30s",
              "time_zone": "Asia/Shanghai",
              "min_doc_count": 1
            }
          }
        },
        "stored_fields": [
          "*"
        ],
        "script_fields": {},
        "docvalue_fields": [
          {
            "field": "timestamp",
            "format": "date_time"
          }
        ],
        "_source": {
          "excludes": []
        },
        "query": {
          "bool": {
            "must": [
              {
                "match_all": {}
              }
            ],
            "filter": [
              {
                "match_phrase": {
                  "data_info_msg": "收到工作台群会话消息"
                }
              },
              {
                "range": {
                  "timestamp": {
                    "gte": "2026-06-29T08:00:50.000Z",
                    "lte": "2026-06-29T08:01:40.000Z",
                    "format": "strict_date_optional_time"
                  }
                }
              }
            ],
            "should": [],
            "must_not": []
          }
        },
        "highlight": {
          "pre_tags": [
            "@kibana-highlighted-field@"
          ],
          "post_tags": [
            "@/kibana-highlighted-field@"
          ],
          "fields": {
            "*": {}
          },
          "fragment_size": 2147483647
        }
      },
      "rest_total_hits_as_int": true,
      "ignore_unavailable": true,
      "ignore_throttled": true,
      "timeout": "30000ms"
    },
    "serverStrategy": "es"
  },
  "response": {
    "is_partial": false,
    "is_running": false,
    "rawResponse": {
      "took": 100,
      "timed_out": false,
      "_shards": {
        "total": 3,
        "successful": 3,
        "skipped": 0,
        "failed": 0
      },
      "hits": {
        "total": 1388,
        "max_score": null,
        "hits": [
          {
            "_index": "index-11408-13176_2026-06-29",
            "_type": "_doc",
            "_id": "L1RmEp8BdpG7oQCUDBlM",
            "_version": 1,
            "_score": null,
            "_source": {
              "data_segmentid": "N/A",
              "spanId": "-1",
              "data_ext_headers": "{}",
              "data_local_ip": "10.226.89.170",
              "requestId": "4057d3e5f8a154f1afcb6e306121dc0d81f31df2",
              "loglevel": "INFO",
              "data_bltag": "undefined",
              "data_info_msg": "收到工作台群会话消息:{\"data\":{\"globalMsgId\":\"CAQQ5MqI0gYYpKvd7ZGAgAMghYWC4gc=\",\"msgType\":1,\"memberChannelAccountId\":\"acc4x6Ovkj6N4zP1TntgGwb\",\"groupId\":\"10811966577373958\",\"receptionUcCode\":\"31108954\",\"msgId\":\"1222678\",\"memberWeComId\":\"\",\"recallMsgId\":\"1222678\",\"senderId\":\"31647610\",\"robotUcCode\":\"31647610\",\"memberUnionId\":\"\",\"sn\":\"shengxinzu_zuwu433e80a0780ffef76a805863ae98f394\",\"channelCode\":\"QUAN_LIANG\",\"chatType\":2,\"groupWeComId\":\"wrk9U4DAAA099QD6-rF-3QIIOQf_SN3g\",\"groupChannelId\":\"groupnZxzFFu72RJEHB1bN4M7\",\"robotSrcType\":1,\"sessionId\":\"570fff37cd62485b81f115cf7fb212f0-yunguanjia-core\",\"robotChannelAccountCode\":\"acc4x6Ovkj6N4zP1TntgGwb\",\"msgContent\":{\"msgType\":1,\"textMsg\":{\"content\":\"基于您体验这边特殊为您申请一次清洗，若后续有需要，得您自行预约下单了哦\"}},\"roomieMsgId\":\"DT20260629155724-GROUP-K2071503282476138498\",\"robotType\":100,\"msgTime\":\"2026-06-29 15:57:24.437\",\"senderType\":100,\"businessType\":1,\"originalData\":\"{\\\"appInfo\\\":\\\"CAQQ5MqI0gYYpKvd7ZGAgAMghYWC4gc=\\\",\\\"businessCode\\\":\\\"shengxinzu_zuwu\\\",\\\"channelMsgSn\\\":\\\"\\\",\\\"corpName\\\":\\\"bei_ke\\\",\\\"customMsgId\\\":\\\"shengxinzu_zuwu433e80a0780ffef76a805863ae98f394\\\",\\\"desc\\\":\\\"\\\",\\\"eventType\\\":71003,\\\"groupId\\\":\\\"10811966577373958\\\",\\\"hint\\\":\\\"PfJLM1h9WRi9fkC4OHgA.76rjEn.1782719844\\\",\\\"href\\\":\\\"\\\",\\\"md5\\\":\\\"\\\",\\\"msgContent\\\":\\\"基于您体验这边特殊为您申请一次清洗，若后续有需要，得您自行预约下单了哦\\\",\\\"msgId\\\":\\\"1222678\\\",\\\"msgTime\\\":\\\"2026-06-29 15:57:24.437\\\",\\\"msgType\\\":1,\\\"qlAtList\\\":\\\"\\\",\\\"recallMsgId\\\":\\\"1222678\\\",\\\"requestId\\\":\\\"ec5c7d43-b308-4d10-a70f-bbbb6cdd79c9\\\",\\\"robotWeworkId\\\":\\\"31647610\\\",\\\"senderType\\\":0,\\\"title\\\":\\\"\\\",\\\"voiceTime\\\":\\\"0\\\"}\",\"transferToNextKafka\":true,\"robotWeComCode\":\"31647610\"},\"eventTime\":1782719844628,\"eventType\":\"group_chat\"}",
              "machineName": "envType_prod__huiju-private-domain-lease-3361289013-555d9c65c6-jm4x8",
              "tid": "453460-10.226.89.170-1237-1782720099993-291",
              "sid": "453460-10.226.89.170-1237-1782720099993-290",
              "timestamp": "2026-06-29T16:01:39.993+08:00"
            },
            "fields": {
              "timestamp": [
                "2026-06-29T08:01:39.993Z"
              ]
            },
            "highlight": {
              "data_info_msg": [
                "@kibana-highlighted-field@收@/kibana-highlighted-field@@kibana-highlighted-field@到@/kibana-highlighted-field@@kibana-highlighted-field@工@/kibana-highlighted-field@@kibana-highlighted-field@作@/kibana-highlighted-field@@kibana-highlighted-field@台@/kibana-highlighted-field@@kibana-highlighted-field@群@/kibana-highlighted-field@@kibana-highlighted-field@会@/kibana-highlighted-field@@kibana-highlighted-field@话@/kibana-highlighted-field@@kibana-highlighted-field@消@/kibana-highlighted-field@@kibana-highlighted-field@息@/kibana-highlighted-field@:{\"data\":{\"globalMsgId\":\"CAQQ5MqI0gYYpKvd7ZGAgAMghYWC4gc=\",\"msgType\":1,\"memberChannelAccountId\":\"acc4x6Ovkj6N4zP1TntgGwb\",\"groupId\":\"10811966577373958\",\"receptionUcCode\":\"31108954\",\"msgId\":\"1222678\",\"memberWeComId\":\"\",\"recallMsgId\":\"1222678\",\"senderId\":\"31647610\",\"robotUcCode\":\"31647610\",\"memberUnionId\":\"\",\"sn\":\"shengxinzu_zuwu433e80a0780ffef76a805863ae98f394\",\"channelCode\":\"QUAN_LIANG\",\"chatType\":2,\"groupWeComId\":\"wrk9U4DAAA099QD6-rF-3QIIOQf_SN3g\",\"groupChannelId\":\"groupnZxzFFu72RJEHB1bN4M7\",\"robotSrcType\":1,\"sessionId\":\"570fff37cd62485b81f115cf7fb212f0-yunguanjia-core\",\"robotChannelAccountCode\":\"acc4x6Ovkj6N4zP1TntgGwb\",\"msgContent\":{\"msgType\":1,\"textMsg\":{\"content\":\"基于您体验这边特殊为您申请一次清洗，若后续有需要，得您自行预约下单了哦\"}},\"roomieMsgId\":\"DT20260629155724-GROUP-K2071503282476138498\",\"robotType\":100,\"msgTime\":\"2026-06-29 15:57:24.437\",\"senderType\":100,\"businessType\":1,\"originalData\":\"{\\\"appInfo\\\":\\\"CAQQ5MqI0gYYpKvd7ZGAgAMghYWC4gc=\\\",\\\"businessCode\\\":\\\"shengxinzu_zuwu\\\",\\\"channelMsgSn\\\":\\\"\\\",\\\"corpName\\\":\\\"bei_ke\\\",\\\"customMsgId\\\":\\\"shengxinzu_zuwu433e80a0780ffef76a805863ae98f394\\\",\\\"desc\\\":\\\"\\\",\\\"eventType\\\":71003,\\\"groupId\\\":\\\"10811966577373958\\\",\\\"hint\\\":\\\"PfJLM1h9WRi9fkC4OHgA.76rjEn.1782719844\\\",\\\"href\\\":\\\"\\\",\\\"md5\\\":\\\"\\\",\\\"msgContent\\\":\\\"基于您体验这边特殊为您申请一次清洗，若后续有需要，得您自行预约下单了哦\\\",\\\"msgId\\\":\\\"1222678\\\",\\\"msgTime\\\":\\\"2026-06-29 15:57:24.437\\\",\\\"msgType\\\":1,\\\"qlAtList\\\":\\\"\\\",\\\"recallMsgId\\\":\\\"1222678\\\",\\\"requestId\\\":\\\"ec5c7d43-b308-4d10-a70f-bbbb6cdd79c9\\\",\\\"robotWeworkId\\\":\\\"31647610\\\",\\\"senderType\\\":0,\\\"title\\\":\\\"\\\",\\\"voiceTime\\\":\\\"0\\\"}\",\"transferToNextKafka\":true,\"robotWeComCode\":\"31647610\"},\"eventTime\":1782719844628,\"eventType\":\"group_chat\"}"
              ]
            },
            "sort": [
              1782720099993
            ]
          },
          {
            "_index": "index-11408-13176_2026-06-29",
            "_type": "_doc",
            "_id": "_YNmEp8Bwva2ZhliCm3L",
            "_version": 1,
            "_score": null,
            "_source": {
              "data_segmentid": "N/A",
              "spanId": "-1",
              "data_ext_headers": "{}",
              "data_local_ip": "10.226.89.170",
              "requestId": "b79dec6499e938c608247f1caa80ebccd6caa8da",
              "loglevel": "INFO",
              "data_bltag": "undefined",
              "data_info_msg": "收到工作台群会话消息:{\"data\":{\"globalMsgId\":\"CAQQ2cqI0gYY/fqzkpmAgAMgrsHFvA0=\",\"msgType\":1,\"memberChannelAccountId\":\"accreKqbW6HKM8DwNtb51MK\",\"groupId\":\"10962075956076945\",\"receptionUcCode\":\"31292726\",\"msgId\":\"1318712\",\"memberWeComId\":\"\",\"recallMsgId\":\"1318712\",\"senderId\":\"31435530\",\"robotUcCode\":\"31435530\",\"memberUnionId\":\"\",\"sn\":\"shengxinzu_zuwu2ed14aa7688269611fee4e80cc2bc8ee\",\"channelCode\":\"QUAN_LIANG\",\"chatType\":2,\"groupWeComId\":\"wrk9U4DAAA-NXp7QukxDH5HexZ0NBqDw\",\"groupChannelId\":\"groupA58g9M2rTXKRHtORYp8r\",\"robotSrcType\":1,\"sessionId\":\"c6069e14163e43d9a915ae7476da7a72-yunguanjia-core\",\"robotChannelAccountCode\":\"accreKqbW6HKM8DwNtb51MK\",\"msgContent\":{\"msgType\":1,\"textMsg\":{\"content\":\"嗯嗯\"}},\"roomieMsgId\":\"DT20260629155713-GROUP-K2071503236392370178\",\"robotType\":100,\"msgTime\":\"2026-06-29 15:57:13.348\",\"senderType\":100,\"businessType\":1,\"originalData\":\"{\\\"appInfo\\\":\\\"CAQQ2cqI0gYY/fqzkpmAgAMgrsHFvA0=\\\",\\\"businessCode\\\":\\\"shengxinzu_zuwu\\\",\\\"channelMsgSn\\\":\\\"\\\",\\\"corpName\\\":\\\"bei_ke\\\",\\\"customMsgId\\\":\\\"shengxinzu_zuwu2ed14aa7688269611fee4e80cc2bc8ee\\\",\\\"desc\\\":\\\"\\\",\\\"eventType\\\":71003,\\\"groupId\\\":\\\"10962075956076945\\\",\\\"hint\\\":\\\"ihOclpsuxRi9fj4ocokA.8CJBwH.1782719833\\\",\\\"href\\\":\\\"\\\",\\\"md5\\\":\\\"\\\",\\\"msgContent\\\":\\\"嗯嗯\\\",\\\"msgId\\\":\\\"1318712\\\",\\\"msgTime\\\":\\\"2026-06-29 15:57:13.348\\\",\\\"msgType\\\":1,\\\"qlAtList\\\":\\\"\\\",\\\"recallMsgId\\\":\\\"1318712\\\",\\\"requestId\\\":\\\"c7dcb0bd-071b-4fef-9625-06dba1689117\\\",\\\"robotWeworkId\\\":\\\"31435530\\\",\\\"senderType\\\":0,\\\"title\\\":\\\"\\\",\\\"voiceTime\\\":\\\"0\\\"}\",\"transferToNextKafka\":true,\"robotWeComCode\":\"31435530\"},\"eventTime\":1782719833556,\"eventType\":\"group_chat\"}",
              "machineName": "envType_prod__huiju-private-domain-lease-3361289013-555d9c65c6-jm4x8",
              "tid": "453460-10.226.89.170-1237-1782720099992-289",
              "sid": "453460-10.226.89.170-1237-1782720099992-288",
              "timestamp": "2026-06-29T16:01:39.992+08:00"
            },
            "fields": {
              "timestamp": [
                "2026-06-29T08:01:39.992Z"
              ]
            },
            "highlight": {
              "data_info_msg": [
                "@kibana-highlighted-field@收@/kibana-highlighted-field@@kibana-highlighted-field@到@/kibana-highlighted-field@@kibana-highlighted-field@工@/kibana-highlighted-field@@kibana-highlighted-field@作@/kibana-highlighted-field@@kibana-highlighted-field@台@/kibana-highlighted-field@@kibana-highlighted-field@群@/kibana-highlighted-field@@kibana-highlighted-field@会@/kibana-highlighted-field@@kibana-highlighted-field@话@/kibana-highlighted-field@@kibana-highlighted-field@消@/kibana-highlighted-field@@kibana-highlighted-field@息@/kibana-highlighted-field@:{\"data\":{\"globalMsgId\":\"CAQQ2cqI0gYY/fqzkpmAgAMgrsHFvA0=\",\"msgType\":1,\"memberChannelAccountId\":\"accreKqbW6HKM8DwNtb51MK\",\"groupId\":\"10962075956076945\",\"receptionUcCode\":\"31292726\",\"msgId\":\"1318712\",\"memberWeComId\":\"\",\"recallMsgId\":\"1318712\",\"senderId\":\"31435530\",\"robotUcCode\":\"31435530\",\"memberUnionId\":\"\",\"sn\":\"shengxinzu_zuwu2ed14aa7688269611fee4e80cc2bc8ee\",\"channelCode\":\"QUAN_LIANG\",\"chatType\":2,\"groupWeComId\":\"wrk9U4DAAA-NXp7QukxDH5HexZ0NBqDw\",\"groupChannelId\":\"groupA58g9M2rTXKRHtORYp8r\",\"robotSrcType\":1,\"sessionId\":\"c6069e14163e43d9a915ae7476da7a72-yunguanjia-core\",\"robotChannelAccountCode\":\"accreKqbW6HKM8DwNtb51MK\",\"msgContent\":{\"msgType\":1,\"textMsg\":{\"content\":\"嗯嗯\"}},\"roomieMsgId\":\"DT20260629155713-GROUP-K2071503236392370178\",\"robotType\":100,\"msgTime\":\"2026-06-29 15:57:13.348\",\"senderType\":100,\"businessType\":1,\"originalData\":\"{\\\"appInfo\\\":\\\"CAQQ2cqI0gYY/fqzkpmAgAMgrsHFvA0=\\\",\\\"businessCode\\\":\\\"shengxinzu_zuwu\\\",\\\"channelMsgSn\\\":\\\"\\\",\\\"corpName\\\":\\\"bei_ke\\\",\\\"customMsgId\\\":\\\"shengxinzu_zuwu2ed14aa7688269611fee4e80cc2bc8ee\\\",\\\"desc\\\":\\\"\\\",\\\"eventType\\\":71003,\\\"groupId\\\":\\\"10962075956076945\\\",\\\"hint\\\":\\\"ihOclpsuxRi9fj4ocokA.8CJBwH.1782719833\\\",\\\"href\\\":\\\"\\\",\\\"md5\\\":\\\"\\\",\\\"msgContent\\\":\\\"嗯嗯\\\",\\\"msgId\\\":\\\"1318712\\\",\\\"msgTime\\\":\\\"2026-06-29 15:57:13.348\\\",\\\"msgType\\\":1,\\\"qlAtList\\\":\\\"\\\",\\\"recallMsgId\\\":\\\"1318712\\\",\\\"requestId\\\":\\\"c7dcb0bd-071b-4fef-9625-06dba1689117\\\",\\\"robotWeworkId\\\":\\\"31435530\\\",\\\"senderType\\\":0,\\\"title\\\":\\\"\\\",\\\"voiceTime\\\":\\\"0\\\"}\",\"transferToNextKafka\":true,\"robotWeComCode\":\"31435530\"},\"eventTime\":1782719833556,\"eventType\":\"group_chat\"}"
              ]
            },
            "sort": [
              1782720099992
            ]
          },
          {
            "_index": "index-11408-13176_2026-06-29",
            "_type": "_doc",
            "_id": "6lNmEp8BdpG7oQCUC88B",
            "_version": 1,
            "_score": null,
            "_source": {
              "data_segmentid": "N/A",
              "spanId": "-1",
              "data_ext_headers": "{}",
              "data_local_ip": "10.226.89.170",
              "requestId": "a60f9617dbb92c3eceb718c9bfad62e68ac25756",
              "loglevel": "INFO",
              "data_bltag": "undefined",
              "data_info_msg": "收到工作台群会话消息:{\"data\":{\"globalMsgId\":\"CAQQ4sqI0gYYrIu5lZiAgAMg+L+w4wM=\",\"msgType\":8,\"memberChannelAccountId\":\"accI7hwpMO8ykyeeoG5fzBQ\",\"groupId\":\"10870050673473471\",\"msgId\":\"1135438\",\"memberWeComId\":\"\",\"recallMsgId\":\"1135438\",\"senderId\":\"31507227\",\"robotUcCode\":\"31507227\",\"memberUnionId\":\"\",\"sn\":\"yunguanjia246dc66c142c401a2a9239044adbdece\",\"channelCode\":\"QUAN_LIANG\",\"chatType\":2,\"groupWeComId\":\"wrk9U4DAAAoD8x_oNzMCUIXTIBmbuqmQ\",\"groupChannelId\":\"group9OdG44hexM1SUtwQwoYe\",\"robotSrcType\":1,\"robotChannelAccountCode\":\"accI7hwpMO8ykyeeoG5fzBQ\",\"sendRoleInfo\":{\"memberRemarkName\":\"上海贝壳租房云管家礼禾\",\"roleTypeDesc\":\"机器人\",\"groupId\":\"10870050673473471\",\"memberAdminType\":2,\"memberStatus\":1,\"memberWeComId\":\"\",\"mtime\":1772864200000,\"roleType\":1,\"memberNickName\":\"上海贝壳云管家礼禾\",\"inTime\":1762663757000,\"memberUnionId\":\"\",\"positionStatus\":1,\"memberRealName\":\"\",\"ctime\":1765945152000,\"memberAvatar\":\"https://wework.qpic.cn/wwpic3az/487043_PsmyG0xrTzenYMW_1762439353/0\",\"inviterMemberId\":\"\",\"memberType\":100,\"memberAvatarInner\":\"/huiju-chat-workbench-public/avatar-group-member-3150722753255.jpg\",\"outTime\":57600000,\"memberId\":\"31507227\"},\"msgContent\":{\"msgType\":8,\"xcxCardMsg\":{\"appName\":\"贝壳租房\",\"appId\":\"wxcfd8224218167d98\",\"href\":\"https://image1.ljcdn.com/rent-front-image/65691b3eb71248093de8a9914bc9ca59.png\",\"pagePath\":\"subpackages/rent/pages/webview/index.html?source=xcx_zulin_yunguanjia&url=https%3A%2F%2Fm.ke.com%2Fchuzu%2Fpage%2Fyezhu%2FserviceReport%3FhouseDelCode%3D107113186227%26reportId%3D9106069%26contractId%3D4448186%26period%3D3%26cityCode%3D310000%26contractCode%3DTG2506501545&needLogin=1\",\"title\":\"2026-06-28期收益报告\",\"userName\":\"gh_2dbd87cb164c@app\",\"weAppIconUrl\":\"http://mmbiz.qpic.cn/mmbiz_png/Nia1qJgXTXpW5k8ouAfe1IIyhLaodLshibnwKXlOw6fKoPf0mq0hnlGOQEQ6xMMvaS9MjdI3ibsicg2ydKdXjBpXPQ/640?wx_fmt=png&wxfrom=200\"}},\"roomieMsgId\":\"DT20260629155723-GROUP-K2071503467968110593\",\"robotType\":100,\"msgTime\":\"2026-06-29 15:57:23.199\",\"senderType\":100,\"businessType\":0,\"originalData\":\"{\\\"appInfo\\\":\\\"CAQQ4sqI0gYYrIu5lZiAgAMg+L+w4wM=\\\",\\\"businessCode\\\":\\\"yunguanjia\\\",\\\"channelMsgSn\\\":\\\"\\\",\\\"corpName\\\":\\\"bei_ke\\\",\\\"customMsgId\\\":\\\"yunguanjia246dc66c142c401a2a9239044adbdece\\\",\\\"desc\\\":\\\"\\\",\\\"eventType\\\":71003,\\\"groupId\\\":\\\"10870050673473471\\\",\\\"hint\\\":\\\"jH6R1jF9WRi9fj9bvggA.l61sst.1782719842\\\",\\\"href\\\":\\\"https://image1.ljcdn.com/rent-front-image/65691b3eb71248093de8a9914bc9ca59.png\\\",\\\"md5\\\":\\\"\\\",\\\"msgContent\\\":\\\"eyJhcHBOYW1lIjoi6LSd5aOz56ef5oi/IiwiYXBwaWQiOiJ3eGNmZDgyMjQyMTgxNjdkOTgiLCJocmVmIjoiaHR0cHM6Ly9pbWFnZTEubGpjZG4uY29tL3JlbnQtZnJvbnQtaW1hZ2UvNjU2OTFiM2ViNzEyNDgwOTNkZThhOTkxNGJjOWNhNTkucG5nIiwicGFnZXBhdGgiOiJzdWJwYWNrYWdlcy9yZW50L3BhZ2VzL3dlYnZpZXcvaW5kZXguaHRtbD9zb3VyY2U9eGN4X3p1bGluX3l1bmd1YW5qaWEmdXJsPWh0dHBzJTNBJTJGJTJGbS5rZS5jb20lMkZjaHV6dSUyRnBhZ2UlMkZ5ZXpodSUyRnNlcnZpY2VSZXBvcnQlM0Zob3VzZURlbENvZGUlM0QxMDcxMTMxODYyMjclMjZyZXBvcnRJZCUzRDkxMDYwNjklMjZjb250cmFjdElkJTNENDQ0ODE4NiUyNnBlcmlvZCUzRDMlMjZjaXR5Q29kZSUzRDMxMDAwMCUyNmNvbnRyYWN0Q29kZSUzRFRHMjUwNjUwMTU0NSZuZWVkTG9naW49MSIsInRpdGxlIjoiMjAyNi0wNi0yOOacn+aUtuebiuaKpeWRiiIsInVzZXJuYW1lIjoiZ2hfMmRiZDg3Y2IxNjRjQGFwcCIsIndlYXBwSWNvblVybCI6Imh0dHA6Ly9tbWJpei5xcGljLmNuL21tYml6X3BuZy9OaWExcUpnWFRYcFc1azhvdUFmZTFJSXloTGFvZExzaGlibndLWGxPdzZmS29QZjBtcTBobmxHT1FFUTZ4TU12YVM5TWpkSTNpYnNpY2cyeWRLZFhqQnBYUFEvNjQwP3d4X2ZtdD1wbmcmd3hmcm9tPTIwMCJ9\\\",\\\"msgId\\\":\\\"1135438\\\",\\\"msgTime\\\":\\\"2026-06-29 15:57:23.199\\\",\\\"msgType\\\":8,\\\"qlAtList\\\":\\\"\\\",\\\"recallMsgId\\\":\\\"1135438\\\",\\\"requestId\\\":\\\"03760f3d-b211-4cb8-b202-79930dda3bac\\\",\\\"robotWeworkId\\\":\\\"31507227\\\",\\\"senderType\\\":0,\\\"title\\\":\\\"2026-06-28期收益报告\\\",\\\"voiceTime\\\":\\\"0\\\"}\",\"transferToNextKafka\":true,\"robotWeComCode\":\"31507227\"},\"eventTime\":1782719843383,\"eventType\":\"group_chat\"}",
              "machineName": "envType_prod__huiju-private-domain-lease-3361289013-555d9c65c6-jm4x8",
              "tid": "453460-10.226.89.170-1237-1782720099991-287",
              "sid": "453460-10.226.89.170-1237-1782720099991-286",
              "timestamp": "2026-06-29T16:01:39.991+08:00"
            },
            "fields": {
              "timestamp": [
                "2026-06-29T08:01:39.991Z"
              ]
            },
            "highlight": {
              "data_info_msg": [
                "@kibana-highlighted-field@收@/kibana-highlighted-field@@kibana-highlighted-field@到@/kibana-highlighted-field@@kibana-highlighted-field@工@/kibana-highlighted-field@@kibana-highlighted-field@作@/kibana-highlighted-field@@kibana-highlighted-field@台@/kibana-highlighted-field@@kibana-highlighted-field@群@/kibana-highlighted-field@@kibana-highlighted-field@会@/kibana-highlighted-field@@kibana-highlighted-field@话@/kibana-highlighted-field@@kibana-highlighted-field@消@/kibana-highlighted-field@@kibana-highlighted-field@息@/kibana-highlighted-field@:{\"data\":{\"globalMsgId\":\"CAQQ4sqI0gYYrIu5lZiAgAMg+L+w4wM=\",\"msgType\":8,\"memberChannelAccountId\":\"accI7hwpMO8ykyeeoG5fzBQ\",\"groupId\":\"10870050673473471\",\"msgId\":\"1135438\",\"memberWeComId\":\"\",\"recallMsgId\":\"1135438\",\"senderId\":\"31507227\",\"robotUcCode\":\"31507227\",\"memberUnionId\":\"\",\"sn\":\"yunguanjia246dc66c142c401a2a9239044adbdece\",\"channelCode\":\"QUAN_LIANG\",\"chatType\":2,\"groupWeComId\":\"wrk9U4DAAAoD8x_oNzMCUIXTIBmbuqmQ\",\"groupChannelId\":\"group9OdG44hexM1SUtwQwoYe\",\"robotSrcType\":1,\"robotChannelAccountCode\":\"accI7hwpMO8ykyeeoG5fzBQ\",\"sendRoleInfo\":{\"memberRemarkName\":\"上海贝壳租房云管家礼禾\",\"roleTypeDesc\":\"机器人\",\"groupId\":\"10870050673473471\",\"memberAdminType\":2,\"memberStatus\":1,\"memberWeComId\":\"\",\"mtime\":1772864200000,\"roleType\":1,\"memberNickName\":\"上海贝壳云管家礼禾\",\"inTime\":1762663757000,\"memberUnionId\":\"\",\"positionStatus\":1,\"memberRealName\":\"\",\"ctime\":1765945152000,\"memberAvatar\":\"https://wework.qpic.cn/wwpic3az/487043_PsmyG0xrTzenYMW_1762439353/0\",\"inviterMemberId\":\"\",\"memberType\":100,\"memberAvatarInner\":\"/huiju-chat-workbench-public/avatar-group-member-3150722753255.jpg\",\"outTime\":57600000,\"memberId\":\"31507227\"},\"msgContent\":{\"msgType\":8,\"xcxCardMsg\":{\"appName\":\"贝壳租房\",\"appId\":\"wxcfd8224218167d98\",\"href\":\"https://image1.ljcdn.com/rent-front-image/65691b3eb71248093de8a9914bc9ca59.png\",\"pagePath\":\"subpackages/rent/pages/webview/index.html?source=xcx_zulin_yunguanjia&url=https%3A%2F%2Fm.ke.com%2Fchuzu%2Fpage%2Fyezhu%2FserviceReport%3FhouseDelCode%3D107113186227%26reportId%3D9106069%26contractId%3D4448186%26period%3D3%26cityCode%3D310000%26contractCode%3DTG2506501545&needLogin=1\",\"title\":\"2026-06-28期收益报告\",\"userName\":\"gh_2dbd87cb164c@app\",\"weAppIconUrl\":\"http://mmbiz.qpic.cn/mmbiz_png/Nia1qJgXTXpW5k8ouAfe1IIyhLaodLshibnwKXlOw6fKoPf0mq0hnlGOQEQ6xMMvaS9MjdI3ibsicg2ydKdXjBpXPQ/640?wx_fmt=png&wxfrom=200\"}},\"roomieMsgId\":\"DT20260629155723-GROUP-K2071503467968110593\",\"robotType\":100,\"msgTime\":\"2026-06-29 15:57:23.199\",\"senderType\":100,\"businessType\":0,\"originalData\":\"{\\\"appInfo\\\":\\\"CAQQ4sqI0gYYrIu5lZiAgAMg+L+w4wM=\\\",\\\"businessCode\\\":\\\"yunguanjia\\\",\\\"channelMsgSn\\\":\\\"\\\",\\\"corpName\\\":\\\"bei_ke\\\",\\\"customMsgId\\\":\\\"yunguanjia246dc66c142c401a2a9239044adbdece\\\",\\\"desc\\\":\\\"\\\",\\\"eventType\\\":71003,\\\"groupId\\\":\\\"10870050673473471\\\",\\\"hint\\\":\\\"jH6R1jF9WRi9fj9bvggA.l61sst.1782719842\\\",\\\"href\\\":\\\"https://image1.ljcdn.com/rent-front-image/65691b3eb71248093de8a9914bc9ca59.png\\\",\\\"md5\\\":\\\"\\\",\\\"msgContent\\\":\\\"eyJhcHBOYW1lIjoi6LSd5aOz56ef5oi/IiwiYXBwaWQiOiJ3eGNmZDgyMjQyMTgxNjdkOTgiLCJocmVmIjoiaHR0cHM6Ly9pbWFnZTEubGpjZG4uY29tL3JlbnQtZnJvbnQtaW1hZ2UvNjU2OTFiM2ViNzEyNDgwOTNkZThhOTkxNGJjOWNhNTkucG5nIiwicGFnZXBhdGgiOiJzdWJwYWNrYWdlcy9yZW50L3BhZ2VzL3dlYnZpZXcvaW5kZXguaHRtbD9zb3VyY2U9eGN4X3p1bGluX3l1bmd1YW5qaWEmdXJsPWh0dHBzJTNBJTJGJTJGbS5rZS5jb20lMkZjaHV6dSUyRnBhZ2UlMkZ5ZXpodSUyRnNlcnZpY2VSZXBvcnQlM0Zob3VzZURlbENvZGUlM0QxMDcxMTMxODYyMjclMjZyZXBvcnRJZCUzRDkxMDYwNjklMjZjb250cmFjdElkJTNENDQ0ODE4NiUyNnBlcmlvZCUzRDMlMjZjaXR5Q29kZSUzRDMxMDAwMCUyNmNvbnRyYWN0Q29kZSUzRFRHMjUwNjUwMTU0NSZuZWVkTG9naW49MSIsInRpdGxlIjoiMjAyNi0wNi0yOOacn+aUtuebiuaKpeWRiiIsInVzZXJuYW1lIjoiZ2hfMmRiZDg3Y2IxNjRjQGFwcCIsIndlYXBwSWNvblVybCI6Imh0dHA6Ly9tbWJpei5xcGljLmNuL21tYml6X3BuZy9OaWExcUpnWFRYcFc1azhvdUFmZTFJSXloTGFvZExzaGlibndLWGxPdzZmS29QZjBtcTBobmxHT1FFUTZ4TU12YVM5TWpkSTNpYnNpY2cyeWRLZFhqQnBYUFEvNjQwP3d4X2ZtdD1wbmcmd3hmcm9tPTIwMCJ9\\\",\\\"msgId\\\":\\\"1135438\\\",\\\"msgTime\\\":\\\"2026-06-29 15:57:23.199\\\",\\\"msgType\\\":8,\\\"qlAtList\\\":\\\"\\\",\\\"recallMsgId\\\":\\\"1135438\\\",\\\"requestId\\\":\\\"03760f3d-b211-4cb8-b202-79930dda3bac\\\",\\\"robotWeworkId\\\":\\\"31507227\\\",\\\"senderType\\\":0,\\\"title\\\":\\\"2026-06-28期收益报告\\\",\\\"voiceTime\\\":\\\"0\\\"}\",\"transferToNextKafka\":true,\"robotWeComCode\":\"31507227\"},\"eventTime\":1782719843383,\"eventType\":\"group_chat\"}"
              ]
            },
            "sort": [
              1782720099991
            ]
          },
          {
            "_index": "index-11408-13176_2026-06-29",
            "_type": "_doc",
            "_id": "p1NmEp8BdpG7oQCUBDJa",
            "_version": 1,
            "_score": null,
            "_source": {
              "data_segmentid": "N/A",
              "spanId": "-1",
              "data_ext_headers": "{}",
              "data_local_ip": "10.22.115.239",
              "requestId": "61f46ed2e20bca932810c43e9b1487b43c2a50e3",
              "loglevel": "INFO",
              "data_bltag": "undefined",
              "data_info_msg": "收到工作台群会话消息:{\"data\":{\"globalMsgId\":\"CAMQ9MqI0gYYpefRqZeAgAMg9My0vwo=\",\"msgType\":1,\"memberChannelAccountId\":\"accvRjKufPYsoxm9JPiwkK3\",\"groupId\":\"10789069685173712\",\"msgId\":\"1596975\",\"memberWeComId\":\"\",\"senderId\":\"20000707\",\"robotUcCode\":\"31336008\",\"memberUnionId\":\"\",\"channelCode\":\"QUAN_LIANG\",\"chatType\":2,\"groupWeComId\":\"wrk9U4DAAAHal16dZvCZuLLRB_xrT_xw\",\"groupChannelId\":\"groupvQDlJDMqpnc4wr0VYZwf\",\"robotSrcType\":1,\"robotChannelAccountCode\":\"acc9GWy3y47IRNxepvFPgdw\",\"quoteGlobalMsgId\":\"\",\"msgContent\":{\"msgType\":1,\"textMsg\":{\"content\":\"@京北贝壳租房服务管家惠米(贝壳租房服务管家-惠米)  走退租流程吧\"}},\"roomieMsgId\":\"DT20260629155741-GROUP-K2071503751141842945\",\"robotType\":101,\"msgTime\":\"2026-06-29 15:57:41.000\",\"senderType\":1,\"businessType\":1,\"originalData\":\"{\\\"appInfo\\\":\\\"CAMQ9MqI0gYYpefRqZeAgAMg9My0vwo=\\\",\\\"businessCode\\\":\\\"shengxinzu_zuwu\\\",\\\"channelMsgSn\\\":\\\"1596975\\\",\\\"corpName\\\":\\\"bei_ke\\\",\\\"desc\\\":\\\"\\\",\\\"eventType\\\":71003,\\\"groupId\\\":\\\"10789069685173712\\\",\\\"hint\\\":\\\"3s2yrHn6eBi9fkTusakA.zOqSok.1782719861\\\",\\\"href\\\":\\\"\\\",\\\"md5\\\":\\\"\\\",\\\"msgContent\\\":\\\"@京北贝壳租房服务管家惠米(贝壳租房服务管家-惠米)  走退租流程吧\\\",\\\"msgId\\\":\\\"1596975\\\",\\\"msgTime\\\":\\\"2026-06-29 15:57:41.000\\\",\\\"msgType\\\":1,\\\"qlAtList\\\":\\\"accoPYHjhHchgO0RjftMwSG\\\",\\\"quoteAppInfo\\\":\\\"\\\",\\\"requestId\\\":\\\"36b3c531-f0ac-40d1-a15b-90b01bc4d4b2\\\",\\\"robotWeworkId\\\":\\\"31336008\\\",\\\"senderType\\\":1,\\\"senderUserId\\\":\\\"20000707\\\",\\\"senderUserQlId\\\":\\\"accvRjKufPYsoxm9JPiwkK3\\\",\\\"title\\\":\\\"\\\",\\\"voiceTime\\\":\\\"0\\\"}\",\"transferToNextKafka\":true,\"atList\":\"31175824\",\"robotWeComCode\":\"31336008\"},\"eventTime\":1782719862296,\"eventType\":\"group_chat\"}",
              "machineName": "envType_prod__huiju-private-domain-lease-3361289013-555d9c65c6-7vbf6",
              "tid": "453460-10.22.115.239-1288-1782720099990-767",
              "sid": "453460-10.22.115.239-1288-1782720099990-766",
              "timestamp": "2026-06-29T16:01:39.990+08:00"
            },
            "fields": {
              "timestamp": [
                "2026-06-29T08:01:39.990Z"
              ]
            },
            "highlight": {
              "data_info_msg": [
                "@kibana-highlighted-field@收@/kibana-highlighted-field@@kibana-highlighted-field@到@/kibana-highlighted-field@@kibana-highlighted-field@工@/kibana-highlighted-field@@kibana-highlighted-field@作@/kibana-highlighted-field@@kibana-highlighted-field@台@/kibana-highlighted-field@@kibana-highlighted-field@群@/kibana-highlighted-field@@kibana-highlighted-field@会@/kibana-highlighted-field@@kibana-highlighted-field@话@/kibana-highlighted-field@@kibana-highlighted-field@消@/kibana-highlighted-field@@kibana-highlighted-field@息@/kibana-highlighted-field@:{\"data\":{\"globalMsgId\":\"CAMQ9MqI0gYYpefRqZeAgAMg9My0vwo=\",\"msgType\":1,\"memberChannelAccountId\":\"accvRjKufPYsoxm9JPiwkK3\",\"groupId\":\"10789069685173712\",\"msgId\":\"1596975\",\"memberWeComId\":\"\",\"senderId\":\"20000707\",\"robotUcCode\":\"31336008\",\"memberUnionId\":\"\",\"channelCode\":\"QUAN_LIANG\",\"chatType\":2,\"groupWeComId\":\"wrk9U4DAAAHal16dZvCZuLLRB_xrT_xw\",\"groupChannelId\":\"groupvQDlJDMqpnc4wr0VYZwf\",\"robotSrcType\":1,\"robotChannelAccountCode\":\"acc9GWy3y47IRNxepvFPgdw\",\"quoteGlobalMsgId\":\"\",\"msgContent\":{\"msgType\":1,\"textMsg\":{\"content\":\"@京北贝壳租房服务管家惠米(贝壳租房服务管家-惠米)  走退租流程吧\"}},\"roomieMsgId\":\"DT20260629155741-GROUP-K2071503751141842945\",\"robotType\":101,\"msgTime\":\"2026-06-29 15:57:41.000\",\"senderType\":1,\"businessType\":1,\"originalData\":\"{\\\"appInfo\\\":\\\"CAMQ9MqI0gYYpefRqZeAgAMg9My0vwo=\\\",\\\"businessCode\\\":\\\"shengxinzu_zuwu\\\",\\\"channelMsgSn\\\":\\\"1596975\\\",\\\"corpName\\\":\\\"bei_ke\\\",\\\"desc\\\":\\\"\\\",\\\"eventType\\\":71003,\\\"groupId\\\":\\\"10789069685173712\\\",\\\"hint\\\":\\\"3s2yrHn6eBi9fkTusakA.zOqSok.1782719861\\\",\\\"href\\\":\\\"\\\",\\\"md5\\\":\\\"\\\",\\\"msgContent\\\":\\\"@京北贝壳租房服务管家惠米(贝壳租房服务管家-惠米)  走退租流程吧\\\",\\\"msgId\\\":\\\"1596975\\\",\\\"msgTime\\\":\\\"2026-06-29 15:57:41.000\\\",\\\"msgType\\\":1,\\\"qlAtList\\\":\\\"accoPYHjhHchgO0RjftMwSG\\\",\\\"quoteAppInfo\\\":\\\"\\\",\\\"requestId\\\":\\\"36b3c531-f0ac-40d1-a15b-90b01bc4d4b2\\\",\\\"robotWeworkId\\\":\\\"31336008\\\",\\\"senderType\\\":1,\\\"senderUserId\\\":\\\"20000707\\\",\\\"senderUserQlId\\\":\\\"accvRjKufPYsoxm9JPiwkK3\\\",\\\"title\\\":\\\"\\\",\\\"voiceTime\\\":\\\"0\\\"}\",\"transferToNextKafka\":true,\"atList\":\"31175824\",\"robotWeComCode\":\"31336008\"},\"eventTime\":1782719862296,\"eventType\":\"group_chat\"}"
              ]
            },
            "sort": [
              1782720099990
            ]
          },
          {
            "_index": "index-11408-13176_2026-06-29",
            "_type": "_doc",
            "_id": "u1RmEp8BdpG7oQCUDBpN",
            "_version": 1,
            "_score": null,
            "_source": {
              "data_segmentid": "N/A",
              "spanId": "-1",
              "data_ext_headers": "{}",
              "data_local_ip": "10.22.110.80",
              "requestId": "bcfb3f57a6aaa539e44072e0ee396a1c5bb1bc86",
              "loglevel": "INFO",
              "data_bltag": "undefined",
              "data_info_msg": "收到工作台群会话消息:{\"data\":{\"globalMsgId\":\"5189099488041642153\",\"msgType\":1,\"memberChannelAccountId\":\"acczTSpe3yOqtRQyYckHlGp\",\"groupId\":\"10971051458167331\",\"receptionUcCode\":\"31318812\",\"msgId\":\"2975456\",\"memberWeComId\":\"wmk9U4DAAA4XCau-y0HoYnUWokmv2utw\",\"senderId\":\"7881299859124079\",\"robotUcCode\":\"30806588\",\"memberUnionId\":\"oN7cVs_FA3L5ehkKCh2PDI0ye0ro\",\"channelCode\":\"QUAN_LIANG\",\"chatType\":2,\"groupWeComId\":\"wrk9U4DAAAjdNkPYcMVLNlAtExM4_Wqg\",\"groupChannelId\":\"groupbtXnhi1kaVc0msR3s3RG\",\"robotSrcType\":1,\"sessionId\":\"b0b483c9fc8543919de909f7b7678b08-yunguanjia-core\",\"robotChannelAccountCode\":\"accax8eHi2eQXdhwBT8bsDT\",\"quoteGlobalMsgId\":\"\",\"msgContent\":{\"msgType\":1,\"textMsg\":{\"content\":\"再弄一下密码\"}},\"roomieMsgId\":\"DT20260629155745-GROUP-K2071503829240463361\",\"robotType\":100,\"msgTime\":\"2026-06-29 15:57:45.000\",\"senderType\":2,\"businessType\":1,\"originalData\":\"{\\\"appInfo\\\":\\\"5189099488041642153\\\",\\\"businessCode\\\":\\\"shengxinzu_zuwu\\\",\\\"channelMsgSn\\\":\\\"2975456\\\",\\\"corpName\\\":\\\"bei_ke\\\",\\\"desc\\\":\\\"\\\",\\\"eventType\\\":71003,\\\"groupId\\\":\\\"10971051458167331\\\",\\\"hint\\\":\\\"Lx92njxS3Ri9fkZKq7cA.uN1Gtb.1782719867\\\",\\\"href\\\":\\\"\\\",\\\"md5\\\":\\\"\\\",\\\"msgContent\\\":\\\"再弄一下密码\\\",\\\"msgId\\\":\\\"2975456\\\",\\\"msgTime\\\":\\\"2026-06-29 15:57:45.000\\\",\\\"msgType\\\":1,\\\"qlAtList\\\":\\\"\\\",\\\"quoteAppInfo\\\":\\\"\\\",\\\"requestId\\\":\\\"7e00595c-1e22-4826-86d9-7d5f1845a056\\\",\\\"robotWeworkId\\\":\\\"30806588\\\",\\\"senderType\\\":2,\\\"senderUserId\\\":\\\"7881299859124079\\\",\\\"senderUserQlId\\\":\\\"acczTSpe3yOqtRQyYckHlGp\\\",\\\"title\\\":\\\"\\\",\\\"voiceTime\\\":\\\"0\\\"}\",\"transferToNextKafka\":true,\"robotWeComCode\":\"30806588\"},\"eventTime\":1782719868104,\"eventType\":\"group_chat\"}",
              "machineName": "envType_prod__huiju-private-domain-lease-3361289013-555d9c65c6-7ss4r",
              "tid": "453460-10.22.110.80-1210-1782720099969-1335",
              "sid": "453460-10.22.110.80-1210-1782720099969-1334",
              "timestamp": "2026-06-29T16:01:39.969+08:00"
            },
            "fields": {
              "timestamp": [
                "2026-06-29T08:01:39.969Z"
              ]
            },
            "highlight": {
              "data_info_msg": [
                "@kibana-highlighted-field@收@/kibana-highlighted-field@@kibana-highlighted-field@到@/kibana-highlighted-field@@kibana-highlighted-field@工@/kibana-highlighted-field@@kibana-highlighted-field@作@/kibana-highlighted-field@@kibana-highlighted-field@台@/kibana-highlighted-field@@kibana-highlighted-field@群@/kibana-highlighted-field@@kibana-highlighted-field@会@/kibana-highlighted-field@@kibana-highlighted-field@话@/kibana-highlighted-field@@kibana-highlighted-field@消@/kibana-highlighted-field@@kibana-highlighted-field@息@/kibana-highlighted-field@:{\"data\":{\"globalMsgId\":\"5189099488041642153\",\"msgType\":1,\"memberChannelAccountId\":\"acczTSpe3yOqtRQyYckHlGp\",\"groupId\":\"10971051458167331\",\"receptionUcCode\":\"31318812\",\"msgId\":\"2975456\",\"memberWeComId\":\"wmk9U4DAAA4XCau-y0HoYnUWokmv2utw\",\"senderId\":\"7881299859124079\",\"robotUcCode\":\"30806588\",\"memberUnionId\":\"oN7cVs_FA3L5ehkKCh2PDI0ye0ro\",\"channelCode\":\"QUAN_LIANG\",\"chatType\":2,\"groupWeComId\":\"wrk9U4DAAAjdNkPYcMVLNlAtExM4_Wqg\",\"groupChannelId\":\"groupbtXnhi1kaVc0msR3s3RG\",\"robotSrcType\":1,\"sessionId\":\"b0b483c9fc8543919de909f7b7678b08-yunguanjia-core\",\"robotChannelAccountCode\":\"accax8eHi2eQXdhwBT8bsDT\",\"quoteGlobalMsgId\":\"\",\"msgContent\":{\"msgType\":1,\"textMsg\":{\"content\":\"再弄一下密码\"}},\"roomieMsgId\":\"DT20260629155745-GROUP-K2071503829240463361\",\"robotType\":100,\"msgTime\":\"2026-06-29 15:57:45.000\",\"senderType\":2,\"businessType\":1,\"originalData\":\"{\\\"appInfo\\\":\\\"5189099488041642153\\\",\\\"businessCode\\\":\\\"shengxinzu_zuwu\\\",\\\"channelMsgSn\\\":\\\"2975456\\\",\\\"corpName\\\":\\\"bei_ke\\\",\\\"desc\\\":\\\"\\\",\\\"eventType\\\":71003,\\\"groupId\\\":\\\"10971051458167331\\\",\\\"hint\\\":\\\"Lx92njxS3Ri9fkZKq7cA.uN1Gtb.1782719867\\\",\\\"href\\\":\\\"\\\",\\\"md5\\\":\\\"\\\",\\\"msgContent\\\":\\\"再弄一下密码\\\",\\\"msgId\\\":\\\"2975456\\\",\\\"msgTime\\\":\\\"2026-06-29 15:57:45.000\\\",\\\"msgType\\\":1,\\\"qlAtList\\\":\\\"\\\",\\\"quoteAppInfo\\\":\\\"\\\",\\\"requestId\\\":\\\"7e00595c-1e22-4826-86d9-7d5f1845a056\\\",\\\"robotWeworkId\\\":\\\"30806588\\\",\\\"senderType\\\":2,\\\"senderUserId\\\":\\\"7881299859124079\\\",\\\"senderUserQlId\\\":\\\"acczTSpe3yOqtRQyYckHlGp\\\",\\\"title\\\":\\\"\\\",\\\"voiceTime\\\":\\\"0\\\"}\",\"transferToNextKafka\":true,\"robotWeComCode\":\"30806588\"},\"eventTime\":1782719868104,\"eventType\":\"group_chat\"}"
              ]
            },
            "sort": [
              1782720099969
            ]
          }
        ]
      },
      "aggregations": {
        "2": {
          "buckets": [
            {
              "key_as_string": "2026-06-29T16:00:30.000+08:00",
              "key": 1782720030000,
              "doc_count": 125
            },
            {
              "key_as_string": "2026-06-29T16:01:00.000+08:00",
              "key": 1782720060000,
              "doc_count": 933
            },
            {
              "key_as_string": "2026-06-29T16:01:30.000+08:00",
              "key": 1782720090000,
              "doc_count": 330
            }
          ]
        }
      }
    },
    "total": 3,
    "loaded": 3
  }
}