{
  "meta": {
    "server": "fast106",
    "index": "index-11408-13176_2026-06-29",
    "query_time": "2026-06-29T18:40:03.883779",
    "hash": "df6efb9fc9a6"
  },
  "request": {
    "params": {
      "ignoreThrottled": true,
      "preference": 1780483834299,
      "index": "index-11408-13176_2026-06-29",
      "body": {
        "version": true,
        "size": 1,
        "sort": [
          {
            "timestamp": {
              "order": "desc",
              "unmapped_type": "boolean"
            }
          }
        ],
        "aggs": {
          "2": {
            "date_histogram": {
              "field": "timestamp",
              "fixed_interval": "30s",
              "time_zone": "Asia/Shanghai",
              "min_doc_count": 1
            }
          }
        },
        "stored_fields": [
          "*"
        ],
        "script_fields": {},
        "docvalue_fields": [
          {
            "field": "timestamp",
            "format": "date_time"
          }
        ],
        "_source": {
          "excludes": []
        },
        "query": {
          "bool": {
            "must": [
              {
                "match_all": {}
              }
            ],
            "filter": [
              {
                "bool": {
                  "should": [
                    {
                      "match_phrase": {
                        "data_info_msg": "收到工作台群会话消息"
                      }
                    },
                    {
                      "match_phrase": {
                        "data_info_msg": "data_info_msg:ai助手自动回复规则引擎原子条件参数"
                      }
                    }
                  ],
                  "minimum_should_match": 1
                }
              },
              {
                "range": {
                  "timestamp": {
                    "gte": "2026-06-29T07:58:00.000Z",
                    "lte": "2026-06-29T08:02:00.000Z",
                    "format": "strict_date_optional_time"
                  }
                }
              }
            ],
            "should": [],
            "must_not": []
          }
        },
        "highlight": {
          "pre_tags": [
            "@kibana-highlighted-field@"
          ],
          "post_tags": [
            "@/kibana-highlighted-field@"
          ],
          "fields": {
            "*": {}
          },
          "fragment_size": 2147483647
        }
      },
      "rest_total_hits_as_int": true,
      "ignore_unavailable": true,
      "ignore_throttled": true,
      "timeout": "30000ms"
    },
    "serverStrategy": "es"
  },
  "response": {
    "is_partial": false,
    "is_running": false,
    "rawResponse": {
      "took": 223,
      "timed_out": false,
      "_shards": {
        "total": 3,
        "successful": 3,
        "skipped": 0,
        "failed": 0
      },
      "hits": {
        "total": 2854,
        "max_score": null,
        "hits": [
          {
            "_index": "index-11408-13176_2026-06-29",
            "_type": "_doc",
            "_id": "bYdmEp8Bwva2ZhliWcaZ",
            "_version": 1,
            "_score": null,
            "_source": {
              "data_segmentid": "N/A",
              "spanId": "-1",
              "data_ext_headers": "{}",
              "data_local_ip": "10.22.113.74",
              "requestId": "1d2014b4a9741a515c5cea0fe6110a1db8365091",
              "loglevel": "INFO",
              "data_bltag": "undefined",
              "data_info_msg": "收到工作台群会话消息:{\"data\":{\"globalMsgId\":\"7061890690581882866\",\"msgType\":1,\"memberChannelAccountId\":\"accoTUV0VNyXgJiaMtjDXue\",\"groupId\":\"10776311122410340\",\"msgId\":\"2481318\",\"memberWeComId\":\"wmk9U4DAAAH7p6V2eoJJSFV_aKb2ZDeg\",\"senderId\":\"7881300710041174\",\"robotUcCode\":\"30806591\",\"memberUnionId\":\"oN7cVsw9vdxHlLRc-35N_atfwyio\",\"channelCode\":\"QUAN_LIANG\",\"chatType\":2,\"groupWeComId\":\"wrk9U4DAAAymd5ZoO6Bzi-wAwCov8JgA\",\"groupChannelId\":\"groupc9nBXusXSaMaV96I2Fiv\",\"robotSrcType\":1,\"robotChannelAccountCode\":\"accTwMar3uFRnq3mBzIe2Ay\",\"quoteGlobalMsgId\":\"\",\"msgContent\":{\"msgType\":1,\"textMsg\":{\"content\":\"上门清洗需要签免责 因为空调超过8年 以上  \"}},\"roomieMsgId\":\"DT20260629155843-GROUP-K2071504059229614081\",\"robotType\":100,\"msgTime\":\"2026-06-29 15:58:43.000\",\"senderType\":2,\"businessType\":1,\"originalData\":\"{\\\"appInfo\\\":\\\"7061890690581882866\\\",\\\"businessCode\\\":\\\"shengxinzu_zuwu\\\",\\\"channelMsgSn\\\":\\\"2481318\\\",\\\"corpName\\\":\\\"bei_ke\\\",\\\"desc\\\":\\\"\\\",\\\"eventType\\\":71003,\\\"groupId\\\":\\\"10776311122410340\\\",\\\"hint\\\":\\\"K6JicTE6JRi9flOcUmcA.4gEf1t.1782719924\\\",\\\"href\\\":\\\"\\\",\\\"md5\\\":\\\"\\\",\\\"msgContent\\\":\\\"上门清洗需要签免责 因为空调超过8年 以上  \\\",\\\"msgId\\\":\\\"2481318\\\",\\\"msgTime\\\":\\\"2026-06-29 15:58:43.000\\\",\\\"msgType\\\":1,\\\"qlAtList\\\":\\\"\\\",\\\"quoteAppInfo\\\":\\\"\\\",\\\"requestId\\\":\\\"a3120641-040e-4490-8b62-270bbf85221d\\\",\\\"robotWeworkId\\\":\\\"30806591\\\",\\\"senderType\\\":2,\\\"senderUserId\\\":\\\"7881300710041174\\\",\\\"senderUserQlId\\\":\\\"accoTUV0VNyXgJiaMtjDXue\\\",\\\"title\\\":\\\"\\\",\\\"voiceTime\\\":\\\"0\\\"}\",\"transferToNextKafka\":true,\"robotWeComCode\":\"30806591\"},\"eventTime\":1782719925369,\"eventType\":\"group_chat\"}",
              "machineName": "envType_prod__huiju-private-domain-lease-3361289013-555d9c65c6-9nh6s",
              "tid": "453460-10.22.113.74-1295-1782720119997-547",
              "sid": "453460-10.22.113.74-1295-1782720119997-546",
              "timestamp": "2026-06-29T16:01:59.997+08:00"
            },
            "fields": {
              "timestamp": [
                "2026-06-29T08:01:59.997Z"
              ]
            },
            "highlight": {
              "data_info_msg": [
                "@kibana-highlighted-field@收@/kibana-highlighted-field@@kibana-highlighted-field@到@/kibana-highlighted-field@@kibana-highlighted-field@工@/kibana-highlighted-field@@kibana-highlighted-field@作@/kibana-highlighted-field@@kibana-highlighted-field@台@/kibana-highlighted-field@@kibana-highlighted-field@群@/kibana-highlighted-field@@kibana-highlighted-field@会@/kibana-highlighted-field@@kibana-highlighted-field@话@/kibana-highlighted-field@@kibana-highlighted-field@消@/kibana-highlighted-field@@kibana-highlighted-field@息@/kibana-highlighted-field@:{\"data\":{\"globalMsgId\":\"7061890690581882866\",\"msgType\":1,\"memberChannelAccountId\":\"accoTUV0VNyXgJiaMtjDXue\",\"groupId\":\"10776311122410340\",\"msgId\":\"2481318\",\"memberWeComId\":\"wmk9U4DAAAH7p6V2eoJJSFV_aKb2ZDeg\",\"senderId\":\"7881300710041174\",\"robotUcCode\":\"30806591\",\"memberUnionId\":\"oN7cVsw9vdxHlLRc-35N_atfwyio\",\"channelCode\":\"QUAN_LIANG\",\"chatType\":2,\"groupWeComId\":\"wrk9U4DAAAymd5ZoO6Bzi-wAwCov8JgA\",\"groupChannelId\":\"groupc9nBXusXSaMaV96I2Fiv\",\"robotSrcType\":1,\"robotChannelAccountCode\":\"accTwMar3uFRnq3mBzIe2Ay\",\"quoteGlobalMsgId\":\"\",\"msgContent\":{\"msgType\":1,\"textMsg\":{\"content\":\"上门清洗需要签免责 因为空调超过8年 以上  \"}},\"roomieMsgId\":\"DT20260629155843-GROUP-K2071504059229614081\",\"robotType\":100,\"msgTime\":\"2026-06-29 15:58:43.000\",\"senderType\":2,\"businessType\":1,\"originalData\":\"{\\\"appInfo\\\":\\\"7061890690581882866\\\",\\\"businessCode\\\":\\\"shengxinzu_zuwu\\\",\\\"channelMsgSn\\\":\\\"2481318\\\",\\\"corpName\\\":\\\"bei_ke\\\",\\\"desc\\\":\\\"\\\",\\\"eventType\\\":71003,\\\"groupId\\\":\\\"10776311122410340\\\",\\\"hint\\\":\\\"K6JicTE6JRi9flOcUmcA.4gEf1t.1782719924\\\",\\\"href\\\":\\\"\\\",\\\"md5\\\":\\\"\\\",\\\"msgContent\\\":\\\"上门清洗需要签免责 因为空调超过8年 以上  \\\",\\\"msgId\\\":\\\"2481318\\\",\\\"msgTime\\\":\\\"2026-06-29 15:58:43.000\\\",\\\"msgType\\\":1,\\\"qlAtList\\\":\\\"\\\",\\\"quoteAppInfo\\\":\\\"\\\",\\\"requestId\\\":\\\"a3120641-040e-4490-8b62-270bbf85221d\\\",\\\"robotWeworkId\\\":\\\"30806591\\\",\\\"senderType\\\":2,\\\"senderUserId\\\":\\\"7881300710041174\\\",\\\"senderUserQlId\\\":\\\"accoTUV0VNyXgJiaMtjDXue\\\",\\\"title\\\":\\\"\\\",\\\"voiceTime\\\":\\\"0\\\"}\",\"transferToNextKafka\":true,\"robotWeComCode\":\"30806591\"},\"eventTime\":1782719925369,\"eventType\":\"group_chat\"}"
              ]
            },
            "sort": [
              1782720119997
            ]
          }
        ]
      },
      "aggregations": {
        "2": {
          "buckets": [
            {
              "key_as_string": "2026-06-29T15:58:00.000+08:00",
              "key": 1782719880000,
              "doc_count": 8
            },
            {
              "key_as_string": "2026-06-29T15:58:30.000+08:00",
              "key": 1782719910000,
              "doc_count": 2
            },
            {
              "key_as_string": "2026-06-29T15:59:00.000+08:00",
              "key": 1782719940000,
              "doc_count": 2
            },
            {
              "key_as_string": "2026-06-29T15:59:30.000+08:00",
              "key": 1782719970000,
              "doc_count": 628
            },
            {
              "key_as_string": "2026-06-29T16:00:00.000+08:00",
              "key": 1782720000000,
              "doc_count": 206
            },
            {
              "key_as_string": "2026-06-29T16:00:30.000+08:00",
              "key": 1782720030000,
              "doc_count": 135
            },
            {
              "key_as_string": "2026-06-29T16:01:00.000+08:00",
              "key": 1782720060000,
              "doc_count": 933
            },
            {
              "key_as_string": "2026-06-29T16:01:30.000+08:00",
              "key": 1782720090000,
              "doc_count": 940
            }
          ]
        }
      }
    },
    "total": 3,
    "loaded": 3
  }
}