{
  "meta": {
    "server": "fast106",
    "index": "index-11408-13176_2026-06-29",
    "query_time": "2026-06-29T19:02:16.838170",
    "hash": "e4af8569ec7b"
  },
  "request": {
    "params": {
      "ignoreThrottled": true,
      "preference": 1780483834299,
      "index": "index-11408-13176_2026-06-29",
      "body": {
        "version": true,
        "size": 30,
        "sort": [
          {
            "timestamp": {
              "order": "desc",
              "unmapped_type": "boolean"
            }
          }
        ],
        "aggs": {
          "2": {
            "date_histogram": {
              "field": "timestamp",
              "fixed_interval": "30s",
              "time_zone": "Asia/Shanghai",
              "min_doc_count": 1
            }
          }
        },
        "stored_fields": [
          "*"
        ],
        "script_fields": {},
        "docvalue_fields": [
          {
            "field": "timestamp",
            "format": "date_time"
          }
        ],
        "_source": {
          "excludes": []
        },
        "query": {
          "bool": {
            "must": [
              {
                "match_all": {}
              }
            ],
            "filter": [
              {
                "match_phrase": {
                  "data_info_msg": "Dubbo"
                }
              },
              {
                "range": {
                  "timestamp": {
                    "gte": "2026-06-29T02:55:00.000Z",
                    "lte": "2026-06-29T03:15:00.000Z",
                    "format": "strict_date_optional_time"
                  }
                }
              }
            ],
            "should": [],
            "must_not": []
          }
        },
        "highlight": {
          "pre_tags": [
            "@kibana-highlighted-field@"
          ],
          "post_tags": [
            "@/kibana-highlighted-field@"
          ],
          "fields": {
            "*": {}
          },
          "fragment_size": 2147483647
        }
      },
      "rest_total_hits_as_int": true,
      "ignore_unavailable": true,
      "ignore_throttled": true,
      "timeout": "30000ms"
    },
    "serverStrategy": "es"
  },
  "response": {
    "is_partial": false,
    "is_running": false,
    "rawResponse": {
      "took": 273,
      "timed_out": false,
      "_shards": {
        "total": 3,
        "successful": 3,
        "skipped": 0,
        "failed": 0
      },
      "hits": {
        "total": 703677,
        "max_score": null,
        "hits": [
          {
            "_index": "index-11408-13176_2026-06-29",
            "_type": "_doc",
            "_id": "x_lfEZ8B9P_t1W1umCl3",
            "_version": 1,
            "_score": null,
            "_source": {
              "data_segmentid": "N/A",
              "spanId": "-1",
              "data_ext_headers": "{}",
              "data_local_ip": "10.22.110.80",
              "loglevel": "INFO",
              "data_bltag": "undefined",
              "data_info_msg": "ignore dubbo metric filter",
              "machineName": "envType_prod__huiju-private-domain-lease-3361289013-555d9c65c6-7ss4r",
              "tid": "453460-10.22.110.80-2141721-1782702899886-757",
              "sid": "453460-10.22.110.80-2141721-1782702899886-756",
              "timestamp": "2026-06-29T11:14:59.999+08:00"
            },
            "fields": {
              "timestamp": [
                "2026-06-29T03:14:59.999Z"
              ]
            },
            "highlight": {
              "data_info_msg": [
                "ignore @kibana-highlighted-field@dubbo@/kibana-highlighted-field@ metric filter"
              ]
            },
            "sort": [
              1782702899999
            ]
          },
          {
            "_index": "index-11408-13176_2026-06-29",
            "_type": "_doc",
            "_id": "JyNfEZ8Bwva2ZhlimDx7",
            "_version": 1,
            "_score": null,
            "_source": {
              "data_segmentid": "N/A",
              "spanId": "-1",
              "data_ext_headers": "{}",
              "data_local_ip": "10.226.89.170",
              "loglevel": "INFO",
              "data_bltag": "undefined",
              "data_info_msg": "ignore dubbo metric filter",
              "machineName": "envType_prod__huiju-private-domain-lease-3361289013-555d9c65c6-jm4x8",
              "tid": "453460-10.226.89.170-782282-1782702899986-2341",
              "sid": "453460-10.226.89.170-782282-1782702899986-2340",
              "timestamp": "2026-06-29T11:14:59.998+08:00"
            },
            "fields": {
              "timestamp": [
                "2026-06-29T03:14:59.998Z"
              ]
            },
            "highlight": {
              "data_info_msg": [
                "ignore @kibana-highlighted-field@dubbo@/kibana-highlighted-field@ metric filter"
              ]
            },
            "sort": [
              1782702899998
            ]
          },
          {
            "_index": "index-11408-13176_2026-06-29",
            "_type": "_doc",
            "_id": "59BfEZ8BdpG7oQCUjcg3",
            "_version": 1,
            "_score": null,
            "_source": {
              "data_segmentid": "N/A",
              "spanId": "-1",
              "data_ext_headers": "{}",
              "data_local_ip": "10.226.84.58",
              "loglevel": "INFO",
              "data_bltag": "undefined",
              "data_info_msg": "ignore dubbo metric filter",
              "machineName": "envType_prod__huiju-private-domain-lease-3361289013-555d9c65c6-9cm8b",
              "tid": "453460-10.226.84.58-1518717-1782702899995-9931",
              "sid": "453460-10.226.84.58-1518717-1782702899995-9930",
              "timestamp": "2026-06-29T11:14:59.998+08:00"
            },
            "fields": {
              "timestamp": [
                "2026-06-29T03:14:59.998Z"
              ]
            },
            "highlight": {
              "data_info_msg": [
                "ignore @kibana-highlighted-field@dubbo@/kibana-highlighted-field@ metric filter"
              ]
            },
            "sort": [
              1782702899998
            ]
          },
          {
            "_index": "index-11408-13176_2026-06-29",
            "_type": "_doc",
            "_id": "7yNfEZ8Bwva2ZhlimCoW",
            "_version": 1,
            "_score": null,
            "_source": {
              "data_segmentid": "N/A",
              "spanId": "-1",
              "data_ext_headers": "{}",
              "data_local_ip": "10.22.110.80",
              "loglevel": "INFO",
              "data_bltag": "undefined",
              "data_info_msg": "ignore dubbo metric filter",
              "machineName": "envType_prod__huiju-private-domain-lease-3361289013-555d9c65c6-7ss4r",
              "tid": "453460-10.22.110.80-1305-1782702899990-1871",
              "sid": "453460-10.22.110.80-1305-1782702899990-1870",
              "timestamp": "2026-06-29T11:14:59.997+08:00"
            },
            "fields": {
              "timestamp": [
                "2026-06-29T03:14:59.997Z"
              ]
            },
            "highlight": {
              "data_info_msg": [
                "ignore @kibana-highlighted-field@dubbo@/kibana-highlighted-field@ metric filter"
              ]
            },
            "sort": [
              1782702899997
            ]
          },
          {
            "_index": "index-11408-13176_2026-06-29",
            "_type": "_doc",
            "_id": "0vhfEZ8B9P_t1W1ulEtc",
            "_version": 1,
            "_score": null,
            "_source": {
              "data_segmentid": "N/A",
              "spanId": "-1",
              "data_ext_headers": "{}",
              "data_local_ip": "10.22.119.112",
              "loglevel": "INFO",
              "data_bltag": "undefined",
              "data_info_msg": "ignore dubbo metric filter",
              "machineName": "envType_prod__huiju-private-domain-lease-3361289013-555d9c65c6-l9wgm",
              "tid": "453460-10.22.119.112-1090-1782702899929-1311",
              "sid": "453460-10.22.119.112-1090-1782702899929-1310",
              "timestamp": "2026-06-29T11:14:59.997+08:00"
            },
            "fields": {
              "timestamp": [
                "2026-06-29T03:14:59.997Z"
              ]
            },
            "highlight": {
              "data_info_msg": [
                "ignore @kibana-highlighted-field@dubbo@/kibana-highlighted-field@ metric filter"
              ]
            },
            "sort": [
              1782702899997
            ]
          },
          {
            "_index": "index-11408-13176_2026-06-29",
            "_type": "_doc",
            "_id": "ICNfEZ8Bwva2ZhlilxRc",
            "_version": 1,
            "_score": null,
            "_source": {
              "data_segmentid": "N/A",
              "spanId": "0",
              "data_ext_headers": "{}",
              "data_local_ip": "10.226.82.200",
              "loglevel": "INFO",
              "data_bltag": "undefined",
              "data_info_msg": "ignore dubbo metric filter",
              "machineName": "envType_prod__huiju-private-domain-lease-3361289013-555d9c65c6-f6htb",
              "tid": "m-p.lease.ke.com-10.22.74.88-20-1782702899969-TZZAb0cTAc",
              "sid": "453460-10.226.82.200-995716-1782702899986-2376",
              "timestamp": "2026-06-29T11:14:59.997+08:00"
            },
            "fields": {
              "timestamp": [
                "2026-06-29T03:14:59.997Z"
              ]
            },
            "highlight": {
              "data_info_msg": [
                "ignore @kibana-highlighted-field@dubbo@/kibana-highlighted-field@ metric filter"
              ]
            },
            "sort": [
              1782702899997
            ]
          },
          {
            "_index": "index-11408-13176_2026-06-29",
            "_type": "_doc",
            "_id": "mPhfEZ8B9P_t1W1ulE5c",
            "_version": 1,
            "_score": null,
            "_source": {
              "data_segmentid": "N/A",
              "spanId": "-1",
              "data_ext_headers": "{}",
              "data_local_ip": "10.22.113.74",
              "requestId": "9f59e71c5dee7f6505f05e7a54a22afee0bc64e3",
              "loglevel": "INFO",
              "data_bltag": "undefined",
              "data_info_msg": "ignore dubbo metric filter",
              "machineName": "envType_prod__huiju-private-domain-lease-3361289013-555d9c65c6-9nh6s",
              "tid": "453460-10.22.113.74-1201-1782702899994-6457",
              "sid": "453460-10.22.113.74-1201-1782702899994-6456",
              "timestamp": "2026-06-29T11:14:59.996+08:00"
            },
            "fields": {
              "timestamp": [
                "2026-06-29T03:14:59.996Z"
              ]
            },
            "highlight": {
              "data_info_msg": [
                "ignore @kibana-highlighted-field@dubbo@/kibana-highlighted-field@ metric filter"
              ]
            },
            "sort": [
              1782702899996
            ]
          },
          {
            "_index": "index-11408-13176_2026-06-29",
            "_type": "_doc",
            "_id": "ZCNfEZ8Bwva2ZhlimC0W",
            "_version": 1,
            "_score": null,
            "_source": {
              "data_segmentid": "N/A",
              "spanId": "-1",
              "data_ext_headers": "{}",
              "data_local_ip": "10.226.89.170",
              "requestId": "64b4402ac4dd483efb5753568a87b767778fc69c",
              "loglevel": "INFO",
              "data_bltag": "undefined",
              "data_info_msg": "ignore dubbo metric filter",
              "machineName": "envType_prod__huiju-private-domain-lease-3361289013-555d9c65c6-jm4x8",
              "tid": "453460-10.226.89.170-1213-1782702899959-8573",
              "sid": "453460-10.226.89.170-1213-1782702899959-8572",
              "timestamp": "2026-06-29T11:14:59.992+08:00"
            },
            "fields": {
              "timestamp": [
                "2026-06-29T03:14:59.992Z"
              ]
            },
            "highlight": {
              "data_info_msg": [
                "ignore @kibana-highlighted-field@dubbo@/kibana-highlighted-field@ metric filter"
              ]
            },
            "sort": [
              1782702899992
            ]
          },
          {
            "_index": "index-11408-13176_2026-06-29",
            "_type": "_doc",
            "_id": "5iNfEZ8Bwva2ZhlimCgQ",
            "_version": 1,
            "_score": null,
            "_source": {
              "data_segmentid": "N/A",
              "spanId": "0",
              "data_ext_headers": "{}",
              "data_local_ip": "10.226.89.170",
              "loglevel": "INFO",
              "data_bltag": "undefined",
              "data_info_msg": "ignore dubbo metric filter",
              "machineName": "envType_prod__huiju-private-domain-lease-3361289013-555d9c65c6-jm4x8",
              "tid": "m-p.lease.ke.com-10.22.111.45-20-1782702899968-wM0AeKAg3D",
              "sid": "453460-10.226.89.170-354434-1782702899987-8118",
              "timestamp": "2026-06-29T11:14:59.991+08:00"
            },
            "fields": {
              "timestamp": [
                "2026-06-29T03:14:59.991Z"
              ]
            },
            "highlight": {
              "data_info_msg": [
                "ignore @kibana-highlighted-field@dubbo@/kibana-highlighted-field@ metric filter"
              ]
            },
            "sort": [
              1782702899991
            ]
          },
          {
            "_index": "index-11408-13176_2026-06-29",
            "_type": "_doc",
            "_id": "qCJfEZ8Bwva2Zhlik8_B",
            "_version": 1,
            "_score": null,
            "_source": {
              "data_segmentid": "N/A",
              "spanId": "-1",
              "data_ext_headers": "{}",
              "data_local_ip": "10.22.113.74",
              "loglevel": "INFO",
              "data_bltag": "undefined",
              "data_info_msg": "ignore dubbo metric filter",
              "machineName": "envType_prod__huiju-private-domain-lease-3361289013-555d9c65c6-9nh6s",
              "tid": "453460-10.22.113.74-2089823-1782702899987-1051",
              "sid": "453460-10.22.113.74-2089823-1782702899987-1050",
              "timestamp": "2026-06-29T11:14:59.991+08:00"
            },
            "fields": {
              "timestamp": [
                "2026-06-29T03:14:59.991Z"
              ]
            },
            "highlight": {
              "data_info_msg": [
                "ignore @kibana-highlighted-field@dubbo@/kibana-highlighted-field@ metric filter"
              ]
            },
            "sort": [
              1782702899991
            ]
          },
          {
            "_index": "index-11408-13176_2026-06-29",
            "_type": "_doc",
            "_id": "YtFfEZ8BdpG7oQCUlewp",
            "_version": 1,
            "_score": null,
            "_source": {
              "data_segmentid": "N/A",
              "spanId": "N/A",
              "data_ext_headers": "{}",
              "data_local_ip": "10.22.113.74",
              "loglevel": "INFO",
              "data_bltag": "undefined",
              "data_info_msg": "ignore dubbo metric filter",
              "machineName": "envType_prod__huiju-private-domain-lease-3361289013-555d9c65c6-9nh6s",
              "tid": "N/A",
              "sid": "N/A",
              "timestamp": "2026-06-29T11:14:59.986+08:00"
            },
            "fields": {
              "timestamp": [
                "2026-06-29T03:14:59.986Z"
              ]
            },
            "highlight": {
              "data_info_msg": [
                "ignore @kibana-highlighted-field@dubbo@/kibana-highlighted-field@ metric filter"
              ]
            },
            "sort": [
              1782702899986
            ]
          },
          {
            "_index": "index-11408-13176_2026-06-29",
            "_type": "_doc",
            "_id": "3CJfEZ8Bwva2Zhlij47t",
            "_version": 1,
            "_score": null,
            "_source": {
              "data_segmentid": "N/A",
              "spanId": "-1",
              "data_ext_headers": "{}",
              "data_local_ip": "10.22.115.80",
              "loglevel": "INFO",
              "data_bltag": "undefined",
              "data_info_msg": "ignore dubbo metric filter",
              "machineName": "envType_prod__huiju-private-domain-lease-3361289013-555d9c65c6-rpdnz",
              "tid": "453460-10.22.115.80-1212-1782702899969-8455",
              "sid": "453460-10.22.115.80-1212-1782702899969-8454",
              "timestamp": "2026-06-29T11:14:59.986+08:00"
            },
            "fields": {
              "timestamp": [
                "2026-06-29T03:14:59.986Z"
              ]
            },
            "highlight": {
              "data_info_msg": [
                "ignore @kibana-highlighted-field@dubbo@/kibana-highlighted-field@ metric filter"
              ]
            },
            "sort": [
              1782702899986
            ]
          },
          {
            "_index": "index-11408-13176_2026-06-29",
            "_type": "_doc",
            "_id": "YSJfEZ8Bwva2Zhlik87B",
            "_version": 1,
            "_score": null,
            "_source": {
              "data_segmentid": "N/A",
              "spanId": "-1",
              "data_ext_headers": "{}",
              "data_local_ip": "10.22.119.112",
              "requestId": "3c7988a1c98d8ad460ba035db289c44834387e56",
              "loglevel": "INFO",
              "data_bltag": "undefined",
              "data_info_msg": "ignore dubbo metric filter",
              "machineName": "envType_prod__huiju-private-domain-lease-3361289013-555d9c65c6-l9wgm",
              "tid": "453460-10.22.119.112-1231-1782702899932-4301",
              "sid": "453460-10.22.119.112-1231-1782702899932-4300",
              "timestamp": "2026-06-29T11:14:59.985+08:00"
            },
            "fields": {
              "timestamp": [
                "2026-06-29T03:14:59.985Z"
              ]
            },
            "highlight": {
              "data_info_msg": [
                "ignore @kibana-highlighted-field@dubbo@/kibana-highlighted-field@ metric filter"
              ]
            },
            "sort": [
              1782702899985
            ]
          },
          {
            "_index": "index-11408-13176_2026-06-29",
            "_type": "_doc",
            "_id": "MSJfEZ8Bwva2Zhlij4iK",
            "_version": 1,
            "_score": null,
            "_source": {
              "data_segmentid": "N/A",
              "spanId": "-1",
              "data_ext_headers": "{}",
              "data_local_ip": "10.22.115.80",
              "loglevel": "INFO",
              "data_bltag": "undefined",
              "data_info_msg": "ignore dubbo metric filter",
              "machineName": "envType_prod__huiju-private-domain-lease-3361289013-555d9c65c6-rpdnz",
              "tid": "453460-10.22.115.80-1982952-1782702899962-2959",
              "sid": "453460-10.22.115.80-1982952-1782702899962-2958",
              "timestamp": "2026-06-29T11:14:59.985+08:00"
            },
            "fields": {
              "timestamp": [
                "2026-06-29T03:14:59.985Z"
              ]
            },
            "highlight": {
              "data_info_msg": [
                "ignore @kibana-highlighted-field@dubbo@/kibana-highlighted-field@ metric filter"
              ]
            },
            "sort": [
              1782702899985
            ]
          },
          {
            "_index": "index-11408-13176_2026-06-29",
            "_type": "_doc",
            "_id": "MiNfEZ8Bwva2ZhlimDp7",
            "_version": 1,
            "_score": null,
            "_source": {
              "data_segmentid": "N/A",
              "spanId": "4",
              "data_ext_headers": "{}",
              "data_local_ip": "10.22.110.80",
              "loglevel": "INFO",
              "data_bltag": "undefined",
              "data_info_msg": "ignore dubbo metric filter",
              "machineName": "envType_prod__huiju-private-domain-lease-3361289013-555d9c65c6-7ss4r",
              "tid": "512292-10.226.77.35-150-1782702899917-3011",
              "sid": "453460-10.22.110.80-1341-1782702899981-5946",
              "timestamp": "2026-06-29T11:14:59.984+08:00"
            },
            "fields": {
              "timestamp": [
                "2026-06-29T03:14:59.984Z"
              ]
            },
            "highlight": {
              "data_info_msg": [
                "ignore @kibana-highlighted-field@dubbo@/kibana-highlighted-field@ metric filter"
              ]
            },
            "sort": [
              1782702899984
            ]
          },
          {
            "_index": "index-11408-13176_2026-06-29",
            "_type": "_doc",
            "_id": "1vhfEZ8B9P_t1W1ulr-R",
            "_version": 1,
            "_score": null,
            "_source": {
              "data_segmentid": "N/A",
              "spanId": "0",
              "data_ext_headers": "{}",
              "data_local_ip": "10.22.113.74",
              "loglevel": "INFO",
              "data_bltag": "undefined",
              "data_info_msg": "ignore dubbo metric filter",
              "machineName": "envType_prod__huiju-private-domain-lease-3361289013-555d9c65c6-9nh6s",
              "tid": "m-p.lease.ke.com-10.226.75.94-20-1782702899951-3GNhIQTx0L",
              "sid": "453460-10.22.113.74-17511-1782702899964-492",
              "timestamp": "2026-06-29T11:14:59.983+08:00"
            },
            "fields": {
              "timestamp": [
                "2026-06-29T03:14:59.983Z"
              ]
            },
            "highlight": {
              "data_info_msg": [
                "ignore @kibana-highlighted-field@dubbo@/kibana-highlighted-field@ metric filter"
              ]
            },
            "sort": [
              1782702899983
            ]
          },
          {
            "_index": "index-11408-13176_2026-06-29",
            "_type": "_doc",
            "_id": "-iJfEZ8Bwva2ZhlijDqn",
            "_version": 1,
            "_score": null,
            "_source": {
              "data_segmentid": "N/A",
              "spanId": "-1",
              "data_ext_headers": "{}",
              "data_local_ip": "10.226.84.58",
              "requestId": "e4cf823668e41b7a6e352c96b97a1e7d11d72af5",
              "loglevel": "INFO",
              "data_bltag": "undefined",
              "data_info_msg": "ignore dubbo metric filter",
              "machineName": "envType_prod__huiju-private-domain-lease-3361289013-555d9c65c6-9cm8b",
              "tid": "453460-10.226.84.58-1206-1782702899693-145",
              "sid": "453460-10.226.84.58-1206-1782702899693-144",
              "timestamp": "2026-06-29T11:14:59.982+08:00"
            },
            "fields": {
              "timestamp": [
                "2026-06-29T03:14:59.982Z"
              ]
            },
            "highlight": {
              "data_info_msg": [
                "ignore @kibana-highlighted-field@dubbo@/kibana-highlighted-field@ metric filter"
              ]
            },
            "sort": [
              1782702899982
            ]
          },
          {
            "_index": "index-11408-13176_2026-06-29",
            "_type": "_doc",
            "_id": "lflfEZ8B9P_t1W1umCp3",
            "_version": 1,
            "_score": null,
            "_source": {
              "data_segmentid": "N/A",
              "spanId": "-1",
              "data_ext_headers": "{}",
              "data_local_ip": "10.226.89.170",
              "loglevel": "INFO",
              "data_bltag": "undefined",
              "data_info_msg": "ignore dubbo metric filter",
              "machineName": "envType_prod__huiju-private-domain-lease-3361289013-555d9c65c6-jm4x8",
              "tid": "453460-10.226.89.170-782208-1782702899652-2361",
              "sid": "453460-10.226.89.170-782208-1782702899652-2360",
              "timestamp": "2026-06-29T11:14:59.982+08:00"
            },
            "fields": {
              "timestamp": [
                "2026-06-29T03:14:59.982Z"
              ]
            },
            "highlight": {
              "data_info_msg": [
                "ignore @kibana-highlighted-field@dubbo@/kibana-highlighted-field@ metric filter"
              ]
            },
            "sort": [
              1782702899982
            ]
          },
          {
            "_index": "index-11408-13176_2026-06-29",
            "_type": "_doc",
            "_id": "QPZfEZ8B9P_t1W1ujfHz",
            "_version": 1,
            "_score": null,
            "_source": {
              "data_segmentid": "N/A",
              "spanId": "10",
              "data_ext_headers": "{}",
              "data_local_ip": "10.22.115.239",
              "loglevel": "INFO",
              "data_bltag": "undefined",
              "data_info_msg": "ignore dubbo metric filter",
              "machineName": "envType_prod__huiju-private-domain-lease-3361289013-555d9c65c6-7vbf6",
              "tid": "512292-10.226.85.112-167-1782702899840-387",
              "sid": "453460-10.22.115.239-1685586-1782702899978-836",
              "timestamp": "2026-06-29T11:14:59.981+08:00"
            },
            "fields": {
              "timestamp": [
                "2026-06-29T03:14:59.981Z"
              ]
            },
            "highlight": {
              "data_info_msg": [
                "ignore @kibana-highlighted-field@dubbo@/kibana-highlighted-field@ metric filter"
              ]
            },
            "sort": [
              1782702899981
            ]
          },
          {
            "_index": "index-11408-13176_2026-06-29",
            "_type": "_doc",
            "_id": "QSNfEZ8Bwva2ZhlimDp7",
            "_version": 1,
            "_score": null,
            "_source": {
              "data_segmentid": "N/A",
              "spanId": "4",
              "data_ext_headers": "{}",
              "data_local_ip": "10.226.82.200",
              "loglevel": "INFO",
              "data_bltag": "undefined",
              "data_info_msg": "ignore dubbo metric filter",
              "machineName": "envType_prod__huiju-private-domain-lease-3361289013-555d9c65c6-f6htb",
              "tid": "512292-10.226.77.35-150-1782702899917-3011",
              "sid": "453460-10.226.82.200-1923-1782702899976-2812",
              "timestamp": "2026-06-29T11:14:59.980+08:00"
            },
            "fields": {
              "timestamp": [
                "2026-06-29T03:14:59.980Z"
              ]
            },
            "highlight": {
              "data_info_msg": [
                "ignore @kibana-highlighted-field@dubbo@/kibana-highlighted-field@ metric filter"
              ]
            },
            "sort": [
              1782702899980
            ]
          },
          {
            "_index": "index-11408-13176_2026-06-29",
            "_type": "_doc",
            "_id": "QCJfEZ8Bwva2Zhlij4iK",
            "_version": 1,
            "_score": null,
            "_source": {
              "data_segmentid": "N/A",
              "spanId": "-1",
              "data_ext_headers": "{}",
              "data_local_ip": "10.22.115.80",
              "loglevel": "INFO",
              "data_bltag": "undefined",
              "data_info_msg": "ignore dubbo metric filter",
              "machineName": "envType_prod__huiju-private-domain-lease-3361289013-555d9c65c6-rpdnz",
              "tid": "453460-10.22.115.80-1212-1782702899969-8455",
              "sid": "453460-10.22.115.80-1212-1782702899969-8454",
              "timestamp": "2026-06-29T11:14:59.980+08:00"
            },
            "fields": {
              "timestamp": [
                "2026-06-29T03:14:59.980Z"
              ]
            },
            "highlight": {
              "data_info_msg": [
                "ignore @kibana-highlighted-field@dubbo@/kibana-highlighted-field@ metric filter"
              ]
            },
            "sort": [
              1782702899980
            ]
          },
          {
            "_index": "index-11408-13176_2026-06-29",
            "_type": "_doc",
            "_id": "qNFfEZ8BdpG7oQCUj1R4",
            "_version": 1,
            "_score": null,
            "_source": {
              "data_segmentid": "N/A",
              "spanId": "-1",
              "data_ext_headers": "{}",
              "data_local_ip": "10.22.115.80",
              "requestId": "456030042a37d5ff812a6072e12a28db10aaa664",
              "loglevel": "INFO",
              "data_bltag": "undefined",
              "data_info_msg": "ignore dubbo metric filter",
              "machineName": "envType_prod__huiju-private-domain-lease-3361289013-555d9c65c6-rpdnz",
              "tid": "453460-10.22.115.80-1244-1782702899817-2273",
              "sid": "453460-10.22.115.80-1244-1782702899817-2272",
              "timestamp": "2026-06-29T11:14:59.980+08:00"
            },
            "fields": {
              "timestamp": [
                "2026-06-29T03:14:59.980Z"
              ]
            },
            "highlight": {
              "data_info_msg": [
                "ignore @kibana-highlighted-field@dubbo@/kibana-highlighted-field@ metric filter"
              ]
            },
            "sort": [
              1782702899980
            ]
          },
          {
            "_index": "index-11408-13176_2026-06-29",
            "_type": "_doc",
            "_id": "4tBfEZ8BdpG7oQCUjdKz",
            "_version": 1,
            "_score": null,
            "_source": {
              "data_segmentid": "N/A",
              "spanId": "-1",
              "data_ext_headers": "{}",
              "data_local_ip": "10.22.115.239",
              "loglevel": "INFO",
              "data_bltag": "undefined",
              "data_info_msg": "ignore dubbo metric filter",
              "machineName": "envType_prod__huiju-private-domain-lease-3361289013-555d9c65c6-7vbf6",
              "tid": "453460-10.22.115.239-1100-1782702899781-7341",
              "sid": "453460-10.22.115.239-1100-1782702899781-7340",
              "timestamp": "2026-06-29T11:14:59.977+08:00"
            },
            "fields": {
              "timestamp": [
                "2026-06-29T03:14:59.977Z"
              ]
            },
            "highlight": {
              "data_info_msg": [
                "ignore @kibana-highlighted-field@dubbo@/kibana-highlighted-field@ metric filter"
              ]
            },
            "sort": [
              1782702899977
            ]
          },
          {
            "_index": "index-11408-13176_2026-06-29",
            "_type": "_doc",
            "_id": "cfhfEZ8B9P_t1W1ulE9c",
            "_version": 1,
            "_score": null,
            "_source": {
              "data_segmentid": "N/A",
              "spanId": "-1",
              "data_ext_headers": "{}",
              "data_local_ip": "10.22.113.74",
              "requestId": "13a7b3cce4df4dc4115a1aba39f317631fbf48fe",
              "loglevel": "INFO",
              "data_bltag": "undefined",
              "data_info_msg": "ignore dubbo metric filter",
              "machineName": "envType_prod__huiju-private-domain-lease-3361289013-555d9c65c6-9nh6s",
              "tid": "453460-10.22.113.74-1308-1782702899874-8721",
              "sid": "453460-10.22.113.74-1308-1782702899874-8720",
              "timestamp": "2026-06-29T11:14:59.976+08:00"
            },
            "fields": {
              "timestamp": [
                "2026-06-29T03:14:59.976Z"
              ]
            },
            "highlight": {
              "data_info_msg": [
                "ignore @kibana-highlighted-field@dubbo@/kibana-highlighted-field@ metric filter"
              ]
            },
            "sort": [
              1782702899976
            ]
          },
          {
            "_index": "index-11408-13176_2026-06-29",
            "_type": "_doc",
            "_id": "DCJfEZ8Bwva2ZhlikJZR",
            "_version": 1,
            "_score": null,
            "_source": {
              "data_segmentid": "N/A",
              "spanId": "-1",
              "data_ext_headers": "{}",
              "data_local_ip": "10.22.115.80",
              "loglevel": "INFO",
              "data_bltag": "undefined",
              "data_info_msg": "ignore dubbo metric filter",
              "machineName": "envType_prod__huiju-private-domain-lease-3361289013-555d9c65c6-rpdnz",
              "tid": "453460-10.22.115.80-1983048-1782702899938-2917",
              "sid": "453460-10.22.115.80-1983048-1782702899938-2916",
              "timestamp": "2026-06-29T11:14:59.976+08:00"
            },
            "fields": {
              "timestamp": [
                "2026-06-29T03:14:59.976Z"
              ]
            },
            "highlight": {
              "data_info_msg": [
                "ignore @kibana-highlighted-field@dubbo@/kibana-highlighted-field@ metric filter"
              ]
            },
            "sort": [
              1782702899976
            ]
          },
          {
            "_index": "index-11408-13176_2026-06-29",
            "_type": "_doc",
            "_id": "nNJfEZ8BdpG7oQCUl1SZ",
            "_version": 1,
            "_score": null,
            "_source": {
              "data_segmentid": "N/A",
              "spanId": "-1",
              "data_ext_headers": "{}",
              "data_local_ip": "10.22.110.80",
              "loglevel": "INFO",
              "data_bltag": "undefined",
              "data_info_msg": "ignore dubbo metric filter",
              "machineName": "envType_prod__huiju-private-domain-lease-3361289013-555d9c65c6-7ss4r",
              "tid": "453460-10.22.110.80-951-1782702899866-3695",
              "sid": "453460-10.22.110.80-951-1782702899866-3694",
              "timestamp": "2026-06-29T11:14:59.974+08:00"
            },
            "fields": {
              "timestamp": [
                "2026-06-29T03:14:59.974Z"
              ]
            },
            "highlight": {
              "data_info_msg": [
                "ignore @kibana-highlighted-field@dubbo@/kibana-highlighted-field@ metric filter"
              ]
            },
            "sort": [
              1782702899974
            ]
          },
          {
            "_index": "index-11408-13176_2026-06-29",
            "_type": "_doc",
            "_id": "HSNfEZ8Bwva2ZhlimCYQ",
            "_version": 1,
            "_score": null,
            "_source": {
              "data_segmentid": "N/A",
              "spanId": "-1",
              "data_ext_headers": "{}",
              "data_local_ip": "10.22.110.80",
              "requestId": "b6395de1927422e3d1540ce410770b299a8c1499",
              "loglevel": "INFO",
              "data_bltag": "undefined",
              "data_info_msg": "ignore dubbo metric filter",
              "machineName": "envType_prod__huiju-private-domain-lease-3361289013-555d9c65c6-7ss4r",
              "tid": "453460-10.22.110.80-1210-1782702899807-7995",
              "sid": "453460-10.22.110.80-1210-1782702899807-7994",
              "timestamp": "2026-06-29T11:14:59.974+08:00"
            },
            "fields": {
              "timestamp": [
                "2026-06-29T03:14:59.974Z"
              ]
            },
            "highlight": {
              "data_info_msg": [
                "ignore @kibana-highlighted-field@dubbo@/kibana-highlighted-field@ metric filter"
              ]
            },
            "sort": [
              1782702899974
            ]
          },
          {
            "_index": "index-11408-13176_2026-06-29",
            "_type": "_doc",
            "_id": "BdBfEZ8BdpG7oQCUjc5i",
            "_version": 1,
            "_score": null,
            "_source": {
              "data_segmentid": "N/A",
              "spanId": "-1",
              "data_ext_headers": "{}",
              "data_local_ip": "10.22.115.239",
              "loglevel": "INFO",
              "data_bltag": "undefined",
              "data_info_msg": "ignore dubbo metric filter",
              "machineName": "envType_prod__huiju-private-domain-lease-3361289013-555d9c65c6-7vbf6",
              "tid": "453460-10.22.115.239-1685544-1782702899746-843",
              "sid": "453460-10.22.115.239-1685544-1782702899746-842",
              "timestamp": "2026-06-29T11:14:59.974+08:00"
            },
            "fields": {
              "timestamp": [
                "2026-06-29T03:14:59.974Z"
              ]
            },
            "highlight": {
              "data_info_msg": [
                "ignore @kibana-highlighted-field@dubbo@/kibana-highlighted-field@ metric filter"
              ]
            },
            "sort": [
              1782702899974
            ]
          },
          {
            "_index": "index-11408-13176_2026-06-29",
            "_type": "_doc",
            "_id": "DflfEZ8B9P_t1W1umDOF",
            "_version": 1,
            "_score": null,
            "_source": {
              "data_segmentid": "N/A",
              "spanId": "-1",
              "data_ext_headers": "{}",
              "data_local_ip": "10.226.89.170",
              "loglevel": "INFO",
              "data_bltag": "undefined",
              "data_info_msg": "ignore dubbo metric filter",
              "machineName": "envType_prod__huiju-private-domain-lease-3361289013-555d9c65c6-jm4x8",
              "tid": "453460-10.226.89.170-105184-1782702899268-2535",
              "sid": "453460-10.226.89.170-105184-1782702899268-2534",
              "timestamp": "2026-06-29T11:14:59.973+08:00"
            },
            "fields": {
              "timestamp": [
                "2026-06-29T03:14:59.973Z"
              ]
            },
            "highlight": {
              "data_info_msg": [
                "ignore @kibana-highlighted-field@dubbo@/kibana-highlighted-field@ metric filter"
              ]
            },
            "sort": [
              1782702899973
            ]
          },
          {
            "_index": "index-11408-13176_2026-06-29",
            "_type": "_doc",
            "_id": "NvZfEZ8B9P_t1W1ujfDz",
            "_version": 1,
            "_score": null,
            "_source": {
              "data_segmentid": "N/A",
              "spanId": "11",
              "data_ext_headers": "{}",
              "data_local_ip": "10.22.115.239",
              "loglevel": "INFO",
              "data_bltag": "undefined",
              "data_info_msg": "ignore dubbo metric filter",
              "machineName": "envType_prod__huiju-private-domain-lease-3361289013-555d9c65c6-7vbf6",
              "tid": "trusteeship.link.lianjia.com-10.22.69.183-20-1782702899705-Sq57A5vmxD",
              "sid": "453460-10.22.115.239-1685736-1782702899966-798",
              "timestamp": "2026-06-29T11:14:59.973+08:00"
            },
            "fields": {
              "timestamp": [
                "2026-06-29T03:14:59.973Z"
              ]
            },
            "highlight": {
              "data_info_msg": [
                "ignore @kibana-highlighted-field@dubbo@/kibana-highlighted-field@ metric filter"
              ]
            },
            "sort": [
              1782702899973
            ]
          }
        ]
      },
      "aggregations": {
        "2": {
          "buckets": [
            {
              "key_as_string": "2026-06-29T10:55:00.000+08:00",
              "key": 1782701700000,
              "doc_count": 17467
            },
            {
              "key_as_string": "2026-06-29T10:55:30.000+08:00",
              "key": 1782701730000,
              "doc_count": 15086
            },
            {
              "key_as_string": "2026-06-29T10:56:00.000+08:00",
              "key": 1782701760000,
              "doc_count": 13617
            },
            {
              "key_as_string": "2026-06-29T10:56:30.000+08:00",
              "key": 1782701790000,
              "doc_count": 12882
            },
            {
              "key_as_string": "2026-06-29T10:57:00.000+08:00",
              "key": 1782701820000,
              "doc_count": 11101
            },
            {
              "key_as_string": "2026-06-29T10:57:30.000+08:00",
              "key": 1782701850000,
              "doc_count": 11383
            },
            {
              "key_as_string": "2026-06-29T10:58:00.000+08:00",
              "key": 1782701880000,
              "doc_count": 11419
            },
            {
              "key_as_string": "2026-06-29T10:58:30.000+08:00",
              "key": 1782701910000,
              "doc_count": 17446
            },
            {
              "key_as_string": "2026-06-29T10:59:00.000+08:00",
              "key": 1782701940000,
              "doc_count": 14318
            },
            {
              "key_as_string": "2026-06-29T10:59:30.000+08:00",
              "key": 1782701970000,
              "doc_count": 14424
            },
            {
              "key_as_string": "2026-06-29T11:00:00.000+08:00",
              "key": 1782702000000,
              "doc_count": 14353
            },
            {
              "key_as_string": "2026-06-29T11:00:30.000+08:00",
              "key": 1782702030000,
              "doc_count": 14650
            },
            {
              "key_as_string": "2026-06-29T11:01:00.000+08:00",
              "key": 1782702060000,
              "doc_count": 10636
            },
            {
              "key_as_string": "2026-06-29T11:01:30.000+08:00",
              "key": 1782702090000,
              "doc_count": 10936
            },
            {
              "key_as_string": "2026-06-29T11:02:00.000+08:00",
              "key": 1782702120000,
              "doc_count": 11446
            },
            {
              "key_as_string": "2026-06-29T11:02:30.000+08:00",
              "key": 1782702150000,
              "doc_count": 10335
            },
            {
              "key_as_string": "2026-06-29T11:03:00.000+08:00",
              "key": 1782702180000,
              "doc_count": 13179
            },
            {
              "key_as_string": "2026-06-29T11:03:30.000+08:00",
              "key": 1782702210000,
              "doc_count": 22234
            },
            {
              "key_as_string": "2026-06-29T11:04:00.000+08:00",
              "key": 1782702240000,
              "doc_count": 40891
            },
            {
              "key_as_string": "2026-06-29T11:04:30.000+08:00",
              "key": 1782702270000,
              "doc_count": 28924
            },
            {
              "key_as_string": "2026-06-29T11:05:00.000+08:00",
              "key": 1782702300000,
              "doc_count": 19251
            },
            {
              "key_as_string": "2026-06-29T11:05:30.000+08:00",
              "key": 1782702330000,
              "doc_count": 16330
            },
            {
              "key_as_string": "2026-06-29T11:06:00.000+08:00",
              "key": 1782702360000,
              "doc_count": 21076
            },
            {
              "key_as_string": "2026-06-29T11:06:30.000+08:00",
              "key": 1782702390000,
              "doc_count": 23945
            },
            {
              "key_as_string": "2026-06-29T11:07:00.000+08:00",
              "key": 1782702420000,
              "doc_count": 20761
            },
            {
              "key_as_string": "2026-06-29T11:07:30.000+08:00",
              "key": 1782702450000,
              "doc_count": 19897
            },
            {
              "key_as_string": "2026-06-29T11:08:00.000+08:00",
              "key": 1782702480000,
              "doc_count": 20326
            },
            {
              "key_as_string": "2026-06-29T11:08:30.000+08:00",
              "key": 1782702510000,
              "doc_count": 20288
            },
            {
              "key_as_string": "2026-06-29T11:09:00.000+08:00",
              "key": 1782702540000,
              "doc_count": 19731
            },
            {
              "key_as_string": "2026-06-29T11:09:30.000+08:00",
              "key": 1782702570000,
              "doc_count": 19577
            },
            {
              "key_as_string": "2026-06-29T11:10:00.000+08:00",
              "key": 1782702600000,
              "doc_count": 18800
            },
            {
              "key_as_string": "2026-06-29T11:10:30.000+08:00",
              "key": 1782702630000,
              "doc_count": 19154
            },
            {
              "key_as_string": "2026-06-29T11:11:00.000+08:00",
              "key": 1782702660000,
              "doc_count": 18533
            },
            {
              "key_as_string": "2026-06-29T11:11:30.000+08:00",
              "key": 1782702690000,
              "doc_count": 18876
            },
            {
              "key_as_string": "2026-06-29T11:12:00.000+08:00",
              "key": 1782702720000,
              "doc_count": 18554
            },
            {
              "key_as_string": "2026-06-29T11:12:30.000+08:00",
              "key": 1782702750000,
              "doc_count": 18761
            },
            {
              "key_as_string": "2026-06-29T11:13:00.000+08:00",
              "key": 1782702780000,
              "doc_count": 18180
            },
            {
              "key_as_string": "2026-06-29T11:13:30.000+08:00",
              "key": 1782702810000,
              "doc_count": 18490
            },
            {
              "key_as_string": "2026-06-29T11:14:00.000+08:00",
              "key": 1782702840000,
              "doc_count": 18044
            },
            {
              "key_as_string": "2026-06-29T11:14:30.000+08:00",
              "key": 1782702870000,
              "doc_count": 18376
            }
          ]
        }
      }
    },
    "total": 3,
    "loaded": 3
  }
}