{
  "meta": {
    "server": "fast106",
    "index": "index-11408-13176_2026-06-29",
    "query_time": "2026-06-29T19:02:35.162594",
    "hash": "f85dfbbc00ed"
  },
  "request": {
    "params": {
      "ignoreThrottled": true,
      "preference": 1780483834299,
      "index": "index-11408-13176_2026-06-29",
      "body": {
        "version": true,
        "size": 20,
        "sort": [
          {
            "timestamp": {
              "order": "desc",
              "unmapped_type": "boolean"
            }
          }
        ],
        "aggs": {
          "2": {
            "date_histogram": {
              "field": "timestamp",
              "fixed_interval": "30s",
              "time_zone": "Asia/Shanghai",
              "min_doc_count": 1
            }
          }
        },
        "stored_fields": [
          "*"
        ],
        "script_fields": {},
        "docvalue_fields": [
          {
            "field": "timestamp",
            "format": "date_time"
          }
        ],
        "_source": {
          "excludes": []
        },
        "query": {
          "bool": {
            "must": [
              {
                "query_string": {
                  "query": "/api/detail/by/contractId AND beijia-rent-app",
                  "analyze_wildcard": true,
                  "time_zone": "Asia/Shanghai"
                }
              }
            ],
            "filter": [
              {
                "range": {
                  "timestamp": {
                    "gte": "2026-06-29T04:08:00.000Z",
                    "lte": "2026-06-29T04:12:00.000Z",
                    "format": "strict_date_optional_time"
                  }
                }
              }
            ],
            "should": [],
            "must_not": []
          }
        },
        "highlight": {
          "pre_tags": [
            "@kibana-highlighted-field@"
          ],
          "post_tags": [
            "@/kibana-highlighted-field@"
          ],
          "fields": {
            "*": {}
          },
          "fragment_size": 2147483647
        }
      },
      "rest_total_hits_as_int": true,
      "ignore_unavailable": true,
      "ignore_throttled": true,
      "timeout": "30000ms"
    },
    "serverStrategy": "es"
  },
  "response": {
    "is_partial": false,
    "is_running": false,
    "rawResponse": {
      "took": 654,
      "timed_out": false,
      "_shards": {
        "total": 3,
        "successful": 3,
        "skipped": 0,
        "failed": 0
      },
      "hits": {
        "total": 187,
        "max_score": null,
        "hits": [
          {
            "_index": "index-11408-13176_2026-06-29",
            "_type": "_doc",
            "_id": "KoaTEZ8Bwva2ZhliuOeT",
            "_version": 1,
            "_score": null,
            "_source": {
              "data_segmentid": "N/A",
              "spanId": "0",
              "data_ext_headers": "{}",
              "data_local_ip": "10.226.84.58",
              "loglevel": "INFO",
              "data_bltag": "undefined",
              "data_info_msg": "{\"fromAk\":\"WEXEI5X0CCR77MT1CMPT\",\"fromIp\":\"10.19.2.5\",\"fromService\":\"beijia-rent-app\",\"interfaceType\":\"http\",\"status\":\"OK\",\"timestamp\":1782706318,\"toAppDomain\":\"http://app-center-huiju-private-domain-lease.ke.com/api/detail/by/contractId\",\"toIp\":\"10.226.84.58\",\"toService\":\"huiju-private-domain-lease\"}",
              "machineName": "envType_prod__huiju-private-domain-lease-3361289013-555d9c65c6-9cm8b",
              "tid": "452917-10.22.45.18-1920-1782706318500-5907",
              "sid": "453460-10.226.84.58-1924755-1782706318506-3066",
              "timestamp": "2026-06-29T12:11:58.510+08:00"
            },
            "fields": {
              "timestamp": [
                "2026-06-29T04:11:58.510Z"
              ]
            },
            "highlight": {
              "data_info_msg": [
                "{\"fromAk\":\"WEXEI5X0CCR77MT1CMPT\",\"fromIp\":\"10.19.2.5\",\"fromService\":\"@kibana-highlighted-field@beijia@/kibana-highlighted-field@-@kibana-highlighted-field@rent@/kibana-highlighted-field@-@kibana-highlighted-field@app@/kibana-highlighted-field@\",\"interfaceType\":\"http\",\"status\":\"OK\",\"timestamp\":1782706318,\"toAppDomain\":\"http://@kibana-highlighted-field@app@/kibana-highlighted-field@-center-huiju-private-domain-lease.ke.com/@kibana-highlighted-field@api@/kibana-highlighted-field@/@kibana-highlighted-field@detail@/kibana-highlighted-field@/@kibana-highlighted-field@by@/kibana-highlighted-field@/@kibana-highlighted-field@contractId@/kibana-highlighted-field@\",\"toIp\":\"10.226.84.58\",\"toService\":\"huiju-private-domain-lease\"}"
              ]
            },
            "sort": [
              1782706318510
            ]
          },
          {
            "_index": "index-11408-13176_2026-06-29",
            "_type": "_doc",
            "_id": "jYSTEZ8B9P_t1W1utRLC",
            "_version": 1,
            "_score": null,
            "_source": {
              "data_segmentid": "N/A",
              "spanId": "0",
              "data_ext_headers": "{}",
              "data_local_ip": "10.226.84.58",
              "loglevel": "INFO",
              "data_bltag": "undefined",
              "data_info_msg": "{\"fromAk\":\"WEXEI5X0CCR77MT1CMPT\",\"fromIp\":\"10.19.5.17\",\"fromService\":\"beijia-rent-app\",\"interfaceType\":\"http\",\"status\":\"OK\",\"timestamp\":1782706316,\"toAppDomain\":\"http://app-center-huiju-private-domain-lease.ke.com/api/detail/by/contractId\",\"toIp\":\"10.226.84.58\",\"toService\":\"huiju-private-domain-lease\"}",
              "machineName": "envType_prod__huiju-private-domain-lease-3361289013-555d9c65c6-9cm8b",
              "tid": "452917-10.22.45.230-2134-1782706316155-1431",
              "sid": "453460-10.226.84.58-1518729-1782706316158-2110",
              "timestamp": "2026-06-29T12:11:56.162+08:00"
            },
            "fields": {
              "timestamp": [
                "2026-06-29T04:11:56.162Z"
              ]
            },
            "highlight": {
              "data_info_msg": [
                "{\"fromAk\":\"WEXEI5X0CCR77MT1CMPT\",\"fromIp\":\"10.19.5.17\",\"fromService\":\"@kibana-highlighted-field@beijia@/kibana-highlighted-field@-@kibana-highlighted-field@rent@/kibana-highlighted-field@-@kibana-highlighted-field@app@/kibana-highlighted-field@\",\"interfaceType\":\"http\",\"status\":\"OK\",\"timestamp\":1782706316,\"toAppDomain\":\"http://@kibana-highlighted-field@app@/kibana-highlighted-field@-center-huiju-private-domain-lease.ke.com/@kibana-highlighted-field@api@/kibana-highlighted-field@/@kibana-highlighted-field@detail@/kibana-highlighted-field@/@kibana-highlighted-field@by@/kibana-highlighted-field@/@kibana-highlighted-field@contractId@/kibana-highlighted-field@\",\"toIp\":\"10.226.84.58\",\"toService\":\"huiju-private-domain-lease\"}"
              ]
            },
            "sort": [
              1782706316162
            ]
          },
          {
            "_index": "index-11408-13176_2026-06-29",
            "_type": "_doc",
            "_id": "GYaTEZ8Bwva2ZhlitLA_",
            "_version": 1,
            "_score": null,
            "_source": {
              "data_segmentid": "N/A",
              "spanId": "0",
              "data_ext_headers": "{}",
              "data_local_ip": "10.22.110.80",
              "loglevel": "INFO",
              "data_bltag": "undefined",
              "data_info_msg": "{\"fromAk\":\"WEXEI5X0CCR77MT1CMPT\",\"fromIp\":\"10.19.5.23\",\"fromService\":\"beijia-rent-app\",\"interfaceType\":\"http\",\"status\":\"OK\",\"timestamp\":1782706315,\"toAppDomain\":\"http://app-center-huiju-private-domain-lease.ke.com/api/detail/by/contractId\",\"toIp\":\"10.22.110.80\",\"toService\":\"huiju-private-domain-lease\"}",
              "machineName": "envType_prod__huiju-private-domain-lease-3361289013-555d9c65c6-7ss4r",
              "tid": "452917-10.22.119.6-1844-1782706315506-141",
              "sid": "453460-10.22.110.80-1894-1782706315509-7484",
              "timestamp": "2026-06-29T12:11:55.513+08:00"
            },
            "fields": {
              "timestamp": [
                "2026-06-29T04:11:55.513Z"
              ]
            },
            "highlight": {
              "data_info_msg": [
                "{\"fromAk\":\"WEXEI5X0CCR77MT1CMPT\",\"fromIp\":\"10.19.5.23\",\"fromService\":\"@kibana-highlighted-field@beijia@/kibana-highlighted-field@-@kibana-highlighted-field@rent@/kibana-highlighted-field@-@kibana-highlighted-field@app@/kibana-highlighted-field@\",\"interfaceType\":\"http\",\"status\":\"OK\",\"timestamp\":1782706315,\"toAppDomain\":\"http://@kibana-highlighted-field@app@/kibana-highlighted-field@-center-huiju-private-domain-lease.ke.com/@kibana-highlighted-field@api@/kibana-highlighted-field@/@kibana-highlighted-field@detail@/kibana-highlighted-field@/@kibana-highlighted-field@by@/kibana-highlighted-field@/@kibana-highlighted-field@contractId@/kibana-highlighted-field@\",\"toIp\":\"10.22.110.80\",\"toService\":\"huiju-private-domain-lease\"}"
              ]
            },
            "sort": [
              1782706315513
            ]
          },
          {
            "_index": "index-11408-13176_2026-06-29",
            "_type": "_doc",
            "_id": "BIaTEZ8Bwva2ZhlirCyT",
            "_version": 1,
            "_score": null,
            "_source": {
              "data_segmentid": "N/A",
              "spanId": "0",
              "data_ext_headers": "{}",
              "data_local_ip": "10.22.119.112",
              "loglevel": "INFO",
              "data_bltag": "undefined",
              "data_info_msg": "{\"fromAk\":\"WEXEI5X0CCR77MT1CMPT\",\"fromIp\":\"10.19.5.44\",\"fromService\":\"beijia-rent-app\",\"interfaceType\":\"http\",\"status\":\"OK\",\"timestamp\":1782706314,\"toAppDomain\":\"http://app-center-huiju-private-domain-lease.ke.com/api/detail/by/contractId\",\"toIp\":\"10.22.119.112\",\"toService\":\"huiju-private-domain-lease\"}",
              "machineName": "envType_prod__huiju-private-domain-lease-3361289013-555d9c65c6-l9wgm",
              "tid": "452917-10.226.89.115-2039-1782706314323-8373",
              "sid": "453460-10.22.119.112-1620962-1782706314328-2536",
              "timestamp": "2026-06-29T12:11:54.334+08:00"
            },
            "fields": {
              "timestamp": [
                "2026-06-29T04:11:54.334Z"
              ]
            },
            "highlight": {
              "data_info_msg": [
                "{\"fromAk\":\"WEXEI5X0CCR77MT1CMPT\",\"fromIp\":\"10.19.5.44\",\"fromService\":\"@kibana-highlighted-field@beijia@/kibana-highlighted-field@-@kibana-highlighted-field@rent@/kibana-highlighted-field@-@kibana-highlighted-field@app@/kibana-highlighted-field@\",\"interfaceType\":\"http\",\"status\":\"OK\",\"timestamp\":1782706314,\"toAppDomain\":\"http://@kibana-highlighted-field@app@/kibana-highlighted-field@-center-huiju-private-domain-lease.ke.com/@kibana-highlighted-field@api@/kibana-highlighted-field@/@kibana-highlighted-field@detail@/kibana-highlighted-field@/@kibana-highlighted-field@by@/kibana-highlighted-field@/@kibana-highlighted-field@contractId@/kibana-highlighted-field@\",\"toIp\":\"10.22.119.112\",\"toService\":\"huiju-private-domain-lease\"}"
              ]
            },
            "sort": [
              1782706314334
            ]
          },
          {
            "_index": "index-11408-13176_2026-06-29",
            "_type": "_doc",
            "_id": "a4WTEZ8Bwva2Zhlin2IZ",
            "_version": 1,
            "_score": null,
            "_source": {
              "data_segmentid": "N/A",
              "spanId": "0",
              "data_ext_headers": "{}",
              "data_local_ip": "10.226.82.200",
              "loglevel": "INFO",
              "data_bltag": "undefined",
              "data_info_msg": "{\"fromAk\":\"WEXEI5X0CCR77MT1CMPT\",\"fromIp\":\"10.19.2.38\",\"fromService\":\"beijia-rent-app\",\"interfaceType\":\"http\",\"status\":\"OK\",\"timestamp\":1782706312,\"toAppDomain\":\"http://app-center-huiju-private-domain-lease.ke.com/api/detail/by/contractId\",\"toIp\":\"10.226.82.200\",\"toService\":\"huiju-private-domain-lease\"}",
              "machineName": "envType_prod__huiju-private-domain-lease-3361289013-555d9c65c6-f6htb",
              "tid": "452917-10.22.58.193-2002-1782706312475-1235",
              "sid": "453460-10.226.82.200-1952852-1782706312479-326",
              "timestamp": "2026-06-29T12:11:52.483+08:00"
            },
            "fields": {
              "timestamp": [
                "2026-06-29T04:11:52.483Z"
              ]
            },
            "highlight": {
              "data_info_msg": [
                "{\"fromAk\":\"WEXEI5X0CCR77MT1CMPT\",\"fromIp\":\"10.19.2.38\",\"fromService\":\"@kibana-highlighted-field@beijia@/kibana-highlighted-field@-@kibana-highlighted-field@rent@/kibana-highlighted-field@-@kibana-highlighted-field@app@/kibana-highlighted-field@\",\"interfaceType\":\"http\",\"status\":\"OK\",\"timestamp\":1782706312,\"toAppDomain\":\"http://@kibana-highlighted-field@app@/kibana-highlighted-field@-center-huiju-private-domain-lease.ke.com/@kibana-highlighted-field@api@/kibana-highlighted-field@/@kibana-highlighted-field@detail@/kibana-highlighted-field@/@kibana-highlighted-field@by@/kibana-highlighted-field@/@kibana-highlighted-field@contractId@/kibana-highlighted-field@\",\"toIp\":\"10.226.82.200\",\"toService\":\"huiju-private-domain-lease\"}"
              ]
            },
            "sort": [
              1782706312483
            ]
          },
          {
            "_index": "index-11408-13176_2026-06-29",
            "_type": "_doc",
            "_id": "wH-TEZ8B9P_t1W1uqKK7",
            "_version": 1,
            "_score": null,
            "_source": {
              "data_segmentid": "N/A",
              "spanId": "0",
              "data_ext_headers": "{}",
              "data_local_ip": "10.226.89.170",
              "loglevel": "INFO",
              "data_bltag": "undefined",
              "data_info_msg": "身份自认证获取到合同信息 ，contractInfo: {\"bankAccountInfoDTO\":{\"accountName\":\"代津\",\"accountNumber\":\"6212263100041932828\",\"bankCode\":\"100002\",\"bankName\":\"中国工商银行\",\"branchBankCode\":\"102653001065\",\"branchBankName\":\"中国工商银行股份有限公司重庆西郊支行\"},\"base\":{\"accountingType\":1,\"afterSignCensorStatus\":-1,\"bizType\":2,\"brokerCompCode\":\"SH8888\",\"brokerOrgCode\":\"2020122500006\",\"brokerUcId\":1000000022279702,\"cellCode\":10711590739501,\"cityCode\":\"310000\",\"companyAccountName\":\"\",\"companyAccountNumber\":\"\",\"companyBankName\":\"\",\"contractCode\":\"TGCF2606641196\",\"contractId\":8773451,\"contractSubjectType\":2,\"createdTime\":1781950668000,\"customerCode\":507067540390,\"deliveryDateCheck\":1,\"fangguanCompCode\":\"V2023021753\",\"fangguanOrgCode\":\"LW6300\",\"fangguanUcId\":1000000026505299,\"fundCompCode\":\"V2023021753\",\"homeServiceCompanyMdmCode\":\"V2024005062\",\"houseCode\":107115907395,\"instanceId\":128985538,\"productType\":10,\"rateAmount\":-3256.00,\"realSignedTime\":1781953061000,\"status\":2,\"subBizType\":1},\"tenant\":{\"address\":\"上海市闵行区纪翟路130号\",\"cardCode\":\"50011019940917002X\",\"cardType\":1,\"mdmCode\":\"C26060079779\",\"name\":\"代津\",\"nationality\":\"\",\"phone\":\"13527305533\",\"urgentCardCode\":\"\",\"urgentCardType\":-1,\"urgentName\":\"女士\",\"urgentPhone\":\"15850036126\"}}",
              "machineName": "envType_prod__huiju-private-domain-lease-3361289013-555d9c65c6-jm4x8",
              "tid": "rent-mobile2-10.22.115.182-117494-1782706312237-pS8bmtHi3U",
              "sid": "453460-10.226.89.170-410678-1782706312242-5270",
              "timestamp": "2026-06-29T12:11:52.272+08:00"
            },
            "fields": {
              "timestamp": [
                "2026-06-29T04:11:52.272Z"
              ]
            },
            "highlight": {
              "data_info_msg": [
                "身份自认证获取到合同信息 ，contractInfo: {\"bankAccountInfoDTO\":{\"accountName\":\"代津\",\"accountNumber\":\"6212263100041932828\",\"bankCode\":\"100002\",\"bankName\":\"中国工商银行\",\"branchBankCode\":\"102653001065\",\"branchBankName\":\"中国工商银行股份有限公司重庆西郊支行\"},\"base\":{\"accountingType\":1,\"afterSignCensorStatus\":-1,\"bizType\":2,\"brokerCompCode\":\"SH8888\",\"brokerOrgCode\":\"2020122500006\",\"brokerUcId\":1000000022279702,\"cellCode\":10711590739501,\"cityCode\":\"310000\",\"companyAccountName\":\"\",\"companyAccountNumber\":\"\",\"companyBankName\":\"\",\"contractCode\":\"TGCF2606641196\",\"@kibana-highlighted-field@contractId@/kibana-highlighted-field@\":8773451,\"contractSubjectType\":2,\"createdTime\":1781950668000,\"customerCode\":507067540390,\"deliveryDateCheck\":1,\"fangguanCompCode\":\"V2023021753\",\"fangguanOrgCode\":\"LW6300\",\"fangguanUcId\":1000000026505299,\"fundCompCode\":\"V2023021753\",\"homeServiceCompanyMdmCode\":\"V2024005062\",\"houseCode\":107115907395,\"instanceId\":128985538,\"productType\":10,\"rateAmount\":-3256.00,\"realSignedTime\":1781953061000,\"status\":2,\"subBizType\":1},\"tenant\":{\"address\":\"上海市闵行区纪翟路130号\",\"cardCode\":\"50011019940917002X\",\"cardType\":1,\"mdmCode\":\"C26060079779\",\"name\":\"代津\",\"nationality\":\"\",\"phone\":\"13527305533\",\"urgentCardCode\":\"\",\"urgentCardType\":-1,\"urgentName\":\"女士\",\"urgentPhone\":\"15850036126\"}}"
              ],
              "tid": [
                "@kibana-highlighted-field@rent@/kibana-highlighted-field@-mobile2-10.22.115.182-117494-1782706312237-pS8bmtHi3U"
              ]
            },
            "sort": [
              1782706312272
            ]
          },
          {
            "_index": "index-11408-13176_2026-06-29",
            "_type": "_doc",
            "_id": "4L6TEZ8BdpG7oQCUmGrl",
            "_version": 1,
            "_score": null,
            "_source": {
              "data_segmentid": "N/A",
              "spanId": "0",
              "data_ext_headers": "{}",
              "data_local_ip": "10.22.115.80",
              "loglevel": "INFO",
              "data_bltag": "undefined",
              "data_info_msg": "身份自认证获取到合同信息 ，contractInfo: {\"bankAccountInfoDTO\":{\"accountName\":\"韩磊栋\",\"accountNumber\":\"6217231105000427536\",\"bankCode\":\"100002\",\"bankName\":\"中国工商银行\",\"branchBankCode\":\"102521000011\",\"branchBankName\":\"中国工商银行武汉市汉口支行\"},\"base\":{\"accountingType\":1,\"afterSignCensorStatus\":-1,\"bizType\":2,\"brokerCompCode\":\"C220506259\",\"brokerOrgCode\":\"WHDY50217\",\"brokerUcId\":1000000031445832,\"cellCode\":10411576599401,\"cityCode\":\"420100\",\"companyAccountName\":\"\",\"companyAccountNumber\":\"\",\"companyBankName\":\"\",\"contractCode\":\"TGCF2606693017\",\"contractId\":8891372,\"contractSubjectType\":2,\"createdTime\":1782658819000,\"customerCode\":504322340847,\"deliveryDateCheck\":1,\"fangguanCompCode\":\"V2022004288\",\"fangguanOrgCode\":\"LW19417\",\"fangguanUcId\":1000002100712164,\"fundCompCode\":\"V2022004288\",\"homeServiceCompanyMdmCode\":\"V2024002232\",\"houseCode\":104115765994,\"instanceId\":129906097,\"productType\":10,\"rateAmount\":-1650.00,\"realSignedTime\":1782705651000,\"status\":2,\"subBizType\":1},\"tenant\":{\"address\":\"山东省冠县清水镇清水中街村37号\",\"cardCode\":\"371525199009056394\",\"cardType\":1,\"mdmCode\":\"C26060118323\",\"name\":\"韩磊栋\",\"nationality\":\"\",\"phone\":\"15161162784\",\"urgentCardCode\":\"\",\"urgentCardType\":-1,\"urgentName\":\"姚晓\",\"urgentPhone\":\"19327815385\"}}",
              "machineName": "envType_prod__huiju-private-domain-lease-3361289013-555d9c65c6-rpdnz",
              "tid": "rent-mobile2-10.22.58.60-1077-1782706312190-UFgScbwFPQ",
              "sid": "453460-10.22.115.80-1983035-1782706312194-5366",
              "timestamp": "2026-06-29T12:11:52.224+08:00"
            },
            "fields": {
              "timestamp": [
                "2026-06-29T04:11:52.224Z"
              ]
            },
            "highlight": {
              "data_info_msg": [
                "身份自认证获取到合同信息 ，contractInfo: {\"bankAccountInfoDTO\":{\"accountName\":\"韩磊栋\",\"accountNumber\":\"6217231105000427536\",\"bankCode\":\"100002\",\"bankName\":\"中国工商银行\",\"branchBankCode\":\"102521000011\",\"branchBankName\":\"中国工商银行武汉市汉口支行\"},\"base\":{\"accountingType\":1,\"afterSignCensorStatus\":-1,\"bizType\":2,\"brokerCompCode\":\"C220506259\",\"brokerOrgCode\":\"WHDY50217\",\"brokerUcId\":1000000031445832,\"cellCode\":10411576599401,\"cityCode\":\"420100\",\"companyAccountName\":\"\",\"companyAccountNumber\":\"\",\"companyBankName\":\"\",\"contractCode\":\"TGCF2606693017\",\"@kibana-highlighted-field@contractId@/kibana-highlighted-field@\":8891372,\"contractSubjectType\":2,\"createdTime\":1782658819000,\"customerCode\":504322340847,\"deliveryDateCheck\":1,\"fangguanCompCode\":\"V2022004288\",\"fangguanOrgCode\":\"LW19417\",\"fangguanUcId\":1000002100712164,\"fundCompCode\":\"V2022004288\",\"homeServiceCompanyMdmCode\":\"V2024002232\",\"houseCode\":104115765994,\"instanceId\":129906097,\"productType\":10,\"rateAmount\":-1650.00,\"realSignedTime\":1782705651000,\"status\":2,\"subBizType\":1},\"tenant\":{\"address\":\"山东省冠县清水镇清水中街村37号\",\"cardCode\":\"371525199009056394\",\"cardType\":1,\"mdmCode\":\"C26060118323\",\"name\":\"韩磊栋\",\"nationality\":\"\",\"phone\":\"15161162784\",\"urgentCardCode\":\"\",\"urgentCardType\":-1,\"urgentName\":\"姚晓\",\"urgentPhone\":\"19327815385\"}}"
              ],
              "tid": [
                "@kibana-highlighted-field@rent@/kibana-highlighted-field@-mobile2-10.22.58.60-1077-1782706312190-UFgScbwFPQ"
              ]
            },
            "sort": [
              1782706312224
            ]
          },
          {
            "_index": "index-11408-13176_2026-06-29",
            "_type": "_doc",
            "_id": "ooWTEZ8Bwva2ZhlimRGz",
            "_version": 1,
            "_score": null,
            "_source": {
              "data_segmentid": "N/A",
              "spanId": "0",
              "data_ext_headers": "{}",
              "data_local_ip": "10.22.119.112",
              "loglevel": "INFO",
              "data_bltag": "undefined",
              "data_info_msg": "身份自认证获取到合同信息 ，contractInfo: {\"base\":{\"accountingType\":1,\"afterSignCensorStatus\":-1,\"bizType\":2,\"brokerCompCode\":\"LW4513\",\"brokerOrgCode\":\"LW18107\",\"brokerUcId\":1000000031370070,\"cellCode\":10612800698801,\"cityCode\":\"510100\",\"companyAccountName\":\"\",\"companyAccountNumber\":\"\",\"companyBankName\":\"\",\"contractCode\":\"TGCF2606804203\",\"contractId\":8855425,\"contractSubjectType\":2,\"createdTime\":1782468011000,\"customerCode\":506371732477,\"deliveryDateCheck\":1,\"fangguanCompCode\":\"CDJB8888\",\"fangguanOrgCode\":\"LW18175\",\"fangguanUcId\":1000000031012779,\"fundCompCode\":\"CDJB8888\",\"homeServiceCompanyMdmCode\":\"V2024001594\",\"houseCode\":106128006988,\"instanceId\":129679117,\"productType\":10,\"rateAmount\":0.00,\"realSignedTime\":1782479676000,\"status\":2,\"subBizType\":1},\"propertyFeeShouldPayAmountDeFault\":1005.12,\"tenant\":{\"address\":\"四川省古蔺县观文镇共和村4组38号\",\"cardCode\":\"510525200106136899\",\"cardType\":1,\"mdmCode\":\"C26060106459\",\"name\":\"赵涛\",\"nationality\":\"\",\"phone\":\"19983479509\",\"urgentCardCode\":\"\",\"urgentCardType\":-1,\"urgentName\":\"陈梦\",\"urgentPhone\":\"18389102965\"}}",
              "machineName": "envType_prod__huiju-private-domain-lease-3361289013-555d9c65c6-l9wgm",
              "tid": "rent-mobile2-10.22.120.56-115721-1782706311109-88pAcXWSll",
              "sid": "453460-10.22.119.112-1620926-1782706311116-2370",
              "timestamp": "2026-06-29T12:11:51.139+08:00"
            },
            "fields": {
              "timestamp": [
                "2026-06-29T04:11:51.139Z"
              ]
            },
            "highlight": {
              "data_info_msg": [
                "身份自认证获取到合同信息 ，contractInfo: {\"base\":{\"accountingType\":1,\"afterSignCensorStatus\":-1,\"bizType\":2,\"brokerCompCode\":\"LW4513\",\"brokerOrgCode\":\"LW18107\",\"brokerUcId\":1000000031370070,\"cellCode\":10612800698801,\"cityCode\":\"510100\",\"companyAccountName\":\"\",\"companyAccountNumber\":\"\",\"companyBankName\":\"\",\"contractCode\":\"TGCF2606804203\",\"@kibana-highlighted-field@contractId@/kibana-highlighted-field@\":8855425,\"contractSubjectType\":2,\"createdTime\":1782468011000,\"customerCode\":506371732477,\"deliveryDateCheck\":1,\"fangguanCompCode\":\"CDJB8888\",\"fangguanOrgCode\":\"LW18175\",\"fangguanUcId\":1000000031012779,\"fundCompCode\":\"CDJB8888\",\"homeServiceCompanyMdmCode\":\"V2024001594\",\"houseCode\":106128006988,\"instanceId\":129679117,\"productType\":10,\"rateAmount\":0.00,\"realSignedTime\":1782479676000,\"status\":2,\"subBizType\":1},\"propertyFeeShouldPayAmountDeFault\":1005.12,\"tenant\":{\"address\":\"四川省古蔺县观文镇共和村4组38号\",\"cardCode\":\"510525200106136899\",\"cardType\":1,\"mdmCode\":\"C26060106459\",\"name\":\"赵涛\",\"nationality\":\"\",\"phone\":\"19983479509\",\"urgentCardCode\":\"\",\"urgentCardType\":-1,\"urgentName\":\"陈梦\",\"urgentPhone\":\"18389102965\"}}"
              ],
              "tid": [
                "@kibana-highlighted-field@rent@/kibana-highlighted-field@-mobile2-10.22.120.56-115721-1782706311109-88pAcXWSll"
              ]
            },
            "sort": [
              1782706311139
            ]
          },
          {
            "_index": "index-11408-13176_2026-06-29",
            "_type": "_doc",
            "_id": "o4STEZ8Bwva2Zhlil-p7",
            "_version": 1,
            "_score": null,
            "_source": {
              "data_segmentid": "N/A",
              "spanId": "0",
              "data_ext_headers": "{}",
              "data_local_ip": "10.22.110.80",
              "loglevel": "INFO",
              "data_bltag": "undefined",
              "data_info_msg": "{\"fromAk\":\"WEXEI5X0CCR77MT1CMPT\",\"fromIp\":\"10.19.2.49\",\"fromService\":\"beijia-rent-app\",\"interfaceType\":\"http\",\"status\":\"OK\",\"timestamp\":1782706309,\"toAppDomain\":\"http://app-center-huiju-private-domain-lease.ke.com/api/detail/by/contractId\",\"toIp\":\"10.22.110.80\",\"toService\":\"huiju-private-domain-lease\"}",
              "machineName": "envType_prod__huiju-private-domain-lease-3361289013-555d9c65c6-7ss4r",
              "tid": "452917-10.226.98.188-2143-1782706309319-7701",
              "sid": "453460-10.22.110.80-1909-1782706309321-8746",
              "timestamp": "2026-06-29T12:11:49.323+08:00"
            },
            "fields": {
              "timestamp": [
                "2026-06-29T04:11:49.323Z"
              ]
            },
            "highlight": {
              "data_info_msg": [
                "{\"fromAk\":\"WEXEI5X0CCR77MT1CMPT\",\"fromIp\":\"10.19.2.49\",\"fromService\":\"@kibana-highlighted-field@beijia@/kibana-highlighted-field@-@kibana-highlighted-field@rent@/kibana-highlighted-field@-@kibana-highlighted-field@app@/kibana-highlighted-field@\",\"interfaceType\":\"http\",\"status\":\"OK\",\"timestamp\":1782706309,\"toAppDomain\":\"http://@kibana-highlighted-field@app@/kibana-highlighted-field@-center-huiju-private-domain-lease.ke.com/@kibana-highlighted-field@api@/kibana-highlighted-field@/@kibana-highlighted-field@detail@/kibana-highlighted-field@/@kibana-highlighted-field@by@/kibana-highlighted-field@/@kibana-highlighted-field@contractId@/kibana-highlighted-field@\",\"toIp\":\"10.22.110.80\",\"toService\":\"huiju-private-domain-lease\"}"
              ]
            },
            "sort": [
              1782706309323
            ]
          },
          {
            "_index": "index-11408-13176_2026-06-29",
            "_type": "_doc",
            "_id": "LnuTEZ8B9P_t1W1umCOw",
            "_version": 1,
            "_score": null,
            "_source": {
              "data_segmentid": "N/A",
              "spanId": "0",
              "data_ext_headers": "{}",
              "data_local_ip": "10.22.115.80",
              "loglevel": "INFO",
              "data_bltag": "undefined",
              "data_info_msg": "{\"fromAk\":\"WEXEI5X0CCR77MT1CMPT\",\"fromIp\":\"10.19.5.11\",\"fromService\":\"beijia-rent-app\",\"interfaceType\":\"http\",\"status\":\"OK\",\"timestamp\":1782706308,\"toAppDomain\":\"http://app-center-huiju-private-domain-lease.ke.com/api/detail/by/contractId\",\"toIp\":\"10.22.115.80\",\"toService\":\"huiju-private-domain-lease\"}",
              "machineName": "envType_prod__huiju-private-domain-lease-3361289013-555d9c65c6-rpdnz",
              "tid": "452917-10.226.66.81-2099-1782706308728-6833",
              "sid": "453460-10.22.115.80-1982908-1782706308733-5416",
              "timestamp": "2026-06-29T12:11:48.738+08:00"
            },
            "fields": {
              "timestamp": [
                "2026-06-29T04:11:48.738Z"
              ]
            },
            "highlight": {
              "data_info_msg": [
                "{\"fromAk\":\"WEXEI5X0CCR77MT1CMPT\",\"fromIp\":\"10.19.5.11\",\"fromService\":\"@kibana-highlighted-field@beijia@/kibana-highlighted-field@-@kibana-highlighted-field@rent@/kibana-highlighted-field@-@kibana-highlighted-field@app@/kibana-highlighted-field@\",\"interfaceType\":\"http\",\"status\":\"OK\",\"timestamp\":1782706308,\"toAppDomain\":\"http://@kibana-highlighted-field@app@/kibana-highlighted-field@-center-huiju-private-domain-lease.ke.com/@kibana-highlighted-field@api@/kibana-highlighted-field@/@kibana-highlighted-field@detail@/kibana-highlighted-field@/@kibana-highlighted-field@by@/kibana-highlighted-field@/@kibana-highlighted-field@contractId@/kibana-highlighted-field@\",\"toIp\":\"10.22.115.80\",\"toService\":\"huiju-private-domain-lease\"}"
              ]
            },
            "sort": [
              1782706308738
            ]
          },
          {
            "_index": "index-11408-13176_2026-06-29",
            "_type": "_doc",
            "_id": "-ryTEZ8BdpG7oQCUiJ_-",
            "_version": 1,
            "_score": null,
            "_source": {
              "data_segmentid": "N/A",
              "spanId": "-1",
              "data_ext_headers": "{}",
              "data_local_ip": "10.22.119.112",
              "requestId": "08a0752842eb14d04f2162d756e41128effb73ee",
              "loglevel": "INFO",
              "data_bltag": "undefined",
              "data_info_msg": "小程序短链params生成，shortLinkParamConfigDto:{\"path\":\"subpackages/rent/pages/webview/index\",\"programName\":\"社区生活指南\",\"programType\":6,\"source\":\"XcX_zulin_yunguanjia\",\"url\":\"https://pallas.ke.com/content/shequ/detail?content_id=1749741779573123&beikefrom=rentc_answer\"}, domain:{\"addWechatStatus\":2,\"address\":\"江汉区汉兴街红旗渠路特1号博海名居1栋B座2单元402\",\"backDate\":57600000,\"bizType\":2,\"brokerName\":\"谢雷铭\",\"brokerPhone\":\"15527837964\",\"brokerUcId\":1000000031138040,\"cityCode\":\"420100\",\"contractCode\":\"TGCF2606591574\",\"contractId\":\"8871322\",\"contractStatus\":2,\"ctime\":1782553181000,\"deliveryDate\":1782576000000,\"districtId\":\"\",\"effectEndDate\":1814112000000,\"effectStartDate\":1782662400000,\"houseId\":\"104120573763\",\"id\":4813359,\"isOwnerFriend\":0,\"isRenterFriend\":1,\"isTakeoverFriends\":0,\"managerId\":\"31353600\",\"managerName\":\"贝壳租房服务管家-惠晗\",\"managerType\":\"zuwu\",\"mtime\":1782554392000,\"nickName\":\"潜\",\"ownerFriendTime\":57600000,\"ownerName\":\"\",\"ownerOpenId\":\"\",\"ownerPhone\":\"\",\"ownerPhoneMd5\":\"\",\"ownerUnionId\":\"\",\"parentContractId\":\"\",\"payCycle\":0,\"qlOwnerAccount\":\"\",\"qlRenterAccount\":\"accQI6qmke3Z05CCkSzj6m6\",\"qlRobotId\":\"accOEXR4reIuTctCtzMsIJh\",\"renterFriendTime\":1782553227000,\"renterName\":\"张泽浩\",\"renterOpenId\":\"wmk9U4DAAAUAu1i64pUHWxI_TtiMpKFw\",\"renterPhone\":\"15653518347\",\"renterPhoneMd5\":\"b3bf7dea49a2a3bd9c3c7d6395b48892\",\"renterUnionId\":\"oN7cVs3rCQj-a9fEjmLP3CqI3Fcs\",\"resblockId\":\"3711056613745\",\"resblockName\":\"博海名居\",\"signDate\":1782554393000,\"subBizType\":1,\"takeoverManagerId\":\"\",\"takeoverRobotId\":\"\",\"waitVerify\":0,\"wechatPhone\":\"15653518347\",\"ziguanId\":\"28800410\"}",
              "machineName": "envType_prod__huiju-private-domain-lease-3361289013-555d9c65c6-l9wgm",
              "tid": "453460-10.22.119.112-1222-1782706306909-1545",
              "sid": "453460-10.22.119.112-1222-1782706306909-1544",
              "timestamp": "2026-06-29T12:11:47.729+08:00"
            },
            "fields": {
              "timestamp": [
                "2026-06-29T04:11:47.729Z"
              ]
            },
            "highlight": {
              "data_info_msg": [
                "小程序短链params生成，shortLinkParamConfigDto:{\"path\":\"subpackages/@kibana-highlighted-field@rent@/kibana-highlighted-field@/pages/webview/index\",\"programName\":\"社区生活指南\",\"programType\":6,\"source\":\"XcX_zulin_yunguanjia\",\"url\":\"https://pallas.ke.com/content/shequ/@kibana-highlighted-field@detail@/kibana-highlighted-field@?content_id=1749741779573123&beikefrom=rentc_answer\"}, domain:{\"addWechatStatus\":2,\"address\":\"江汉区汉兴街红旗渠路特1号博海名居1栋B座2单元402\",\"backDate\":57600000,\"bizType\":2,\"brokerName\":\"谢雷铭\",\"brokerPhone\":\"15527837964\",\"brokerUcId\":1000000031138040,\"cityCode\":\"420100\",\"contractCode\":\"TGCF2606591574\",\"@kibana-highlighted-field@contractId@/kibana-highlighted-field@\":\"8871322\",\"contractStatus\":2,\"ctime\":1782553181000,\"deliveryDate\":1782576000000,\"districtId\":\"\",\"effectEndDate\":1814112000000,\"effectStartDate\":1782662400000,\"houseId\":\"104120573763\",\"id\":4813359,\"isOwnerFriend\":0,\"isRenterFriend\":1,\"isTakeoverFriends\":0,\"managerId\":\"31353600\",\"managerName\":\"贝壳租房服务管家-惠晗\",\"managerType\":\"zuwu\",\"mtime\":1782554392000,\"nickName\":\"潜\",\"ownerFriendTime\":57600000,\"ownerName\":\"\",\"ownerOpenId\":\"\",\"ownerPhone\":\"\",\"ownerPhoneMd5\":\"\",\"ownerUnionId\":\"\",\"parentContractId\":\"\",\"payCycle\":0,\"qlOwnerAccount\":\"\",\"qlRenterAccount\":\"accQI6qmke3Z05CCkSzj6m6\",\"qlRobotId\":\"accOEXR4reIuTctCtzMsIJh\",\"renterFriendTime\":1782553227000,\"renterName\":\"张泽浩\",\"renterOpenId\":\"wmk9U4DAAAUAu1i64pUHWxI_TtiMpKFw\",\"renterPhone\":\"15653518347\",\"renterPhoneMd5\":\"b3bf7dea49a2a3bd9c3c7d6395b48892\",\"renterUnionId\":\"oN7cVs3rCQj-a9fEjmLP3CqI3Fcs\",\"resblockId\":\"3711056613745\",\"resblockName\":\"博海名居\",\"signDate\":1782554393000,\"subBizType\":1,\"takeoverManagerId\":\"\",\"takeoverRobotId\":\"\",\"waitVerify\":0,\"wechatPhone\":\"15653518347\",\"ziguanId\":\"28800410\"}"
              ]
            },
            "sort": [
              1782706307729
            ]
          },
          {
            "_index": "index-11408-13176_2026-06-29",
            "_type": "_doc",
            "_id": "gnaTEZ8B9P_t1W1uhpAv",
            "_version": 1,
            "_score": null,
            "_source": {
              "data_segmentid": "N/A",
              "spanId": "-1",
              "data_ext_headers": "{}",
              "data_local_ip": "10.22.119.112",
              "requestId": "08a0752842eb14d04f2162d756e41128effb73ee",
              "loglevel": "INFO",
              "data_bltag": "undefined",
              "data_info_msg": "小程序短链params生成，shortLinkParamConfigDto:{\"path\":\"subpackages/rent/pages/webview/index\",\"programName\":\"中退\",\"programType\":5,\"source\":\"XcX_zulin_yunguanjia\",\"url\":\"https://m.ke.com/chuzu/page/lease/change?orderId=*合同id*&orderCode=*合同编码*\"}, domain:{\"addWechatStatus\":2,\"address\":\"江汉区汉兴街红旗渠路特1号博海名居1栋B座2单元402\",\"backDate\":57600000,\"bizType\":2,\"brokerName\":\"谢雷铭\",\"brokerPhone\":\"15527837964\",\"brokerUcId\":1000000031138040,\"cityCode\":\"420100\",\"contractCode\":\"TGCF2606591574\",\"contractId\":\"8871322\",\"contractStatus\":2,\"ctime\":1782553181000,\"deliveryDate\":1782576000000,\"districtId\":\"\",\"effectEndDate\":1814112000000,\"effectStartDate\":1782662400000,\"houseId\":\"104120573763\",\"id\":4813359,\"isOwnerFriend\":0,\"isRenterFriend\":1,\"isTakeoverFriends\":0,\"managerId\":\"31353600\",\"managerName\":\"贝壳租房服务管家-惠晗\",\"managerType\":\"zuwu\",\"mtime\":1782554392000,\"nickName\":\"潜\",\"ownerFriendTime\":57600000,\"ownerName\":\"\",\"ownerOpenId\":\"\",\"ownerPhone\":\"\",\"ownerPhoneMd5\":\"\",\"ownerUnionId\":\"\",\"parentContractId\":\"\",\"payCycle\":0,\"qlOwnerAccount\":\"\",\"qlRenterAccount\":\"accQI6qmke3Z05CCkSzj6m6\",\"qlRobotId\":\"accOEXR4reIuTctCtzMsIJh\",\"renterFriendTime\":1782553227000,\"renterName\":\"张泽浩\",\"renterOpenId\":\"wmk9U4DAAAUAu1i64pUHWxI_TtiMpKFw\",\"renterPhone\":\"15653518347\",\"renterPhoneMd5\":\"b3bf7dea49a2a3bd9c3c7d6395b48892\",\"renterUnionId\":\"oN7cVs3rCQj-a9fEjmLP3CqI3Fcs\",\"resblockId\":\"3711056613745\",\"resblockName\":\"博海名居\",\"signDate\":1782554393000,\"subBizType\":1,\"takeoverManagerId\":\"\",\"takeoverRobotId\":\"\",\"waitVerify\":0,\"wechatPhone\":\"15653518347\",\"ziguanId\":\"28800410\"}",
              "machineName": "envType_prod__huiju-private-domain-lease-3361289013-555d9c65c6-l9wgm",
              "tid": "453460-10.22.119.112-1222-1782706306909-1545",
              "sid": "453460-10.22.119.112-1222-1782706306909-1544",
              "timestamp": "2026-06-29T12:11:47.368+08:00"
            },
            "fields": {
              "timestamp": [
                "2026-06-29T04:11:47.368Z"
              ]
            },
            "highlight": {
              "data_info_msg": [
                "小程序短链params生成，shortLinkParamConfigDto:{\"path\":\"subpackages/@kibana-highlighted-field@rent@/kibana-highlighted-field@/pages/webview/index\",\"programName\":\"中退\",\"programType\":5,\"source\":\"XcX_zulin_yunguanjia\",\"url\":\"https://m.ke.com/chuzu/page/lease/change?orderId=*合同id*&orderCode=*合同编码*\"}, domain:{\"addWechatStatus\":2,\"address\":\"江汉区汉兴街红旗渠路特1号博海名居1栋B座2单元402\",\"backDate\":57600000,\"bizType\":2,\"brokerName\":\"谢雷铭\",\"brokerPhone\":\"15527837964\",\"brokerUcId\":1000000031138040,\"cityCode\":\"420100\",\"contractCode\":\"TGCF2606591574\",\"@kibana-highlighted-field@contractId@/kibana-highlighted-field@\":\"8871322\",\"contractStatus\":2,\"ctime\":1782553181000,\"deliveryDate\":1782576000000,\"districtId\":\"\",\"effectEndDate\":1814112000000,\"effectStartDate\":1782662400000,\"houseId\":\"104120573763\",\"id\":4813359,\"isOwnerFriend\":0,\"isRenterFriend\":1,\"isTakeoverFriends\":0,\"managerId\":\"31353600\",\"managerName\":\"贝壳租房服务管家-惠晗\",\"managerType\":\"zuwu\",\"mtime\":1782554392000,\"nickName\":\"潜\",\"ownerFriendTime\":57600000,\"ownerName\":\"\",\"ownerOpenId\":\"\",\"ownerPhone\":\"\",\"ownerPhoneMd5\":\"\",\"ownerUnionId\":\"\",\"parentContractId\":\"\",\"payCycle\":0,\"qlOwnerAccount\":\"\",\"qlRenterAccount\":\"accQI6qmke3Z05CCkSzj6m6\",\"qlRobotId\":\"accOEXR4reIuTctCtzMsIJh\",\"renterFriendTime\":1782553227000,\"renterName\":\"张泽浩\",\"renterOpenId\":\"wmk9U4DAAAUAu1i64pUHWxI_TtiMpKFw\",\"renterPhone\":\"15653518347\",\"renterPhoneMd5\":\"b3bf7dea49a2a3bd9c3c7d6395b48892\",\"renterUnionId\":\"oN7cVs3rCQj-a9fEjmLP3CqI3Fcs\",\"resblockId\":\"3711056613745\",\"resblockName\":\"博海名居\",\"signDate\":1782554393000,\"subBizType\":1,\"takeoverManagerId\":\"\",\"takeoverRobotId\":\"\",\"waitVerify\":0,\"wechatPhone\":\"15653518347\",\"ziguanId\":\"28800410\"}"
              ]
            },
            "sort": [
              1782706307368
            ]
          },
          {
            "_index": "index-11408-13176_2026-06-29",
            "_type": "_doc",
            "_id": "mHeTEZ8B9P_t1W1uilNY",
            "_version": 1,
            "_score": null,
            "_source": {
              "data_segmentid": "N/A",
              "spanId": "-1",
              "data_ext_headers": "{}",
              "data_local_ip": "10.22.119.112",
              "requestId": "08a0752842eb14d04f2162d756e41128effb73ee",
              "loglevel": "INFO",
              "data_bltag": "undefined",
              "data_info_msg": "小程序短链params生成，shortLinkParamConfigDto:{\"path\":\"subpackages/rent/pages/webview/index\",\"programName\":\"水电燃\",\"programType\":4,\"source\":\"XcX_zulin_yunguanjia\",\"url\":\"https://m.ke.com/chuzu/page/guide/livingExpenses?orderId=*合同id*\"}, domain:{\"addWechatStatus\":2,\"address\":\"江汉区汉兴街红旗渠路特1号博海名居1栋B座2单元402\",\"backDate\":57600000,\"bizType\":2,\"brokerName\":\"谢雷铭\",\"brokerPhone\":\"15527837964\",\"brokerUcId\":1000000031138040,\"cityCode\":\"420100\",\"contractCode\":\"TGCF2606591574\",\"contractId\":\"8871322\",\"contractStatus\":2,\"ctime\":1782553181000,\"deliveryDate\":1782576000000,\"districtId\":\"\",\"effectEndDate\":1814112000000,\"effectStartDate\":1782662400000,\"houseId\":\"104120573763\",\"id\":4813359,\"isOwnerFriend\":0,\"isRenterFriend\":1,\"isTakeoverFriends\":0,\"managerId\":\"31353600\",\"managerName\":\"贝壳租房服务管家-惠晗\",\"managerType\":\"zuwu\",\"mtime\":1782554392000,\"nickName\":\"潜\",\"ownerFriendTime\":57600000,\"ownerName\":\"\",\"ownerOpenId\":\"\",\"ownerPhone\":\"\",\"ownerPhoneMd5\":\"\",\"ownerUnionId\":\"\",\"parentContractId\":\"\",\"payCycle\":0,\"qlOwnerAccount\":\"\",\"qlRenterAccount\":\"accQI6qmke3Z05CCkSzj6m6\",\"qlRobotId\":\"accOEXR4reIuTctCtzMsIJh\",\"renterFriendTime\":1782553227000,\"renterName\":\"张泽浩\",\"renterOpenId\":\"wmk9U4DAAAUAu1i64pUHWxI_TtiMpKFw\",\"renterPhone\":\"15653518347\",\"renterPhoneMd5\":\"b3bf7dea49a2a3bd9c3c7d6395b48892\",\"renterUnionId\":\"oN7cVs3rCQj-a9fEjmLP3CqI3Fcs\",\"resblockId\":\"3711056613745\",\"resblockName\":\"博海名居\",\"signDate\":1782554393000,\"subBizType\":1,\"takeoverManagerId\":\"\",\"takeoverRobotId\":\"\",\"waitVerify\":0,\"wechatPhone\":\"15653518347\",\"ziguanId\":\"28800410\"}",
              "machineName": "envType_prod__huiju-private-domain-lease-3361289013-555d9c65c6-l9wgm",
              "tid": "453460-10.22.119.112-1222-1782706306909-1545",
              "sid": "453460-10.22.119.112-1222-1782706306909-1544",
              "timestamp": "2026-06-29T12:11:47.186+08:00"
            },
            "fields": {
              "timestamp": [
                "2026-06-29T04:11:47.186Z"
              ]
            },
            "highlight": {
              "data_info_msg": [
                "小程序短链params生成，shortLinkParamConfigDto:{\"path\":\"subpackages/@kibana-highlighted-field@rent@/kibana-highlighted-field@/pages/webview/index\",\"programName\":\"水电燃\",\"programType\":4,\"source\":\"XcX_zulin_yunguanjia\",\"url\":\"https://m.ke.com/chuzu/page/guide/livingExpenses?orderId=*合同id*\"}, domain:{\"addWechatStatus\":2,\"address\":\"江汉区汉兴街红旗渠路特1号博海名居1栋B座2单元402\",\"backDate\":57600000,\"bizType\":2,\"brokerName\":\"谢雷铭\",\"brokerPhone\":\"15527837964\",\"brokerUcId\":1000000031138040,\"cityCode\":\"420100\",\"contractCode\":\"TGCF2606591574\",\"@kibana-highlighted-field@contractId@/kibana-highlighted-field@\":\"8871322\",\"contractStatus\":2,\"ctime\":1782553181000,\"deliveryDate\":1782576000000,\"districtId\":\"\",\"effectEndDate\":1814112000000,\"effectStartDate\":1782662400000,\"houseId\":\"104120573763\",\"id\":4813359,\"isOwnerFriend\":0,\"isRenterFriend\":1,\"isTakeoverFriends\":0,\"managerId\":\"31353600\",\"managerName\":\"贝壳租房服务管家-惠晗\",\"managerType\":\"zuwu\",\"mtime\":1782554392000,\"nickName\":\"潜\",\"ownerFriendTime\":57600000,\"ownerName\":\"\",\"ownerOpenId\":\"\",\"ownerPhone\":\"\",\"ownerPhoneMd5\":\"\",\"ownerUnionId\":\"\",\"parentContractId\":\"\",\"payCycle\":0,\"qlOwnerAccount\":\"\",\"qlRenterAccount\":\"accQI6qmke3Z05CCkSzj6m6\",\"qlRobotId\":\"accOEXR4reIuTctCtzMsIJh\",\"renterFriendTime\":1782553227000,\"renterName\":\"张泽浩\",\"renterOpenId\":\"wmk9U4DAAAUAu1i64pUHWxI_TtiMpKFw\",\"renterPhone\":\"15653518347\",\"renterPhoneMd5\":\"b3bf7dea49a2a3bd9c3c7d6395b48892\",\"renterUnionId\":\"oN7cVs3rCQj-a9fEjmLP3CqI3Fcs\",\"resblockId\":\"3711056613745\",\"resblockName\":\"博海名居\",\"signDate\":1782554393000,\"subBizType\":1,\"takeoverManagerId\":\"\",\"takeoverRobotId\":\"\",\"waitVerify\":0,\"wechatPhone\":\"15653518347\",\"ziguanId\":\"28800410\"}"
              ]
            },
            "sort": [
              1782706307186
            ]
          },
          {
            "_index": "index-11408-13176_2026-06-29",
            "_type": "_doc",
            "_id": "C3iTEZ8B9P_t1W1ujl3J",
            "_version": 1,
            "_score": null,
            "_source": {
              "data_segmentid": "N/A",
              "spanId": "0",
              "data_ext_headers": "{}",
              "data_local_ip": "10.226.89.170",
              "loglevel": "INFO",
              "data_bltag": "undefined",
              "data_info_msg": "{\"fromAk\":\"WEXEI5X0CCR77MT1CMPT\",\"fromIp\":\"10.19.2.49\",\"fromService\":\"beijia-rent-app\",\"interfaceType\":\"http\",\"status\":\"OK\",\"timestamp\":1782706306,\"toAppDomain\":\"http://app-center-huiju-private-domain-lease.ke.com/api/detail/by/contractId\",\"toIp\":\"10.226.89.170\",\"toService\":\"huiju-private-domain-lease\"}",
              "machineName": "envType_prod__huiju-private-domain-lease-3361289013-555d9c65c6-jm4x8",
              "tid": "452917-10.226.96.126-2197-1782706306944-8293",
              "sid": "453460-10.226.89.170-782321-1782706306946-4786",
              "timestamp": "2026-06-29T12:11:46.948+08:00"
            },
            "fields": {
              "timestamp": [
                "2026-06-29T04:11:46.948Z"
              ]
            },
            "highlight": {
              "data_info_msg": [
                "{\"fromAk\":\"WEXEI5X0CCR77MT1CMPT\",\"fromIp\":\"10.19.2.49\",\"fromService\":\"@kibana-highlighted-field@beijia@/kibana-highlighted-field@-@kibana-highlighted-field@rent@/kibana-highlighted-field@-@kibana-highlighted-field@app@/kibana-highlighted-field@\",\"interfaceType\":\"http\",\"status\":\"OK\",\"timestamp\":1782706306,\"toAppDomain\":\"http://@kibana-highlighted-field@app@/kibana-highlighted-field@-center-huiju-private-domain-lease.ke.com/@kibana-highlighted-field@api@/kibana-highlighted-field@/@kibana-highlighted-field@detail@/kibana-highlighted-field@/@kibana-highlighted-field@by@/kibana-highlighted-field@/@kibana-highlighted-field@contractId@/kibana-highlighted-field@\",\"toIp\":\"10.226.89.170\",\"toService\":\"huiju-private-domain-lease\"}"
              ]
            },
            "sort": [
              1782706306948
            ]
          },
          {
            "_index": "index-11408-13176_2026-06-29",
            "_type": "_doc",
            "_id": "zXaTEZ8B9P_t1W1uho4u",
            "_version": 1,
            "_score": null,
            "_source": {
              "data_segmentid": "N/A",
              "spanId": "-1",
              "data_ext_headers": "{}",
              "data_local_ip": "10.22.119.112",
              "requestId": "08a0752842eb14d04f2162d756e41128effb73ee",
              "loglevel": "INFO",
              "data_bltag": "undefined",
              "data_info_msg": "小程序短链params生成，shortLinkParamConfigDto:{\"path\":\"subpackages/rent/pages/webview/index\",\"programName\":\"维修\",\"programType\":3,\"source\":\"XcX_zulin_yunguanjia\",\"url\":\"https://life-h5.ke.com/plat#/interests?houseCode=*房源编码*&contractCode=*合同id*&channelCode=trusteeship_tenant&cityCode=*城市编码*\"}, domain:{\"addWechatStatus\":2,\"address\":\"江汉区汉兴街红旗渠路特1号博海名居1栋B座2单元402\",\"backDate\":57600000,\"bizType\":2,\"brokerName\":\"谢雷铭\",\"brokerPhone\":\"15527837964\",\"brokerUcId\":1000000031138040,\"cityCode\":\"420100\",\"contractCode\":\"TGCF2606591574\",\"contractId\":\"8871322\",\"contractStatus\":2,\"ctime\":1782553181000,\"deliveryDate\":1782576000000,\"districtId\":\"\",\"effectEndDate\":1814112000000,\"effectStartDate\":1782662400000,\"houseId\":\"104120573763\",\"id\":4813359,\"isOwnerFriend\":0,\"isRenterFriend\":1,\"isTakeoverFriends\":0,\"managerId\":\"31353600\",\"managerName\":\"贝壳租房服务管家-惠晗\",\"managerType\":\"zuwu\",\"mtime\":1782554392000,\"nickName\":\"潜\",\"ownerFriendTime\":57600000,\"ownerName\":\"\",\"ownerOpenId\":\"\",\"ownerPhone\":\"\",\"ownerPhoneMd5\":\"\",\"ownerUnionId\":\"\",\"parentContractId\":\"\",\"payCycle\":0,\"qlOwnerAccount\":\"\",\"qlRenterAccount\":\"accQI6qmke3Z05CCkSzj6m6\",\"qlRobotId\":\"accOEXR4reIuTctCtzMsIJh\",\"renterFriendTime\":1782553227000,\"renterName\":\"张泽浩\",\"renterOpenId\":\"wmk9U4DAAAUAu1i64pUHWxI_TtiMpKFw\",\"renterPhone\":\"15653518347\",\"renterPhoneMd5\":\"b3bf7dea49a2a3bd9c3c7d6395b48892\",\"renterUnionId\":\"oN7cVs3rCQj-a9fEjmLP3CqI3Fcs\",\"resblockId\":\"3711056613745\",\"resblockName\":\"博海名居\",\"signDate\":1782554393000,\"subBizType\":1,\"takeoverManagerId\":\"\",\"takeoverRobotId\":\"\",\"waitVerify\":0,\"wechatPhone\":\"15653518347\",\"ziguanId\":\"28800410\"}",
              "machineName": "envType_prod__huiju-private-domain-lease-3361289013-555d9c65c6-l9wgm",
              "tid": "453460-10.22.119.112-1222-1782706306909-1545",
              "sid": "453460-10.22.119.112-1222-1782706306909-1544",
              "timestamp": "2026-06-29T12:11:46.935+08:00"
            },
            "fields": {
              "timestamp": [
                "2026-06-29T04:11:46.935Z"
              ]
            },
            "highlight": {
              "data_info_msg": [
                "小程序短链params生成，shortLinkParamConfigDto:{\"path\":\"subpackages/@kibana-highlighted-field@rent@/kibana-highlighted-field@/pages/webview/index\",\"programName\":\"维修\",\"programType\":3,\"source\":\"XcX_zulin_yunguanjia\",\"url\":\"https://life-h5.ke.com/plat#/interests?houseCode=*房源编码*&contractCode=*合同id*&channelCode=trusteeship_tenant&cityCode=*城市编码*\"}, domain:{\"addWechatStatus\":2,\"address\":\"江汉区汉兴街红旗渠路特1号博海名居1栋B座2单元402\",\"backDate\":57600000,\"bizType\":2,\"brokerName\":\"谢雷铭\",\"brokerPhone\":\"15527837964\",\"brokerUcId\":1000000031138040,\"cityCode\":\"420100\",\"contractCode\":\"TGCF2606591574\",\"@kibana-highlighted-field@contractId@/kibana-highlighted-field@\":\"8871322\",\"contractStatus\":2,\"ctime\":1782553181000,\"deliveryDate\":1782576000000,\"districtId\":\"\",\"effectEndDate\":1814112000000,\"effectStartDate\":1782662400000,\"houseId\":\"104120573763\",\"id\":4813359,\"isOwnerFriend\":0,\"isRenterFriend\":1,\"isTakeoverFriends\":0,\"managerId\":\"31353600\",\"managerName\":\"贝壳租房服务管家-惠晗\",\"managerType\":\"zuwu\",\"mtime\":1782554392000,\"nickName\":\"潜\",\"ownerFriendTime\":57600000,\"ownerName\":\"\",\"ownerOpenId\":\"\",\"ownerPhone\":\"\",\"ownerPhoneMd5\":\"\",\"ownerUnionId\":\"\",\"parentContractId\":\"\",\"payCycle\":0,\"qlOwnerAccount\":\"\",\"qlRenterAccount\":\"accQI6qmke3Z05CCkSzj6m6\",\"qlRobotId\":\"accOEXR4reIuTctCtzMsIJh\",\"renterFriendTime\":1782553227000,\"renterName\":\"张泽浩\",\"renterOpenId\":\"wmk9U4DAAAUAu1i64pUHWxI_TtiMpKFw\",\"renterPhone\":\"15653518347\",\"renterPhoneMd5\":\"b3bf7dea49a2a3bd9c3c7d6395b48892\",\"renterUnionId\":\"oN7cVs3rCQj-a9fEjmLP3CqI3Fcs\",\"resblockId\":\"3711056613745\",\"resblockName\":\"博海名居\",\"signDate\":1782554393000,\"subBizType\":1,\"takeoverManagerId\":\"\",\"takeoverRobotId\":\"\",\"waitVerify\":0,\"wechatPhone\":\"15653518347\",\"ziguanId\":\"28800410\"}"
              ]
            },
            "sort": [
              1782706306935
            ]
          },
          {
            "_index": "index-11408-13176_2026-06-29",
            "_type": "_doc",
            "_id": "z7yTEZ8BdpG7oQCUi_W3",
            "_version": 1,
            "_score": null,
            "_source": {
              "data_segmentid": "N/A",
              "spanId": "0",
              "data_ext_headers": "{}",
              "data_local_ip": "10.226.82.200",
              "loglevel": "INFO",
              "data_bltag": "undefined",
              "data_info_msg": "{\"fromAk\":\"WEXEI5X0CCR77MT1CMPT\",\"fromIp\":\"10.19.5.19\",\"fromService\":\"beijia-rent-app\",\"interfaceType\":\"http\",\"status\":\"OK\",\"timestamp\":1782706304,\"toAppDomain\":\"http://app-center-huiju-private-domain-lease.ke.com/api/detail/by/contractId\",\"toIp\":\"10.226.82.200\",\"toService\":\"huiju-private-domain-lease\"}",
              "machineName": "envType_prod__huiju-private-domain-lease-3361289013-555d9c65c6-f6htb",
              "tid": "452917-10.226.83.45-2291-1782706304686-4461",
              "sid": "453460-10.226.82.200-1952831-1782706304690-320",
              "timestamp": "2026-06-29T12:11:44.694+08:00"
            },
            "fields": {
              "timestamp": [
                "2026-06-29T04:11:44.694Z"
              ]
            },
            "highlight": {
              "data_info_msg": [
                "{\"fromAk\":\"WEXEI5X0CCR77MT1CMPT\",\"fromIp\":\"10.19.5.19\",\"fromService\":\"@kibana-highlighted-field@beijia@/kibana-highlighted-field@-@kibana-highlighted-field@rent@/kibana-highlighted-field@-@kibana-highlighted-field@app@/kibana-highlighted-field@\",\"interfaceType\":\"http\",\"status\":\"OK\",\"timestamp\":1782706304,\"toAppDomain\":\"http://@kibana-highlighted-field@app@/kibana-highlighted-field@-center-huiju-private-domain-lease.ke.com/@kibana-highlighted-field@api@/kibana-highlighted-field@/@kibana-highlighted-field@detail@/kibana-highlighted-field@/@kibana-highlighted-field@by@/kibana-highlighted-field@/@kibana-highlighted-field@contractId@/kibana-highlighted-field@\",\"toIp\":\"10.226.82.200\",\"toService\":\"huiju-private-domain-lease\"}"
              ]
            },
            "sort": [
              1782706304694
            ]
          },
          {
            "_index": "index-11408-13176_2026-06-29",
            "_type": "_doc",
            "_id": "YnKTEZ8B9P_t1W1ueP4B",
            "_version": 1,
            "_score": null,
            "_source": {
              "data_segmentid": "N/A",
              "spanId": "0",
              "data_ext_headers": "{}",
              "data_local_ip": "10.226.82.200",
              "loglevel": "INFO",
              "data_bltag": "undefined",
              "data_info_msg": "{\"fromAk\":\"WEXEI5X0CCR77MT1CMPT\",\"fromIp\":\"10.19.5.32\",\"fromService\":\"beijia-rent-app\",\"interfaceType\":\"http\",\"status\":\"OK\",\"timestamp\":1782706302,\"toAppDomain\":\"http://app-center-huiju-private-domain-lease.ke.com/api/detail/by/contractId\",\"toIp\":\"10.226.82.200\",\"toService\":\"huiju-private-domain-lease\"}",
              "machineName": "envType_prod__huiju-private-domain-lease-3361289013-555d9c65c6-f6htb",
              "tid": "452917-10.226.89.93-2210-1782706302552-8477",
              "sid": "453460-10.226.82.200-995713-1782706302557-3314",
              "timestamp": "2026-06-29T12:11:42.560+08:00"
            },
            "fields": {
              "timestamp": [
                "2026-06-29T04:11:42.560Z"
              ]
            },
            "highlight": {
              "data_info_msg": [
                "{\"fromAk\":\"WEXEI5X0CCR77MT1CMPT\",\"fromIp\":\"10.19.5.32\",\"fromService\":\"@kibana-highlighted-field@beijia@/kibana-highlighted-field@-@kibana-highlighted-field@rent@/kibana-highlighted-field@-@kibana-highlighted-field@app@/kibana-highlighted-field@\",\"interfaceType\":\"http\",\"status\":\"OK\",\"timestamp\":1782706302,\"toAppDomain\":\"http://@kibana-highlighted-field@app@/kibana-highlighted-field@-center-huiju-private-domain-lease.ke.com/@kibana-highlighted-field@api@/kibana-highlighted-field@/@kibana-highlighted-field@detail@/kibana-highlighted-field@/@kibana-highlighted-field@by@/kibana-highlighted-field@/@kibana-highlighted-field@contractId@/kibana-highlighted-field@\",\"toIp\":\"10.226.82.200\",\"toService\":\"huiju-private-domain-lease\"}"
              ]
            },
            "sort": [
              1782706302560
            ]
          },
          {
            "_index": "index-11408-13176_2026-06-29",
            "_type": "_doc",
            "_id": "IHSTEZ8B9P_t1W1ufve9",
            "_version": 1,
            "_score": null,
            "_source": {
              "data_segmentid": "N/A",
              "spanId": "0",
              "data_ext_headers": "{}",
              "data_local_ip": "10.22.110.80",
              "loglevel": "INFO",
              "data_bltag": "undefined",
              "data_info_msg": "{\"fromAk\":\"WEXEI5X0CCR77MT1CMPT\",\"fromIp\":\"10.19.2.49\",\"fromService\":\"beijia-rent-app\",\"interfaceType\":\"http\",\"status\":\"OK\",\"timestamp\":1782706301,\"toAppDomain\":\"http://app-center-huiju-private-domain-lease.ke.com/api/detail/by/contractId\",\"toIp\":\"10.22.110.80\",\"toService\":\"huiju-private-domain-lease\"}",
              "machineName": "envType_prod__huiju-private-domain-lease-3361289013-555d9c65c6-7ss4r",
              "tid": "452917-10.226.72.61-2042-1782706301362-7077",
              "sid": "453460-10.22.110.80-2141758-1782706301364-3212",
              "timestamp": "2026-06-29T12:11:41.366+08:00"
            },
            "fields": {
              "timestamp": [
                "2026-06-29T04:11:41.366Z"
              ]
            },
            "highlight": {
              "data_info_msg": [
                "{\"fromAk\":\"WEXEI5X0CCR77MT1CMPT\",\"fromIp\":\"10.19.2.49\",\"fromService\":\"@kibana-highlighted-field@beijia@/kibana-highlighted-field@-@kibana-highlighted-field@rent@/kibana-highlighted-field@-@kibana-highlighted-field@app@/kibana-highlighted-field@\",\"interfaceType\":\"http\",\"status\":\"OK\",\"timestamp\":1782706301,\"toAppDomain\":\"http://@kibana-highlighted-field@app@/kibana-highlighted-field@-center-huiju-private-domain-lease.ke.com/@kibana-highlighted-field@api@/kibana-highlighted-field@/@kibana-highlighted-field@detail@/kibana-highlighted-field@/@kibana-highlighted-field@by@/kibana-highlighted-field@/@kibana-highlighted-field@contractId@/kibana-highlighted-field@\",\"toIp\":\"10.22.110.80\",\"toService\":\"huiju-private-domain-lease\"}"
              ]
            },
            "sort": [
              1782706301366
            ]
          },
          {
            "_index": "index-11408-13176_2026-06-29",
            "_type": "_doc",
            "_id": "c7qTEZ8BdpG7oQCUcChv",
            "_version": 1,
            "_score": null,
            "_source": {
              "data_segmentid": "N/A",
              "spanId": "0",
              "data_ext_headers": "{}",
              "data_local_ip": "10.22.115.80",
              "loglevel": "INFO",
              "data_bltag": "undefined",
              "data_info_msg": "{\"fromAk\":\"WEXEI5X0CCR77MT1CMPT\",\"fromIp\":\"10.19.2.35\",\"fromService\":\"beijia-rent-app\",\"interfaceType\":\"http\",\"status\":\"OK\",\"timestamp\":1782706300,\"toAppDomain\":\"http://app-center-huiju-private-domain-lease.ke.com/api/detail/by/contractId\",\"toIp\":\"10.22.115.80\",\"toService\":\"huiju-private-domain-lease\"}",
              "machineName": "envType_prod__huiju-private-domain-lease-3361289013-555d9c65c6-rpdnz",
              "tid": "452917-10.226.89.115-1881-1782706300540-8373",
              "sid": "453460-10.22.115.80-1982925-1782706300544-5402",
              "timestamp": "2026-06-29T12:11:40.549+08:00"
            },
            "fields": {
              "timestamp": [
                "2026-06-29T04:11:40.549Z"
              ]
            },
            "highlight": {
              "data_info_msg": [
                "{\"fromAk\":\"WEXEI5X0CCR77MT1CMPT\",\"fromIp\":\"10.19.2.35\",\"fromService\":\"@kibana-highlighted-field@beijia@/kibana-highlighted-field@-@kibana-highlighted-field@rent@/kibana-highlighted-field@-@kibana-highlighted-field@app@/kibana-highlighted-field@\",\"interfaceType\":\"http\",\"status\":\"OK\",\"timestamp\":1782706300,\"toAppDomain\":\"http://@kibana-highlighted-field@app@/kibana-highlighted-field@-center-huiju-private-domain-lease.ke.com/@kibana-highlighted-field@api@/kibana-highlighted-field@/@kibana-highlighted-field@detail@/kibana-highlighted-field@/@kibana-highlighted-field@by@/kibana-highlighted-field@/@kibana-highlighted-field@contractId@/kibana-highlighted-field@\",\"toIp\":\"10.22.115.80\",\"toService\":\"huiju-private-domain-lease\"}"
              ]
            },
            "sort": [
              1782706300549
            ]
          },
          {
            "_index": "index-11408-13176_2026-06-29",
            "_type": "_doc",
            "_id": "lbqTEZ8BdpG7oQCUbxCj",
            "_version": 1,
            "_score": null,
            "_source": {
              "data_segmentid": "N/A",
              "spanId": "0",
              "data_ext_headers": "{}",
              "data_local_ip": "10.22.115.80",
              "loglevel": "INFO",
              "data_bltag": "undefined",
              "data_info_msg": "{\"fromAk\":\"WEXEI5X0CCR77MT1CMPT\",\"fromIp\":\"10.19.2.24\",\"fromService\":\"beijia-rent-app\",\"interfaceType\":\"http\",\"status\":\"OK\",\"timestamp\":1782706298,\"toAppDomain\":\"http://app-center-huiju-private-domain-lease.ke.com/api/detail/by/contractId\",\"toIp\":\"10.22.115.80\",\"toService\":\"huiju-private-domain-lease\"}",
              "machineName": "envType_prod__huiju-private-domain-lease-3361289013-555d9c65c6-rpdnz",
              "tid": "452917-10.226.65.181-1960-1782706298332-6459",
              "sid": "453460-10.22.115.80-1315-1782706298334-1796",
              "timestamp": "2026-06-29T12:11:38.338+08:00"
            },
            "fields": {
              "timestamp": [
                "2026-06-29T04:11:38.338Z"
              ]
            },
            "highlight": {
              "data_info_msg": [
                "{\"fromAk\":\"WEXEI5X0CCR77MT1CMPT\",\"fromIp\":\"10.19.2.24\",\"fromService\":\"@kibana-highlighted-field@beijia@/kibana-highlighted-field@-@kibana-highlighted-field@rent@/kibana-highlighted-field@-@kibana-highlighted-field@app@/kibana-highlighted-field@\",\"interfaceType\":\"http\",\"status\":\"OK\",\"timestamp\":1782706298,\"toAppDomain\":\"http://@kibana-highlighted-field@app@/kibana-highlighted-field@-center-huiju-private-domain-lease.ke.com/@kibana-highlighted-field@api@/kibana-highlighted-field@/@kibana-highlighted-field@detail@/kibana-highlighted-field@/@kibana-highlighted-field@by@/kibana-highlighted-field@/@kibana-highlighted-field@contractId@/kibana-highlighted-field@\",\"toIp\":\"10.22.115.80\",\"toService\":\"huiju-private-domain-lease\"}"
              ]
            },
            "sort": [
              1782706298338
            ]
          }
        ]
      },
      "aggregations": {
        "2": {
          "buckets": [
            {
              "key_as_string": "2026-06-29T12:08:00.000+08:00",
              "key": 1782706080000,
              "doc_count": 14
            },
            {
              "key_as_string": "2026-06-29T12:08:30.000+08:00",
              "key": 1782706110000,
              "doc_count": 20
            },
            {
              "key_as_string": "2026-06-29T12:09:00.000+08:00",
              "key": 1782706140000,
              "doc_count": 29
            },
            {
              "key_as_string": "2026-06-29T12:09:30.000+08:00",
              "key": 1782706170000,
              "doc_count": 25
            },
            {
              "key_as_string": "2026-06-29T12:10:00.000+08:00",
              "key": 1782706200000,
              "doc_count": 34
            },
            {
              "key_as_string": "2026-06-29T12:10:30.000+08:00",
              "key": 1782706230000,
              "doc_count": 20
            },
            {
              "key_as_string": "2026-06-29T12:11:00.000+08:00",
              "key": 1782706260000,
              "doc_count": 19
            },
            {
              "key_as_string": "2026-06-29T12:11:30.000+08:00",
              "key": 1782706290000,
              "doc_count": 26
            }
          ]
        }
      }
    },
    "total": 3,
    "loaded": 3
  }
}