{
  "meta": {
    "server": "fast106",
    "index": "index-11408-13176_2026-06-29",
    "query_time": "2026-06-30T10:43:19.963973",
    "hash": "fc9d2df9e88f"
  },
  "request": {
    "params": {
      "ignoreThrottled": true,
      "preference": 1780483834299,
      "index": "index-11408-13176_2026-06-29",
      "body": {
        "version": true,
        "size": 800,
        "sort": [
          {
            "timestamp": {
              "order": "desc",
              "unmapped_type": "boolean"
            }
          }
        ],
        "aggs": {
          "2": {
            "date_histogram": {
              "field": "timestamp",
              "fixed_interval": "30s",
              "time_zone": "Asia/Shanghai",
              "min_doc_count": 1
            }
          }
        },
        "stored_fields": [
          "*"
        ],
        "script_fields": {},
        "docvalue_fields": [
          {
            "field": "timestamp",
            "format": "date_time"
          }
        ],
        "_source": {
          "excludes": []
        },
        "query": {
          "bool": {
            "must": [
              {
                "query_string": {
                  "query": "ruleCondition/aiAutoReply/execute",
                  "analyze_wildcard": true,
                  "time_zone": "Asia/Shanghai"
                }
              }
            ],
            "filter": [
              {
                "range": {
                  "timestamp": {
                    "gte": "2026-06-29T07:55:00.000Z",
                    "lte": "2026-06-29T08:05:00.000Z",
                    "format": "strict_date_optional_time"
                  }
                }
              }
            ],
            "should": [],
            "must_not": []
          }
        },
        "highlight": {
          "pre_tags": [
            "@kibana-highlighted-field@"
          ],
          "post_tags": [
            "@/kibana-highlighted-field@"
          ],
          "fields": {
            "*": {}
          },
          "fragment_size": 2147483647
        }
      },
      "rest_total_hits_as_int": true,
      "ignore_unavailable": true,
      "ignore_throttled": true,
      "timeout": "30000ms"
    },
    "serverStrategy": "es"
  },
  "response": {
    "id": "FjdwQWRsQmhnVHdDMDNNX3A0Zlp6RWcfSEZMWUZXT3lSM0tlTXhJQVVwTzFoUTozOTcyMjMwNw==",
    "is_partial": true,
    "is_running": true,
    "rawResponse": {
      "took": 1000,
      "timed_out": false,
      "_shards": {
        "total": 3,
        "successful": 3,
        "skipped": 0,
        "failed": 0
      },
      "hits": {
        "total": 330058,
        "max_score": null,
        "hits": []
      },
      "aggregations": {
        "2": {
          "buckets": [
            {
              "key_as_string": "2026-06-29T15:55:00.000+08:00",
              "key": 1782719700000,
              "doc_count": 6814
            },
            {
              "key_as_string": "2026-06-29T15:55:30.000+08:00",
              "key": 1782719730000,
              "doc_count": 12824
            },
            {
              "key_as_string": "2026-06-29T15:56:00.000+08:00",
              "key": 1782719760000,
              "doc_count": 21766
            },
            {
              "key_as_string": "2026-06-29T15:56:30.000+08:00",
              "key": 1782719790000,
              "doc_count": 7872
            },
            {
              "key_as_string": "2026-06-29T15:57:00.000+08:00",
              "key": 1782719820000,
              "doc_count": 2428
            },
            {
              "key_as_string": "2026-06-29T15:57:30.000+08:00",
              "key": 1782719850000,
              "doc_count": 2137
            },
            {
              "key_as_string": "2026-06-29T15:58:00.000+08:00",
              "key": 1782719880000,
              "doc_count": 1113
            },
            {
              "key_as_string": "2026-06-29T15:58:30.000+08:00",
              "key": 1782719910000,
              "doc_count": 1184
            },
            {
              "key_as_string": "2026-06-29T15:59:00.000+08:00",
              "key": 1782719940000,
              "doc_count": 1410
            },
            {
              "key_as_string": "2026-06-29T15:59:30.000+08:00",
              "key": 1782719970000,
              "doc_count": 6837
            },
            {
              "key_as_string": "2026-06-29T16:00:00.000+08:00",
              "key": 1782720000000,
              "doc_count": 14417
            },
            {
              "key_as_string": "2026-06-29T16:00:30.000+08:00",
              "key": 1782720030000,
              "doc_count": 11104
            },
            {
              "key_as_string": "2026-06-29T16:01:00.000+08:00",
              "key": 1782720060000,
              "doc_count": 21818
            },
            {
              "key_as_string": "2026-06-29T16:01:30.000+08:00",
              "key": 1782720090000,
              "doc_count": 24916
            },
            {
              "key_as_string": "2026-06-29T16:02:00.000+08:00",
              "key": 1782720120000,
              "doc_count": 29538
            },
            {
              "key_as_string": "2026-06-29T16:02:30.000+08:00",
              "key": 1782720150000,
              "doc_count": 39086
            },
            {
              "key_as_string": "2026-06-29T16:03:00.000+08:00",
              "key": 1782720180000,
              "doc_count": 37545
            },
            {
              "key_as_string": "2026-06-29T16:03:30.000+08:00",
              "key": 1782720210000,
              "doc_count": 28146
            },
            {
              "key_as_string": "2026-06-29T16:04:00.000+08:00",
              "key": 1782720240000,
              "doc_count": 28381
            },
            {
              "key_as_string": "2026-06-29T16:04:30.000+08:00",
              "key": 1782720270000,
              "doc_count": 30721
            },
            {
              "key_as_string": "2026-06-29T16:05:00.000+08:00",
              "key": 1782720300000,
              "doc_count": 1
            }
          ]
        }
      }
    },
    "total": 3,
    "loaded": 3
  }
}